#
# There is insufficient memory for the Java Runtime Environment to continue.
# Native memory allocation (mmap) failed to map 1048576 bytes for Failed to commit area from 0x000000008a200000 to 0x000000008a300000 of length 1048576.
# Possible reasons:
#   The system is out of physical RAM or swap space
#   The process is running with CompressedOops enabled, and the Java Heap may be blocking the growth of the native heap
# Possible solutions:
#   Reduce memory load on the system
#   Increase physical memory or swap space
#   Check if swap backing store is full
#   Decrease Java heap size (-Xmx/-Xms)
#   Decrease number of Java threads
#   Decrease Java thread stack sizes (-Xss)
#   Set larger code cache with -XX:ReservedCodeCacheSize=
#   JVM is running with Unscaled Compressed Oops mode in which the Java heap is
#     placed in the first 4GB address space. The Java Heap base address is the
#     maximum limit for the native heap growth. Please use -XX:HeapBaseMinAddress
#     to set the Java Heap base and to place the Java Heap above 4GB virtual address.
# This output file may be truncated or incomplete.
#
#  Out of Memory Error (t:/workspace/open/src/hotspot/os/windows/os_windows.cpp:3301), pid=11320, tid=13396
#
# JRE version: Java(TM) SE Runtime Environment (13.0.1+9) (build 13.0.1+9)
# Java VM: Java HotSpot(TM) 64-Bit Server VM (13.0.1+9, mixed mode, sharing, tiered, compressed oops, g1 gc, windows-amd64)
# No core dump will be written. Minidumps are not enabled by default on client versions of Windows
#

---------------  S U M M A R Y ------------

Command Line: -Dfile.encoding=UTF-8 --add-modules=javafx.controls --module-path=C:\Program Files\Java\javafx-sdk-11.0.2\lib\javafx-swt.jar;C:\Program Files\Java\javafx-sdk-11.0.2\lib\javafx.base.jar;C:\Program Files\Java\javafx-sdk-11.0.2\lib\javafx.controls.jar;C:\Program Files\Java\javafx-sdk-11.0.2\lib\javafx.fxml.jar;C:\Program Files\Java\javafx-sdk-11.0.2\lib\javafx.graphics.jar;C:\Program Files\Java\javafx-sdk-11.0.2\lib\javafx.media.jar;C:\Program Files\Java\javafx-sdk-11.0.2\lib\javafx.swing.jar;C:\Program Files\Java\javafx-sdk-11.0.2\lib\javafx.web.jar creditcardfx.LoginScene

Host: Intel(R) Core(TM) i5-7300HQ CPU @ 2.50GHz, 4 cores, 7G,  Windows 10 , 64 bit Build 18362 (10.0.18362.778)
Time: Tue Apr 21 17:42:57 2020 SE Asia Standard Time elapsed time: 14 seconds (0d 0h 0m 14s)

---------------  T H R E A D  ---------------

Current thread (0x00000208b37fa000):  JavaThread "JavaFX Application Thread" [_thread_in_vm, id=13396, stack(0x0000009d68c00000,0x0000009d68d00000)]

Stack: [0x0000009d68c00000,0x0000009d68d00000]
Native frames: (J=compiled Java code, j=interpreted, Vv=VM code, C=native code)
V  [jvm.dll+0x626eca]
V  [jvm.dll+0x772c6a]
V  [jvm.dll+0x77441f]
V  [jvm.dll+0x774a23]
V  [jvm.dll+0x24da58]
V  [jvm.dll+0x62438a]
V  [jvm.dll+0x618f75]
V  [jvm.dll+0x30c61c]
V  [jvm.dll+0x30c452]
V  [jvm.dll+0x311bc6]
V  [jvm.dll+0x355ce6]
V  [jvm.dll+0x3554c0]
V  [jvm.dll+0x2e7aee]
V  [jvm.dll+0x2e348f]
V  [jvm.dll+0x5c0635]
V  [jvm.dll+0x5c00bb]
V  [jvm.dll+0x1f6585]
V  [jvm.dll+0x74d307]
V  [jvm.dll+0x18208e]
C  0x000002089caf9c77

Java frames: (J=compiled Java code, j=interpreted, Vv=VM code)
v  ~RuntimeStub::new_type_array Runtime1 stub
J 3609 c1 com.sun.javafx.iio.png.PNGImageLoader2.load(IIIZZ)Lcom/sun/javafx/iio/ImageFrame; javafx.graphics (287 bytes) @ 0x000002089d7448cd [0x000002089d742ea0+0x0000000000001a2d]
J 4350 c1 com.sun.javafx.iio.ImageStorage.loadAll(Lcom/sun/javafx/iio/ImageLoader;DDZFZ)[Lcom/sun/javafx/iio/ImageFrame; javafx.graphics (143 bytes) @ 0x000002089d90d30c [0x000002089d90cfa0+0x000000000000036c]
J 4263 c1 com.sun.javafx.iio.ImageStorage.loadAll(Ljava/lang/String;Lcom/sun/javafx/iio/ImageLoadListener;DDZFZ)[Lcom/sun/javafx/iio/ImageFrame; javafx.graphics (195 bytes) @ 0x000002089d8eadb4 [0x000002089d8ea9e0+0x00000000000003d4]
J 4137 c1 com.sun.javafx.tk.quantum.PrismImageLoader2.loadAll(Ljava/lang/String;DDZFZ)V javafx.graphics (57 bytes) @ 0x000002089d893a1c [0x000002089d893840+0x00000000000001dc]
J 4134 c1 com.sun.javafx.tk.quantum.QuantumToolkit.loadImage(Ljava/lang/String;DDZZ)Lcom/sun/javafx/tk/ImageLoader; javafx.graphics (20 bytes) @ 0x000002089d892dfc [0x000002089d892be0+0x000000000000021c]
J 4130 c1 javafx.scene.image.Image.initialize(Ljava/lang/Object;)V javafx.graphics (102 bytes) @ 0x000002089d89064c [0x000002089d890100+0x000000000000054c]
J 3920 c1 creditcardfx.InfoPane.paintInfo()V (594 bytes) @ 0x000002089d81a644 [0x000002089d816da0+0x00000000000038a4]
J 4308 c1 creditcardfx.InfoPane.setHeight(D)V (10 bytes) @ 0x000002089d9052f4 [0x000002089d9050e0+0x0000000000000214]
J 4052 c2 javafx.scene.layout.Region.resize(DD)V javafx.graphics (43 bytes) @ 0x00000208a4716e38 [0x00000208a4716dc0+0x0000000000000078]
J 4401 c2 javafx.scene.layout.Region.layoutInArea(Ljavafx/scene/Node;DDDDDLjavafx/geometry/Insets;ZZLjavafx/geometry/HPos;Ljavafx/geometry/VPos;Z)V javafx.graphics (278 bytes) @ 0x00000208a4780c64 [0x00000208a4780520+0x0000000000000744]
J 3590 c1 javafx.scene.layout.VBox.layoutChildren()V javafx.graphics (240 bytes) @ 0x000002089d739bfc [0x000002089d735d00+0x0000000000003efc]
J 3751 c2 javafx.scene.Parent.layout()V javafx.graphics (160 bytes) @ 0x00000208a46bf65c [0x00000208a46beee0+0x000000000000077c]
j  javafx.scene.Group.prefWidth(D)D+8 javafx.graphics
j  javafx.scene.Group.minWidth(D)D+2 javafx.graphics
J 4311 c2 javafx.scene.layout.Region.computeChildMinAreaWidth(Ljavafx/scene/Node;DLjavafx/geometry/Insets;DZ)D javafx.graphics (256 bytes) @ 0x00000208a475e418 [0x00000208a475e360+0x00000000000000b8]
J 4244 c1 javafx.scene.layout.BorderPane.getAreaWidth(Ljavafx/scene/Node;DZ)D javafx.graphics (52 bytes) @ 0x000002089d8d140c [0x000002089d8d0b00+0x000000000000090c]
j  javafx.scene.layout.BorderPane.computeMinWidth(D)D+197 javafx.graphics
J 3620 c2 javafx.scene.layout.Region.minWidth(D)D javafx.graphics (52 bytes) @ 0x00000208a46a0da4 [0x00000208a46a0ce0+0x00000000000000c4]
j  javafx.scene.layout.BorderPane.layoutChildren()V+31 javafx.graphics
J 3751 c2 javafx.scene.Parent.layout()V javafx.graphics (160 bytes) @ 0x00000208a46bf610 [0x00000208a46beee0+0x0000000000000730]
j  javafx.scene.Scene.doLayoutPass()V+10 javafx.graphics
j  javafx.scene.Scene$ScenePulseListener.pulse()V+127 javafx.graphics
J 3407 c1 com.sun.javafx.tk.Toolkit.runPulse(Lcom/sun/javafx/tk/TKPulseListener;Ljava/security/AccessControlContext;)V javafx.graphics (26 bytes) @ 0x000002089d6bce4c [0x000002089d6bc780+0x00000000000006cc]
j  com.sun.javafx.tk.Toolkit.firePulse()V+191 javafx.graphics
j  com.sun.javafx.tk.quantum.QuantumToolkit.pulse(Z)V+93 javafx.graphics
j  com.sun.javafx.tk.quantum.QuantumToolkit.pulse()V+2 javafx.graphics
j  com.sun.javafx.tk.quantum.QuantumToolkit.pulseFromQueue()V+1 javafx.graphics
j  com.sun.javafx.tk.quantum.QuantumToolkit.lambda$runToolkit$11()V+1 javafx.graphics
j  com.sun.javafx.tk.quantum.QuantumToolkit$$Lambda$90.run()V+4 javafx.graphics
j  com.sun.glass.ui.InvokeLaterDispatcher$Future.run()V+4 javafx.graphics
v  ~StubRoutines::call_stub
j  com.sun.glass.ui.win.WinApplication._runLoop(Ljava/lang/Runnable;)V+0 javafx.graphics
j  com.sun.glass.ui.win.WinApplication.lambda$runLoop$3(ILjava/lang/Runnable;)V+8 javafx.graphics
j  com.sun.glass.ui.win.WinApplication$$Lambda$86.run()V+12 javafx.graphics
j  java.lang.Thread.run()V+11 java.base@13.0.1
v  ~StubRoutines::call_stub

---------------  P R O C E S S  ---------------

Threads class SMR info:
_java_thread_list=0x00000208b35798a0, length=17, elements={
0x00000208944fc800, 0x00000208b2b0d000, 0x00000208b2b10000, 0x00000208b2b2e800,
0x00000208b2b30800, 0x00000208b2b31800, 0x00000208b2b33000, 0x00000208b2b34800,
0x00000208b357d000, 0x00000208b3ac5800, 0x00000208b3cad000, 0x00000208b3d4e000,
0x00000208b37fa000, 0x00000208b4209000, 0x00000208b3f5d000, 0x00000208b46e7800,
0x00000208b408e000
}

Java Threads: ( => current thread )
  0x00000208944fc800 JavaThread "main" [_thread_blocked, id=15320, stack(0x0000009d67800000,0x0000009d67900000)]
  0x00000208b2b0d000 JavaThread "Reference Handler" daemon [_thread_blocked, id=9256, stack(0x0000009d67f00000,0x0000009d68000000)]
  0x00000208b2b10000 JavaThread "Finalizer" daemon [_thread_blocked, id=16904, stack(0x0000009d68000000,0x0000009d68100000)]
  0x00000208b2b2e800 JavaThread "Signal Dispatcher" daemon [_thread_blocked, id=2652, stack(0x0000009d68100000,0x0000009d68200000)]
  0x00000208b2b30800 JavaThread "Attach Listener" daemon [_thread_blocked, id=13752, stack(0x0000009d68200000,0x0000009d68300000)]
  0x00000208b2b31800 JavaThread "C2 CompilerThread0" daemon [_thread_blocked, id=16956, stack(0x0000009d68300000,0x0000009d68400000)]
  0x00000208b2b33000 JavaThread "C1 CompilerThread0" daemon [_thread_blocked, id=9344, stack(0x0000009d68400000,0x0000009d68500000)]
  0x00000208b2b34800 JavaThread "Sweeper thread" daemon [_thread_blocked, id=13828, stack(0x0000009d68500000,0x0000009d68600000)]
  0x00000208b357d000 JavaThread "Common-Cleaner" daemon [_thread_blocked, id=13460, stack(0x0000009d68600000,0x0000009d68700000)]
  0x00000208b3ac5800 JavaThread "Service Thread" daemon [_thread_blocked, id=14732, stack(0x0000009d68800000,0x0000009d68900000)]
  0x00000208b3cad000 JavaThread "QuantumRenderer-0" daemon [_thread_blocked, id=2520, stack(0x0000009d68a00000,0x0000009d68b00000)]
  0x00000208b3d4e000 JavaThread "InvokeLaterDispatcher" daemon [_thread_blocked, id=4344, stack(0x0000009d68b00000,0x0000009d68c00000)]
=>0x00000208b37fa000 JavaThread "JavaFX Application Thread" [_thread_in_vm, id=13396, stack(0x0000009d68c00000,0x0000009d68d00000)]
  0x00000208b4209000 JavaThread "JavaFX-Launcher" [_thread_blocked, id=9088, stack(0x0000009d69400000,0x0000009d69500000)]
  0x00000208b3f5d000 JavaThread "Thread-2" daemon [_thread_in_native, id=10256, stack(0x0000009d69300000,0x0000009d69400000)]
  0x00000208b46e7800 JavaThread "Prism Font Disposer" daemon [_thread_blocked, id=15780, stack(0x0000009d69800000,0x0000009d69900000)]
  0x00000208b408e000 JavaThread "Cleaner-0" daemon [_thread_blocked, id=13292, stack(0x0000009d69a00000,0x0000009d69b00000)]

Other Threads:
  0x00000208b2b07800 VMThread "VM Thread" [stack: 0x0000009d67e00000,0x0000009d67f00000] [id=16392]
  0x00000208b388e000 WatcherThread [stack: 0x0000009d68900000,0x0000009d68a00000] [id=7988]
  0x0000020894542000 GCTaskThread "GC Thread#0" [stack: 0x0000009d67900000,0x0000009d67a00000] [id=1636]
  0x00000208b3da9000 GCTaskThread "GC Thread#1" [stack: 0x0000009d69000000,0x0000009d69100000] [id=8432]
  0x00000208b3ef9000 GCTaskThread "GC Thread#2" [stack: 0x0000009d69100000,0x0000009d69200000] [id=12040]
  0x00000208b3d9c000 GCTaskThread "GC Thread#3" [stack: 0x0000009d69200000,0x0000009d69300000] [id=15204]
  0x0000020894553000 ConcurrentGCThread "G1 Main Marker" [stack: 0x0000009d67a00000,0x0000009d67b00000] [id=10744]
  0x0000020894554800 ConcurrentGCThread "G1 Conc#0" [stack: 0x0000009d67b00000,0x0000009d67c00000] [id=4080]
  0x00000208945ce800 ConcurrentGCThread "G1 Refine#0" [stack: 0x0000009d67c00000,0x0000009d67d00000] [id=8396]
  0x00000208b2983800 ConcurrentGCThread "G1 Young RemSet Sampling" [stack: 0x0000009d67d00000,0x0000009d67e00000] [id=14488]

Threads with active compile tasks:

VM state:not at safepoint (normal execution)

VM Mutex/Monitor currently owned by a thread:  ([mutex/lock_event])
[0x00000208944f8b40] Heap_lock - owner thread: 0x00000208b37fa000

Heap address: 0x0000000081c00000, size: 2020 MB, Compressed Oops mode: 32-bit
Narrow klass base: 0x0000000800000000, Narrow klass shift: 3
Compressed class space size: 1073741824 Address: 0x0000000800b40000

Heap:
 garbage-first heap   total 139264K, used 129992K [0x0000000081c00000, 0x0000000100000000)
  region size 1024K, 12 young (12288K), 1 survivors (1024K)
 Metaspace       used 16605K, capacity 18282K, committed 18560K, reserved 1064960K
  class space    used 2198K, capacity 2611K, committed 2688K, reserved 1048576K
Heap Regions: E=young(eden), S=young(survivor), O=old, HS=humongous(starts), HC=humongous(continues), CS=collection set, F=free, A=archive, TAMS=top-at-mark-start (previous, next)
|   0|0x0000000081c00000, 0x0000000081c2e800, 0x0000000081d00000| 18%| O|  |TAMS 0x0000000081c2e800, 0x0000000081c00000| Complete 
|   1|0x0000000081d00000, 0x0000000081e00000, 0x0000000081e00000|100%|HS|  |TAMS 0x0000000081d00000, 0x0000000081d00000| Complete 
|   2|0x0000000081e00000, 0x0000000081f00000, 0x0000000081f00000|100%|HS|  |TAMS 0x0000000081e00000, 0x0000000081e00000| Complete 
|   3|0x0000000081f00000, 0x0000000082000000, 0x0000000082000000|100%|HS|  |TAMS 0x0000000081f00000, 0x0000000081f00000| Complete 
|   4|0x0000000082000000, 0x0000000082100000, 0x0000000082100000|100%|HS|  |TAMS 0x0000000082000000, 0x0000000082000000| Complete 
|   5|0x0000000082100000, 0x0000000082200000, 0x0000000082200000|100%|HS|  |TAMS 0x0000000082200000, 0x0000000082100000| Complete 
|   6|0x0000000082200000, 0x0000000082300000, 0x0000000082300000|100%|HC|  |TAMS 0x0000000082300000, 0x0000000082200000| Complete 
|   7|0x0000000082300000, 0x0000000082400000, 0x0000000082400000|100%|HS|  |TAMS 0x0000000082300000, 0x0000000082300000| Complete 
|   8|0x0000000082400000, 0x0000000082500000, 0x0000000082500000|100%|HS|  |TAMS 0x0000000082400000, 0x0000000082400000| Complete 
|   9|0x0000000082500000, 0x0000000082600000, 0x0000000082600000|100%|HS|  |TAMS 0x0000000082500000, 0x0000000082500000| Complete 
|  10|0x0000000082600000, 0x0000000082700000, 0x0000000082700000|100%|HS|  |TAMS 0x0000000082600000, 0x0000000082600000| Complete 
|  11|0x0000000082700000, 0x0000000082800000, 0x0000000082800000|100%| O|  |TAMS 0x0000000082800000, 0x0000000082700000| Untracked 
|  12|0x0000000082800000, 0x0000000082900000, 0x0000000082900000|100%| O|  |TAMS 0x0000000082900000, 0x0000000082800000| Untracked 
|  13|0x0000000082900000, 0x0000000082986e00, 0x0000000082a00000| 52%| O|  |TAMS 0x0000000082986e00, 0x0000000082900000| Complete 
|  14|0x0000000082a00000, 0x0000000082a55e00, 0x0000000082b00000| 33%| O|  |TAMS 0x0000000082a55e00, 0x0000000082a00000| Complete 
|  15|0x0000000082b00000, 0x0000000082c00000, 0x0000000082c00000|100%| O|  |TAMS 0x0000000082c00000, 0x0000000082b00000| Untracked 
|  16|0x0000000082c00000, 0x0000000082d00000, 0x0000000082d00000|100%|HS|  |TAMS 0x0000000082c00000, 0x0000000082c00000| Complete 
|  17|0x0000000082d00000, 0x0000000082d7be00, 0x0000000082e00000| 48%| O|  |TAMS 0x0000000082d7be00, 0x0000000082d00000| Complete 
|  18|0x0000000082e00000, 0x0000000082f00000, 0x0000000082f00000|100%|HS|  |TAMS 0x0000000082e00000, 0x0000000082e00000| Complete 
|  19|0x0000000082f00000, 0x0000000083000000, 0x0000000083000000|100%| O|  |TAMS 0x0000000083000000, 0x0000000082f00000| Untracked 
|  20|0x0000000083000000, 0x0000000083100000, 0x0000000083100000|100%| O|  |TAMS 0x0000000083100000, 0x0000000083000000| Untracked 
|  21|0x0000000083100000, 0x0000000083200000, 0x0000000083200000|100%| O|  |TAMS 0x0000000083200000, 0x0000000083100000| Untracked 
|  22|0x0000000083200000, 0x0000000083300000, 0x0000000083300000|100%| O|  |TAMS 0x0000000083300000, 0x0000000083200000| Untracked 
|  23|0x0000000083300000, 0x0000000083400000, 0x0000000083400000|100%| O|  |TAMS 0x0000000083400000, 0x0000000083300000| Untracked 
|  24|0x0000000083400000, 0x0000000083500000, 0x0000000083500000|100%| O|  |TAMS 0x0000000083500000, 0x0000000083400000| Untracked 
|  25|0x0000000083500000, 0x0000000083600000, 0x0000000083600000|100%| O|  |TAMS 0x0000000083600000, 0x0000000083500000| Untracked 
|  26|0x0000000083600000, 0x00000000836d9800, 0x0000000083700000| 84%| O|  |TAMS 0x00000000836d9800, 0x0000000083600000| Complete 
|  27|0x0000000083700000, 0x0000000083800000, 0x0000000083800000|100%|HS|  |TAMS 0x0000000083700000, 0x0000000083700000| Complete 
|  28|0x0000000083800000, 0x00000000838c8c00, 0x0000000083900000| 78%| O|  |TAMS 0x00000000838c8c00, 0x0000000083800000| Complete 
|  29|0x0000000083900000, 0x0000000083a00000, 0x0000000083a00000|100%|HS|  |TAMS 0x0000000083900000, 0x0000000083900000| Complete 
|  30|0x0000000083a00000, 0x0000000083ab9c00, 0x0000000083b00000| 72%| O|  |TAMS 0x0000000083ab9c00, 0x0000000083a00000| Complete 
|  31|0x0000000083b00000, 0x0000000083c00000, 0x0000000083c00000|100%|HS|  |TAMS 0x0000000083b00000, 0x0000000083b00000| Complete 
|  32|0x0000000083c00000, 0x0000000083d00000, 0x0000000083d00000|100%|HS|  |TAMS 0x0000000083c00000, 0x0000000083c00000| Complete 
|  33|0x0000000083d00000, 0x0000000083d52800, 0x0000000083e00000| 32%| O|  |TAMS 0x0000000083d52800, 0x0000000083d00000| Complete 
|  34|0x0000000083e00000, 0x0000000083ea4000, 0x0000000083f00000| 64%| O|  |TAMS 0x0000000083ea4000, 0x0000000083e00000| Complete 
|  35|0x0000000083f00000, 0x0000000084000000, 0x0000000084000000|100%|HS|  |TAMS 0x0000000083f00000, 0x0000000083f00000| Complete 
|  36|0x0000000084000000, 0x0000000084100000, 0x0000000084100000|100%|HS|  |TAMS 0x0000000084000000, 0x0000000084000000| Complete 
|  37|0x0000000084100000, 0x00000000841bb800, 0x0000000084200000| 73%| O|  |TAMS 0x00000000841bb800, 0x0000000084100000| Complete 
|  38|0x0000000084200000, 0x0000000084300000, 0x0000000084300000|100%| O|  |TAMS 0x0000000084300000, 0x0000000084200000| Untracked 
|  39|0x0000000084300000, 0x0000000084400000, 0x0000000084400000|100%| O|  |TAMS 0x0000000084400000, 0x0000000084300000| Untracked 
|  40|0x0000000084400000, 0x0000000084479200, 0x0000000084500000| 47%| O|  |TAMS 0x0000000084479200, 0x0000000084400000| Complete 
|  41|0x0000000084500000, 0x0000000084600000, 0x0000000084600000|100%|HS|  |TAMS 0x0000000084500000, 0x0000000084500000| Complete 
|  42|0x0000000084600000, 0x0000000084700000, 0x0000000084700000|100%| O|  |TAMS 0x0000000084700000, 0x0000000084600000| Untracked 
|  43|0x0000000084700000, 0x0000000084800000, 0x0000000084800000|100%| O|  |TAMS 0x0000000084800000, 0x0000000084700000| Untracked 
|  44|0x0000000084800000, 0x0000000084900000, 0x0000000084900000|100%| O|  |TAMS 0x0000000084900000, 0x0000000084800000| Untracked 
|  45|0x0000000084900000, 0x0000000084904a00, 0x0000000084a00000|  1%| O|  |TAMS 0x0000000084904a00, 0x0000000084900000| Complete 
|  46|0x0000000084a00000, 0x0000000084b00000, 0x0000000084b00000|100%|HS|  |TAMS 0x0000000084a00000, 0x0000000084a00000| Complete 
|  47|0x0000000084b00000, 0x0000000084c00000, 0x0000000084c00000|100%|HS|  |TAMS 0x0000000084b00000, 0x0000000084b00000| Complete 
|  48|0x0000000084c00000, 0x0000000084d00000, 0x0000000084d00000|100%|HS|  |TAMS 0x0000000084c00000, 0x0000000084c00000| Complete 
|  49|0x0000000084d00000, 0x0000000084d7f000, 0x0000000084e00000| 49%| O|  |TAMS 0x0000000084d7f000, 0x0000000084d00000| Complete 
|  50|0x0000000084e00000, 0x0000000084f00000, 0x0000000084f00000|100%|HS|  |TAMS 0x0000000084e00000, 0x0000000084e00000| Complete 
|  51|0x0000000084f00000, 0x0000000085000000, 0x0000000085000000|100%|HS|  |TAMS 0x0000000084f00000, 0x0000000084f00000| Complete 
|  52|0x0000000085000000, 0x0000000085100000, 0x0000000085100000|100%|HS|  |TAMS 0x0000000085000000, 0x0000000085000000| Complete 
|  53|0x0000000085100000, 0x0000000085200000, 0x0000000085200000|100%|HS|  |TAMS 0x0000000085100000, 0x0000000085100000| Complete 
|  54|0x0000000085200000, 0x0000000085300000, 0x0000000085300000|100%|HS|  |TAMS 0x0000000085200000, 0x0000000085200000| Complete 
|  55|0x0000000085300000, 0x0000000085400000, 0x0000000085400000|100%|HS|  |TAMS 0x0000000085300000, 0x0000000085300000| Complete 
|  56|0x0000000085400000, 0x0000000085500000, 0x0000000085500000|100%|HS|  |TAMS 0x0000000085400000, 0x0000000085400000| Complete 
|  57|0x0000000085500000, 0x0000000085600000, 0x0000000085600000|100%|HS|  |TAMS 0x0000000085500000, 0x0000000085500000| Complete 
|  58|0x0000000085600000, 0x0000000085700000, 0x0000000085700000|100%|HS|  |TAMS 0x0000000085600000, 0x0000000085600000| Complete 
|  59|0x0000000085700000, 0x0000000085800000, 0x0000000085800000|100%|HS|  |TAMS 0x0000000085700000, 0x0000000085700000| Complete 
|  60|0x0000000085800000, 0x0000000085900000, 0x0000000085900000|100%|HS|  |TAMS 0x0000000085800000, 0x0000000085800000| Complete 
|  61|0x0000000085900000, 0x0000000085a00000, 0x0000000085a00000|100%|HS|  |TAMS 0x0000000085900000, 0x0000000085900000| Complete 
|  62|0x0000000085a00000, 0x0000000085b00000, 0x0000000085b00000|100%|HS|  |TAMS 0x0000000085a00000, 0x0000000085a00000| Complete 
|  63|0x0000000085b00000, 0x0000000085c00000, 0x0000000085c00000|100%|HS|  |TAMS 0x0000000085b00000, 0x0000000085b00000| Complete 
|  64|0x0000000085c00000, 0x0000000085d00000, 0x0000000085d00000|100%|HS|  |TAMS 0x0000000085c00000, 0x0000000085c00000| Complete 
|  65|0x0000000085d00000, 0x0000000085e00000, 0x0000000085e00000|100%|HS|  |TAMS 0x0000000085d00000, 0x0000000085d00000| Complete 
|  66|0x0000000085e00000, 0x0000000085f00000, 0x0000000085f00000|100%|HS|  |TAMS 0x0000000085e00000, 0x0000000085e00000| Complete 
|  67|0x0000000085f00000, 0x0000000086000000, 0x0000000086000000|100%|HS|  |TAMS 0x0000000085f00000, 0x0000000085f00000| Complete 
|  68|0x0000000086000000, 0x0000000086100000, 0x0000000086100000|100%|HS|  |TAMS 0x0000000086000000, 0x0000000086000000| Complete 
|  69|0x0000000086100000, 0x0000000086200000, 0x0000000086200000|100%|HS|  |TAMS 0x0000000086100000, 0x0000000086100000| Complete 
|  70|0x0000000086200000, 0x0000000086300000, 0x0000000086300000|100%|HS|  |TAMS 0x0000000086200000, 0x0000000086200000| Complete 
|  71|0x0000000086300000, 0x0000000086400000, 0x0000000086400000|100%|HS|  |TAMS 0x0000000086300000, 0x0000000086300000| Complete 
|  72|0x0000000086400000, 0x0000000086500000, 0x0000000086500000|100%|HS|  |TAMS 0x0000000086400000, 0x0000000086400000| Complete 
|  73|0x0000000086500000, 0x0000000086600000, 0x0000000086600000|100%|HS|  |TAMS 0x0000000086500000, 0x0000000086500000| Complete 
|  74|0x0000000086600000, 0x0000000086700000, 0x0000000086700000|100%|HS|  |TAMS 0x0000000086600000, 0x0000000086600000| Complete 
|  75|0x0000000086700000, 0x0000000086800000, 0x0000000086800000|100%|HS|  |TAMS 0x0000000086700000, 0x0000000086700000| Complete 
|  76|0x0000000086800000, 0x0000000086900000, 0x0000000086900000|100%|HS|  |TAMS 0x0000000086800000, 0x0000000086800000| Complete 
|  77|0x0000000086900000, 0x0000000086a00000, 0x0000000086a00000|100%|HS|  |TAMS 0x0000000086900000, 0x0000000086900000| Complete 
|  78|0x0000000086a00000, 0x0000000086b00000, 0x0000000086b00000|100%|HS|  |TAMS 0x0000000086a00000, 0x0000000086a00000| Complete 
|  79|0x0000000086b00000, 0x0000000086c00000, 0x0000000086c00000|100%|HS|  |TAMS 0x0000000086b00000, 0x0000000086b00000| Complete 
|  80|0x0000000086c00000, 0x0000000086d00000, 0x0000000086d00000|100%|HS|  |TAMS 0x0000000086c00000, 0x0000000086c00000| Complete 
|  81|0x0000000086d00000, 0x0000000086e00000, 0x0000000086e00000|100%|HS|  |TAMS 0x0000000086d00000, 0x0000000086d00000| Complete 
|  82|0x0000000086e00000, 0x0000000086f00000, 0x0000000086f00000|100%|HS|  |TAMS 0x0000000086e00000, 0x0000000086e00000| Complete 
|  83|0x0000000086f00000, 0x0000000087000000, 0x0000000087000000|100%|HS|  |TAMS 0x0000000086f00000, 0x0000000086f00000| Complete 
|  84|0x0000000087000000, 0x0000000087100000, 0x0000000087100000|100%|HS|  |TAMS 0x0000000087000000, 0x0000000087000000| Complete 
|  85|0x0000000087100000, 0x0000000087200000, 0x0000000087200000|100%|HS|  |TAMS 0x0000000087100000, 0x0000000087100000| Complete 
|  86|0x0000000087200000, 0x0000000087300000, 0x0000000087300000|100%|HS|  |TAMS 0x0000000087200000, 0x0000000087200000| Complete 
|  87|0x0000000087300000, 0x0000000087400000, 0x0000000087400000|100%|HS|  |TAMS 0x0000000087300000, 0x0000000087300000| Complete 
|  88|0x0000000087400000, 0x0000000087500000, 0x0000000087500000|100%|HS|  |TAMS 0x0000000087400000, 0x0000000087400000| Complete 
|  89|0x0000000087500000, 0x0000000087600000, 0x0000000087600000|100%|HS|  |TAMS 0x0000000087500000, 0x0000000087500000| Complete 
|  90|0x0000000087600000, 0x0000000087700000, 0x0000000087700000|100%|HS|  |TAMS 0x0000000087600000, 0x0000000087600000| Complete 
|  91|0x0000000087700000, 0x0000000087800000, 0x0000000087800000|100%|HS|  |TAMS 0x0000000087700000, 0x0000000087700000| Complete 
|  92|0x0000000087800000, 0x0000000087900000, 0x0000000087900000|100%|HS|  |TAMS 0x0000000087800000, 0x0000000087800000| Complete 
|  93|0x0000000087900000, 0x0000000087a00000, 0x0000000087a00000|100%|HS|  |TAMS 0x0000000087900000, 0x0000000087900000| Complete 
|  94|0x0000000087a00000, 0x0000000087b00000, 0x0000000087b00000|100%|HS|  |TAMS 0x0000000087a00000, 0x0000000087a00000| Complete 
|  95|0x0000000087b00000, 0x0000000087c00000, 0x0000000087c00000|100%|HS|  |TAMS 0x0000000087b00000, 0x0000000087b00000| Complete 
|  96|0x0000000087c00000, 0x0000000087d00000, 0x0000000087d00000|100%|HS|  |TAMS 0x0000000087c00000, 0x0000000087c00000| Complete 
|  97|0x0000000087d00000, 0x0000000087e00000, 0x0000000087e00000|100%|HS|  |TAMS 0x0000000087d00000, 0x0000000087d00000| Complete 
|  98|0x0000000087e00000, 0x0000000087f00000, 0x0000000087f00000|100%|HS|  |TAMS 0x0000000087e00000, 0x0000000087e00000| Complete 
|  99|0x0000000087f00000, 0x0000000088000000, 0x0000000088000000|100%|HS|  |TAMS 0x0000000087f00000, 0x0000000087f00000| Complete 
| 100|0x0000000088000000, 0x0000000088100000, 0x0000000088100000|100%|HS|  |TAMS 0x0000000088000000, 0x0000000088000000| Complete 
| 101|0x0000000088100000, 0x0000000088200000, 0x0000000088200000|100%|HS|  |TAMS 0x0000000088100000, 0x0000000088100000| Complete 
| 102|0x0000000088200000, 0x0000000088300000, 0x0000000088300000|100%|HS|  |TAMS 0x0000000088200000, 0x0000000088200000| Complete 
| 103|0x0000000088300000, 0x0000000088400000, 0x0000000088400000|100%|HS|  |TAMS 0x0000000088300000, 0x0000000088300000| Complete 
| 104|0x0000000088400000, 0x0000000088500000, 0x0000000088500000|100%|HS|  |TAMS 0x0000000088400000, 0x0000000088400000| Complete 
| 105|0x0000000088500000, 0x0000000088600000, 0x0000000088600000|100%|HS|  |TAMS 0x0000000088500000, 0x0000000088500000| Complete 
| 106|0x0000000088600000, 0x0000000088700000, 0x0000000088700000|100%|HS|  |TAMS 0x0000000088600000, 0x0000000088600000| Complete 
| 107|0x0000000088700000, 0x0000000088800000, 0x0000000088800000|100%|HS|  |TAMS 0x0000000088700000, 0x0000000088700000| Complete 
| 108|0x0000000088800000, 0x0000000088900000, 0x0000000088900000|100%|HS|  |TAMS 0x0000000088800000, 0x0000000088800000| Complete 
| 109|0x0000000088900000, 0x0000000088a00000, 0x0000000088a00000|100%|HS|  |TAMS 0x0000000088900000, 0x0000000088900000| Complete 
| 110|0x0000000088a00000, 0x0000000088b00000, 0x0000000088b00000|100%|HS|  |TAMS 0x0000000088a00000, 0x0000000088a00000| Complete 
| 111|0x0000000088b00000, 0x0000000088c00000, 0x0000000088c00000|100%|HS|  |TAMS 0x0000000088b00000, 0x0000000088b00000| Complete 
| 112|0x0000000088c00000, 0x0000000088d00000, 0x0000000088d00000|100%|HS|  |TAMS 0x0000000088c00000, 0x0000000088c00000| Complete 
| 113|0x0000000088d00000, 0x0000000088e00000, 0x0000000088e00000|100%|HS|  |TAMS 0x0000000088d00000, 0x0000000088d00000| Complete 
| 114|0x0000000088e00000, 0x0000000088f00000, 0x0000000088f00000|100%|HS|  |TAMS 0x0000000088e00000, 0x0000000088e00000| Complete 
| 115|0x0000000088f00000, 0x0000000089000000, 0x0000000089000000|100%|HS|  |TAMS 0x0000000088f00000, 0x0000000088f00000| Complete 
| 116|0x0000000089000000, 0x0000000089100000, 0x0000000089100000|100%|HS|  |TAMS 0x0000000089000000, 0x0000000089000000| Complete 
| 117|0x0000000089100000, 0x0000000089200000, 0x0000000089200000|100%|HS|  |TAMS 0x0000000089100000, 0x0000000089100000| Complete 
| 118|0x0000000089200000, 0x0000000089300000, 0x0000000089300000|100%|HS|  |TAMS 0x0000000089200000, 0x0000000089200000| Complete 
| 119|0x0000000089300000, 0x0000000089400000, 0x0000000089400000|100%|HS|  |TAMS 0x0000000089300000, 0x0000000089300000| Complete 
| 120|0x0000000089400000, 0x0000000089500000, 0x0000000089500000|100%|HS|  |TAMS 0x0000000089400000, 0x0000000089400000| Complete 
| 121|0x0000000089500000, 0x0000000089600000, 0x0000000089600000|100%| E|  |TAMS 0x0000000089500000, 0x0000000089500000| Complete 
| 122|0x0000000089600000, 0x0000000089700000, 0x0000000089700000|100%| E|CS|TAMS 0x0000000089600000, 0x0000000089600000| Complete 
| 123|0x0000000089700000, 0x0000000089800000, 0x0000000089800000|100%| E|CS|TAMS 0x0000000089700000, 0x0000000089700000| Complete 
| 124|0x0000000089800000, 0x0000000089900000, 0x0000000089900000|100%| E|CS|TAMS 0x0000000089800000, 0x0000000089800000| Complete 
| 125|0x0000000089900000, 0x0000000089a00000, 0x0000000089a00000|100%| O|  |TAMS 0x0000000089a00000, 0x0000000089900000| Untracked 
| 126|0x0000000089a00000, 0x0000000089b00000, 0x0000000089b00000|100%| E|CS|TAMS 0x0000000089a00000, 0x0000000089a00000| Complete 
| 127|0x0000000089b00000, 0x0000000089c00000, 0x0000000089c00000|100%| E|CS|TAMS 0x0000000089b00000, 0x0000000089b00000| Complete 
| 128|0x0000000089c00000, 0x0000000089c60458, 0x0000000089d00000| 37%| S|CS|TAMS 0x0000000089c00000, 0x0000000089c00000| Complete 
| 129|0x0000000089d00000, 0x0000000089e00000, 0x0000000089e00000|100%| E|CS|TAMS 0x0000000089d00000, 0x0000000089d00000| Complete 
| 130|0x0000000089e00000, 0x0000000089f00000, 0x0000000089f00000|100%| E|CS|TAMS 0x0000000089e00000, 0x0000000089e00000| Complete 
| 131|0x0000000089f00000, 0x000000008a000000, 0x000000008a000000|100%| E|CS|TAMS 0x0000000089f00000, 0x0000000089f00000| Complete 
| 132|0x000000008a000000, 0x000000008a100000, 0x000000008a100000|100%| E|CS|TAMS 0x000000008a000000, 0x000000008a000000| Complete 
| 133|0x000000008a100000, 0x000000008a200000, 0x000000008a200000|100%|HS|  |TAMS 0x000000008a100000, 0x000000008a100000| Complete 
| 158|0x000000008ba00000, 0x000000008bb00000, 0x000000008bb00000|100%| E|CS|TAMS 0x000000008ba00000, 0x000000008ba00000| Complete 

Card table byte_map: [0x00000208abe00000,0x00000208ac200000] _byte_map_base: 0x00000208ab9f2000

Marking Bits (Prev, Next): (CMBitMap*) 0x0000020894542a18, (CMBitMap*) 0x0000020894542a58
 Prev Bits: [0x00000208ac600000, 0x00000208ae590000)
 Next Bits: [0x00000208ae590000, 0x00000208b0520000)

Polling page: 0x00000208926a0000

Metaspace:

Usage:
  Non-class:     15.30 MB capacity,    14.07 MB ( 92%) used,     1.16 MB (  8%) free+waste,    73.25 KB ( <1%) overhead. 
      Class:      2.55 MB capacity,     2.15 MB ( 84%) used,   374.42 KB ( 14%) free+waste,    38.25 KB (  1%) overhead. 
       Both:     17.85 MB capacity,    16.22 MB ( 91%) used,     1.53 MB (  9%) free+waste,   111.50 KB ( <1%) overhead. 

Virtual space:
  Non-class space:       16.00 MB reserved,      15.50 MB ( 97%) committed 
      Class space:        1.00 GB reserved,       2.63 MB ( <1%) committed 
             Both:        1.02 GB reserved,      18.13 MB (  2%) committed 

Chunk freelists:
   Non-Class:  9.00 KB
       Class:  13.00 KB
        Both:  22.00 KB

MaxMetaspaceSize: 17179869184.00 GB
CompressedClassSpaceSize: 1.00 GB

CodeHeap 'non-profiled nmethods': size=120064Kb used=3052Kb max_used=3241Kb free=117011Kb
 bounds [0x00000208a44c0000, 0x00000208a47f0000, 0x00000208aba00000]
CodeHeap 'profiled nmethods': size=120000Kb used=7639Kb max_used=10245Kb free=112360Kb
 bounds [0x000002089cf90000, 0x000002089d9a0000, 0x00000208a44c0000]
CodeHeap 'non-nmethods': size=5696Kb used=1449Kb max_used=1519Kb free=4246Kb
 bounds [0x000002089ca00000, 0x000002089cc70000, 0x000002089cf90000]
 total_blobs=7168 nmethods=3849 adapters=681
 compilation: enabled
              stopped_count=0, restarted_count=0
 full_count=0

Compilation events (20 events):
Event: 13.896 Thread 0x00000208b2b31800 4592       4       java.io.ByteArrayInputStream::close (1 bytes)
Event: 13.896 Thread 0x00000208b2b31800 nmethod 4592 0x00000208a44cff10 code [0x00000208a44d00a0, 0x00000208a44d0118]
Event: 13.910 Thread 0x00000208b2b31800 4593       4       javafx.scene.Node$StyleableProperties$5::isSettable (9 bytes)
Event: 13.911 Thread 0x00000208b2b31800 nmethod 4593 0x00000208a4621790 code [0x00000208a4621920, 0x00000208a46219f8]
Event: 13.924 Thread 0x00000208b2b31800 4594       4       java.nio.ByteBuffer::position (6 bytes)
Event: 13.925 Thread 0x00000208b2b31800 nmethod 4594 0x00000208a4635a10 code [0x00000208a4635ba0, 0x00000208a4635c98]
Event: 13.964 Thread 0x00000208b2b31800 4595       4       java.util.Arrays$ArrayList::iterator (12 bytes)
Event: 13.964 Thread 0x00000208b2b31800 nmethod 4595 0x00000208a44d4690 code [0x00000208a44d4820, 0x00000208a44d4918]
Event: 13.971 Thread 0x00000208b2b31800 4596       4       javafx.scene.Parent::doComputeGeomBounds (430 bytes)
Event: 13.993 Thread 0x00000208b2b31800 nmethod 4596 0x00000208a44dd490 code [0x00000208a44dd6a0, 0x00000208a44de4c8]
Event: 13.993 Thread 0x00000208b2b31800 4597       4       java.util.AbstractCollection::toArray (144 bytes)
Event: 13.999 Thread 0x00000208b2b31800 nmethod 4597 0x00000208a4638f10 code [0x00000208a46390e0, 0x00000208a4639668]
Event: 14.028 Thread 0x00000208b2b31800 4598       4       java.io.FileInputStream::read (8 bytes)
Event: 14.029 Thread 0x00000208b2b31800 nmethod 4598 0x00000208a44e6090 code [0x00000208a44e6220, 0x00000208a44e62c8]
Event: 14.040 Thread 0x00000208b2b33000 4599       3       javafx.scene.layout.Region::adjustWidthByMargin (43 bytes)
Event: 14.041 Thread 0x00000208b2b33000 nmethod 4599 0x000002089d002090 code [0x000002089d0023a0, 0x000002089d0037e0]
Event: 14.041 Thread 0x00000208b2b33000 4600       3       javafx.scene.layout.Region::adjustHeightByMargin (43 bytes)
Event: 14.042 Thread 0x00000208b2b33000 nmethod 4600 0x000002089d30d390 code [0x000002089d30d6a0, 0x000002089d30eae0]
Event: 14.049 Thread 0x00000208b2b31800 4601       4       com.sun.javafx.geom.transform.AffineBase::updateState2D (210 bytes)
Event: 14.051 Thread 0x00000208b2b31800 nmethod 4601 0x00000208a44e6b10 code [0x00000208a44e6ce0, 0x00000208a44e6ed8]

GC Heap History (20 events):
Event: 11.459 GC heap before
{Heap before GC invocations=111 (full 0):
 garbage-first heap   total 112640K, used 49598K [0x0000000081c00000, 0x0000000100000000)
  region size 1024K, 6 young (6144K), 2 survivors (2048K)
 Metaspace       used 16575K, capacity 18217K, committed 18304K, reserved 1064960K
  class space    used 2198K, capacity 2611K, committed 2688K, reserved 1048576K
}
Event: 11.463 GC heap after
{Heap after GC invocations=112 (full 0):
 garbage-first heap   total 112640K, used 22307K [0x0000000081c00000, 0x0000000100000000)
  region size 1024K, 2 young (2048K), 2 survivors (2048K)
 Metaspace       used 16575K, capacity 18217K, committed 18304K, reserved 1064960K
  class space    used 2198K, capacity 2611K, committed 2688K, reserved 1048576K
}
Event: 11.626 GC heap before
{Heap before GC invocations=113 (full 0):
 garbage-first heap   total 112640K, used 48931K [0x0000000081c00000, 0x0000000100000000)
  region size 1024K, 5 young (5120K), 2 survivors (2048K)
 Metaspace       used 16575K, capacity 18217K, committed 18304K, reserved 1064960K
  class space    used 2198K, capacity 2611K, committed 2688K, reserved 1048576K
}
Event: 11.630 GC heap after
{Heap after GC invocations=114 (full 0):
 garbage-first heap   total 135168K, used 22567K [0x0000000081c00000, 0x0000000100000000)
  region size 1024K, 2 young (2048K), 2 survivors (2048K)
 Metaspace       used 16575K, capacity 18217K, committed 18304K, reserved 1064960K
  class space    used 2198K, capacity 2611K, committed 2688K, reserved 1048576K
}
Event: 11.800 GC heap before
{Heap before GC invocations=115 (full 0):
 garbage-first heap   total 112640K, used 50215K [0x0000000081c00000, 0x0000000100000000)
  region size 1024K, 6 young (6144K), 2 survivors (2048K)
 Metaspace       used 16578K, capacity 18217K, committed 18304K, reserved 1064960K
  class space    used 2198K, capacity 2611K, committed 2688K, reserved 1048576K
}
Event: 11.804 GC heap after
{Heap after GC invocations=116 (full 0):
 garbage-first heap   total 112640K, used 23044K [0x0000000081c00000, 0x0000000100000000)
  region size 1024K, 3 young (3072K), 3 survivors (3072K)
 Metaspace       used 16578K, capacity 18217K, committed 18304K, reserved 1064960K
  class space    used 2198K, capacity 2611K, committed 2688K, reserved 1048576K
}
Event: 11.968 GC heap before
{Heap before GC invocations=117 (full 0):
 garbage-first heap   total 112640K, used 49668K [0x0000000081c00000, 0x0000000100000000)
  region size 1024K, 6 young (6144K), 3 survivors (3072K)
 Metaspace       used 16578K, capacity 18217K, committed 18304K, reserved 1064960K
  class space    used 2198K, capacity 2611K, committed 2688K, reserved 1048576K
}
Event: 11.972 GC heap after
{Heap after GC invocations=118 (full 0):
 garbage-first heap   total 112640K, used 23264K [0x0000000081c00000, 0x0000000100000000)
  region size 1024K, 3 young (3072K), 3 survivors (3072K)
 Metaspace       used 16578K, capacity 18217K, committed 18304K, reserved 1064960K
  class space    used 2198K, capacity 2611K, committed 2688K, reserved 1048576K
}
Event: 12.131 GC heap before
{Heap before GC invocations=119 (full 0):
 garbage-first heap   total 112640K, used 48864K [0x0000000081c00000, 0x0000000100000000)
  region size 1024K, 6 young (6144K), 3 survivors (3072K)
 Metaspace       used 16579K, capacity 18217K, committed 18304K, reserved 1064960K
  class space    used 2198K, capacity 2611K, committed 2688K, reserved 1048576K
}
Event: 12.137 GC heap after
{Heap after GC invocations=120 (full 0):
 garbage-first heap   total 112640K, used 23512K [0x0000000081c00000, 0x0000000100000000)
  region size 1024K, 3 young (3072K), 3 survivors (3072K)
 Metaspace       used 16579K, capacity 18217K, committed 18304K, reserved 1064960K
  class space    used 2198K, capacity 2611K, committed 2688K, reserved 1048576K
}
Event: 12.408 GC heap before
{Heap before GC invocations=121 (full 0):
 garbage-first heap   total 112640K, used 49112K [0x0000000081c00000, 0x0000000100000000)
  region size 1024K, 6 young (6144K), 3 survivors (3072K)
 Metaspace       used 16592K, capacity 18281K, committed 18560K, reserved 1064960K
  class space    used 2198K, capacity 2611K, committed 2688K, reserved 1048576K
}
Event: 12.415 GC heap after
{Heap after GC invocations=122 (full 0):
 garbage-first heap   total 135168K, used 23967K [0x0000000081c00000, 0x0000000100000000)
  region size 1024K, 3 young (3072K), 3 survivors (3072K)
 Metaspace       used 16592K, capacity 18281K, committed 18560K, reserved 1064960K
  class space    used 2198K, capacity 2611K, committed 2688K, reserved 1048576K
}
Event: 12.668 GC heap before
{Heap before GC invocations=123 (full 0):
 garbage-first heap   total 122880K, used 55711K [0x0000000081c00000, 0x0000000100000000)
  region size 1024K, 7 young (7168K), 3 survivors (3072K)
 Metaspace       used 16600K, capacity 18282K, committed 18560K, reserved 1064960K
  class space    used 2198K, capacity 2611K, committed 2688K, reserved 1048576K
}
Event: 12.673 GC heap after
{Heap after GC invocations=124 (full 0):
 garbage-first heap   total 122880K, used 24117K [0x0000000081c00000, 0x0000000100000000)
  region size 1024K, 3 young (3072K), 3 survivors (3072K)
 Metaspace       used 16600K, capacity 18282K, committed 18560K, reserved 1064960K
  class space    used 2198K, capacity 2611K, committed 2688K, reserved 1048576K
}
Event: 13.280 GC heap before
{Heap before GC invocations=125 (full 0):
 garbage-first heap   total 128000K, used 122421K [0x0000000081c00000, 0x0000000100000000)
  region size 1024K, 13 young (13312K), 3 survivors (3072K)
 Metaspace       used 16602K, capacity 18282K, committed 18560K, reserved 1064960K
  class space    used 2198K, capacity 2611K, committed 2688K, reserved 1048576K
}
Event: 13.286 GC heap after
{Heap after GC invocations=126 (full 0):
 garbage-first heap   total 133120K, used 25381K [0x0000000081c00000, 0x0000000100000000)
  region size 1024K, 4 young (4096K), 4 survivors (4096K)
 Metaspace       used 16602K, capacity 18282K, committed 18560K, reserved 1064960K
  class space    used 2198K, capacity 2611K, committed 2688K, reserved 1048576K
}
Event: 13.400 GC heap before
{Heap before GC invocations=126 (full 0):
 garbage-first heap   total 133120K, used 44837K [0x0000000081c00000, 0x0000000100000000)
  region size 1024K, 7 young (7168K), 4 survivors (4096K)
 Metaspace       used 16604K, capacity 18282K, committed 18560K, reserved 1064960K
  class space    used 2198K, capacity 2611K, committed 2688K, reserved 1048576K
}
Event: 13.403 GC heap after
{Heap after GC invocations=127 (full 0):
 garbage-first heap   total 133120K, used 26855K [0x0000000081c00000, 0x0000000100000000)
  region size 1024K, 1 young (1024K), 1 survivors (1024K)
 Metaspace       used 16604K, capacity 18282K, committed 18560K, reserved 1064960K
  class space    used 2198K, capacity 2611K, committed 2688K, reserved 1048576K
}
Event: 13.414 GC heap before
{Heap before GC invocations=127 (full 0):
 garbage-first heap   total 133120K, used 26855K [0x0000000081c00000, 0x0000000100000000)
  region size 1024K, 2 young (2048K), 1 survivors (1024K)
 Metaspace       used 16604K, capacity 18282K, committed 18560K, reserved 1064960K
  class space    used 2198K, capacity 2611K, committed 2688K, reserved 1048576K
}
Event: 13.416 GC heap after
{Heap after GC invocations=128 (full 0):
 garbage-first heap   total 162816K, used 25544K [0x0000000081c00000, 0x0000000100000000)
  region size 1024K, 1 young (1024K), 1 survivors (1024K)
 Metaspace       used 16604K, capacity 18282K, committed 18560K, reserved 1064960K
  class space    used 2198K, capacity 2611K, committed 2688K, reserved 1048576K
}

Deoptimization events (20 events):
Event: 13.845 Thread 0x00000208b37fa000 Uncommon trap: trap_request=0xffffff76 fr.pc=0x00000208a458cba8 relative=0x0000000000000448
Event: 13.845 Thread 0x00000208b37fa000 Uncommon trap: reason=predicate action=maybe_recompile pc=0x00000208a458cba8 method=java.util.AbstractCollection.toArray([Ljava/lang/Object;)[Ljava/lang/Object; @ 43 c2
Event: 13.845 Thread 0x00000208b37fa000 DEOPT PACKING pc=0x00000208a458cba8 sp=0x0000009d68cfde50
Event: 13.845 Thread 0x00000208b37fa000 DEOPT UNPACKING pc=0x000002089ca4912f sp=0x0000009d68cfde08 mode 2
Event: 14.052 Thread 0x00000208b37fa000 Uncommon trap: trap_request=0xffffffd6 fr.pc=0x00000208a46394c0 relative=0x00000000000003e0
Event: 14.052 Thread 0x00000208b37fa000 Uncommon trap: reason=array_check action=maybe_recompile pc=0x00000208a46394c0 method=java.util.AbstractCollection.toArray([Ljava/lang/Object;)[Ljava/lang/Object; @ 116 c2
Event: 14.052 Thread 0x00000208b37fa000 DEOPT PACKING pc=0x00000208a46394c0 sp=0x0000009d68cfde40
Event: 14.052 Thread 0x00000208b37fa000 DEOPT UNPACKING pc=0x000002089ca4912f sp=0x0000009d68cfde00 mode 2
Event: 14.052 Thread 0x00000208b37fa000 Uncommon trap: trap_request=0xffffffd6 fr.pc=0x00000208a46394c0 relative=0x00000000000003e0
Event: 14.052 Thread 0x00000208b37fa000 Uncommon trap: reason=array_check action=maybe_recompile pc=0x00000208a46394c0 method=java.util.AbstractCollection.toArray([Ljava/lang/Object;)[Ljava/lang/Object; @ 116 c2
Event: 14.052 Thread 0x00000208b37fa000 DEOPT PACKING pc=0x00000208a46394c0 sp=0x0000009d68cfde40
Event: 14.052 Thread 0x00000208b37fa000 DEOPT UNPACKING pc=0x000002089ca4912f sp=0x0000009d68cfde00 mode 2
Event: 14.052 Thread 0x00000208b37fa000 Uncommon trap: trap_request=0xffffffd6 fr.pc=0x00000208a46394c0 relative=0x00000000000003e0
Event: 14.052 Thread 0x00000208b37fa000 Uncommon trap: reason=array_check action=maybe_recompile pc=0x00000208a46394c0 method=java.util.AbstractCollection.toArray([Ljava/lang/Object;)[Ljava/lang/Object; @ 116 c2
Event: 14.052 Thread 0x00000208b37fa000 DEOPT PACKING pc=0x00000208a46394c0 sp=0x0000009d68cfdd70
Event: 14.052 Thread 0x00000208b37fa000 DEOPT UNPACKING pc=0x000002089ca4912f sp=0x0000009d68cfdd30 mode 2
Event: 14.052 Thread 0x00000208b37fa000 Uncommon trap: trap_request=0xffffffd6 fr.pc=0x00000208a46394c0 relative=0x00000000000003e0
Event: 14.052 Thread 0x00000208b37fa000 Uncommon trap: reason=array_check action=maybe_recompile pc=0x00000208a46394c0 method=java.util.AbstractCollection.toArray([Ljava/lang/Object;)[Ljava/lang/Object; @ 116 c2
Event: 14.052 Thread 0x00000208b37fa000 DEOPT PACKING pc=0x00000208a46394c0 sp=0x0000009d68cfdbe0
Event: 14.052 Thread 0x00000208b37fa000 DEOPT UNPACKING pc=0x000002089ca4912f sp=0x0000009d68cfdba0 mode 2

Classes unloaded (0 events):
No events

Classes redefined (0 events):
No events

Internal exceptions (20 events):
Event: 0.570 Thread 0x00000208b37fa000 Exception <a 'java/lang/NoSuchMethodError'{0x000000008937e228}: 'void java.lang.invoke.DirectMethodHandle$Holder.invokeSpecial(java.lang.Object, java.lang.Object, java.lang.Object, java.lang.Object, java.lang.Object)'> (0x000000008937e228) 
thrown [t:/workspace/open/src/hotspot/share/interpreter/linkResolver.cpp, line 767]
Event: 0.595 Thread 0x00000208b37fa000 Exception <a 'java/lang/NullPointerException'{0x000000008913a950}> (0x000000008913a950) 
thrown [t:/workspace/open/src/hotspot/share/interpreter/linkResolver.cpp, line 1349]
Event: 0.673 Thread 0x00000208b37fa000 Exception <a 'java/lang/NoSuchMethodError'{0x00000000889185e8}: 'void java.lang.invoke.DirectMethodHandle$Holder.invokeStaticInit(java.lang.Object, java.lang.Object)'> (0x00000000889185e8) 
thrown [t:/workspace/open/src/hotspot/share/interpreter/linkResolver.cpp, line 767]
Event: 0.785 Thread 0x00000208b37fa000 Implicit null exception at 0x00000208a451f4a5 to 0x00000208a451f952
Event: 0.785 Thread 0x00000208b37fa000 Implicit null exception at 0x00000208a4515768 to 0x00000208a45157fa
Event: 0.927 Thread 0x00000208b37fa000 Exception <a 'java/io/FileNotFoundException'{0x00000000881a7880}> (0x00000000881a7880) 
thrown [t:/workspace/open/src/hotspot/share/prims/jni.cpp, line 598]
Event: 0.939 Thread 0x00000208b37fa000 Exception <a 'java/lang/NoSuchMethodError'{0x00000000881f0280}: 'java.lang.Object java.lang.invoke.Invokers$Holder.linkToTargetMethod(java.lang.Object, int, java.lang.Object)'> (0x00000000881f0280) 
thrown [t:/workspace/open/src/hotspot/share/interpreter/linkResolver.cpp, line 767]
Event: 0.983 Thread 0x00000208b37fa000 Exception <a 'java/lang/NoSuchMethodError'{0x0000000087f86b60}: 'java.lang.Object java.lang.invoke.DirectMethodHandle$Holder.invokeInterface(java.lang.Object, java.lang.Object, java.lang.Object)'> (0x0000000087f86b60) 
thrown [t:/workspace/open/src/hotspot/share/interpreter/linkResolver.cpp, line 767]
Event: 0.983 Thread 0x00000208b37fa000 Exception <a 'java/lang/IncompatibleClassChangeError'{0x0000000087f89c98}: Found class java.lang.Object, but interface was expected> (0x0000000087f89c98) 
thrown [t:/workspace/open/src/hotspot/share/interpreter/linkResolver.cpp, line 833]
Event: 1.015 Thread 0x00000208b37fa000 Exception <a 'java/lang/ClassNotFoundException'{0x0000000087d49d48}: com/sun/javafx/scene/control/skin/resources/controls> (0x0000000087d49d48) 
thrown [t:/workspace/open/src/hotspot/share/prims/jni.cpp, line 619]
Event: 1.016 Thread 0x00000208b37fa000 Exception <a 'java/lang/ClassNotFoundException'{0x0000000087d57818}: com/sun/javafx/scene/control/skin/resources/controls_en> (0x0000000087d57818) 
thrown [t:/workspace/open/src/hotspot/share/prims/jni.cpp, line 619]
Event: 1.016 Thread 0x00000208b37fa000 Exception <a 'java/lang/ClassNotFoundException'{0x0000000087d595e8}: com/sun/javafx/scene/control/skin/resources/controls_en_US> (0x0000000087d595e8) 
thrown [t:/workspace/open/src/hotspot/share/prims/jni.cpp, line 619]
Event: 1.058 Thread 0x00000208b37fa000 Exception <a 'java/lang/NoSuchMethodError'{0x0000000087b06b40}: 'void java.lang.invoke.DirectMethodHandle$Holder.invokeSpecial(java.lang.Object, java.lang.Object, java.lang.Object, java.lang.Object, java.lang.Object, java.lang.Object)'> (0x0000000087b06b40) 
thrown [t:/workspace/open/src/hotspot/share/interpreter/linkResolver.cpp, line 767]
Event: 1.145 Thread 0x00000208b37fa000 Exception <a 'java/lang/NoSuchMethodError'{0x00000000878e1588}: 'long java.lang.invoke.DirectMethodHandle$Holder.invokeStatic(java.lang.Object, java.lang.Object, java.lang.Object)'> (0x00000000878e1588) 
thrown [t:/workspace/open/src/hotspot/share/interpreter/linkResolver.cpp, line 767]
Event: 1.146 Thread 0x00000208b37fa000 Exception <a 'java/lang/NoSuchMethodError'{0x00000000878e4230}: 'long java.lang.invoke.DirectMethodHandle$Holder.invokeStaticInit(java.lang.Object, java.lang.Object, java.lang.Object)'> (0x00000000878e4230) 
thrown [t:/workspace/open/src/hotspot/share/interpreter/linkResolver.cpp, line 767]
Event: 1.148 Thread 0x00000208b37fa000 Exception <a 'java/lang/NoSuchMethodError'{0x00000000878f85b0}: 'java.lang.Object java.lang.invoke.Invokers$Holder.linkToTargetMethod(java.lang.Object, long, java.lang.Object)'> (0x00000000878f85b0) 
thrown [t:/workspace/open/src/hotspot/share/interpreter/linkResolver.cpp, line 767]
Event: 1.163 Thread 0x00000208b3cad000 Exception <a 'java/lang/NoSuchMethodError'{0x0000000089b96a90}: 'int java.lang.invoke.DirectMethodHandle$Holder.invokeStaticInit(java.lang.Object, java.lang.Object)'> (0x0000000089b96a90) 
thrown [t:/workspace/open/src/hotspot/share/interpreter/linkResolver.cpp, line 767]
Event: 3.436 Thread 0x00000208b37fa000 Exception <a 'java/io/FileNotFoundException'{0x0000000086ee0a40}> (0x0000000086ee0a40) 
thrown [t:/workspace/open/src/hotspot/share/prims/jni.cpp, line 598]
Event: 3.905 Thread 0x00000208b3cad000 Exception <a 'java/lang/NoSuchMethodError'{0x0000000089bc96c8}: 'java.lang.Object java.lang.invoke.DirectMethodHandle$Holder.invokeStaticInit(java.lang.Object, int)'> (0x0000000089bc96c8) 
thrown [t:/workspace/open/src/hotspot/share/interpreter/linkResolver.cpp, line 767]
Event: 12.518 Thread 0x00000208b37fa000 Implicit null exception at 0x00000208a47357e0 to 0x00000208a473a4ee

Events (20 events):
Event: 13.196 Thread 0x00000208b2b34800 flushing nmethod 0x000002089d97ea10
Event: 13.196 Thread 0x00000208b2b34800 flushing nmethod 0x000002089d980f90
Event: 13.196 Thread 0x00000208b2b34800 flushing nmethod 0x000002089d983c90
Event: 13.196 Thread 0x00000208b2b34800 flushing nmethod 0x000002089d985190
Event: 13.196 Thread 0x00000208b2b34800 flushing nmethod 0x000002089d987510
Event: 13.196 Thread 0x00000208b2b34800 flushing nmethod 0x000002089d988590
Event: 13.196 Thread 0x00000208b2b34800 flushing nmethod 0x000002089d98c390
Event: 13.280 Executing VM operation: G1CollectForAllocation
Event: 13.286 Executing VM operation: G1CollectForAllocation done
Event: 13.399 Executing VM operation: G1CollectForAllocation
Event: 13.399 Executing VM operation: G1CollectForAllocation done
Event: 13.399 Executing VM operation: G1CollectForAllocation
Event: 13.403 Executing VM operation: G1CollectForAllocation done
Event: 13.414 Executing VM operation: G1CollectForAllocation
Event: 13.417 Executing VM operation: G1CollectForAllocation done
Event: 13.462 Executing VM operation: G1Concurrent
Event: 13.464 Executing VM operation: G1Concurrent done
Event: 13.478 Thread 0x00000208bccd8800 Thread exited: 0x00000208bccd8800
Event: 13.486 Executing VM operation: G1Concurrent
Event: 13.486 Executing VM operation: G1Concurrent done


Dynamic libraries:
0x00007ff6702f0000 - 0x00007ff6702ff000 	C:\Program Files\Java\jdk-13.0.1\bin\java.exe
0x00007ffc4d960000 - 0x00007ffc4db50000 	C:\WINDOWS\SYSTEM32\ntdll.dll
0x00007ffc4c7d0000 - 0x00007ffc4c882000 	C:\WINDOWS\System32\KERNEL32.DLL
0x00007ffc4aca0000 - 0x00007ffc4af43000 	C:\WINDOWS\System32\KERNELBASE.dll
0x00007ffc4aac0000 - 0x00007ffc4abba000 	C:\WINDOWS\System32\ucrtbase.dll
0x00007ffc3f190000 - 0x00007ffc3f1a5000 	C:\Program Files\Java\jdk-13.0.1\bin\VCRUNTIME140.dll
0x00007ffc450c0000 - 0x00007ffc450d8000 	C:\Program Files\Java\jdk-13.0.1\bin\jli.dll
0x00007ffc4d7a0000 - 0x00007ffc4d843000 	C:\WINDOWS\System32\ADVAPI32.dll
0x00007ffc4cec0000 - 0x00007ffc4cf5e000 	C:\WINDOWS\System32\msvcrt.dll
0x00007ffc4c8c0000 - 0x00007ffc4c957000 	C:\WINDOWS\System32\sechost.dll
0x00007ffc4c600000 - 0x00007ffc4c720000 	C:\WINDOWS\System32\RPCRT4.dll
0x00007ffc4d600000 - 0x00007ffc4d794000 	C:\WINDOWS\System32\USER32.dll
0x00007ffc4ac70000 - 0x00007ffc4ac91000 	C:\WINDOWS\System32\win32u.dll
0x00007ffc3db20000 - 0x00007ffc3dda5000 	C:\WINDOWS\WinSxS\amd64_microsoft.windows.common-controls_6595b64144ccf1df_6.0.18362.778_none_e6c6b761130d4fb8\COMCTL32.dll
0x00007ffc4c890000 - 0x00007ffc4c8b6000 	C:\WINDOWS\System32\GDI32.dll
0x00007ffc4d070000 - 0x00007ffc4d3a6000 	C:\WINDOWS\System32\combase.dll
0x00007ffc4b6d0000 - 0x00007ffc4b864000 	C:\WINDOWS\System32\gdi32full.dll
0x00007ffc4a8f0000 - 0x00007ffc4a970000 	C:\WINDOWS\System32\bcryptPrimitives.dll
0x00007ffc4a9c0000 - 0x00007ffc4aa5e000 	C:\WINDOWS\System32\msvcp_win.dll
0x00007ffc44d90000 - 0x00007ffc44d9a000 	C:\WINDOWS\SYSTEM32\VERSION.dll
0x00007ffc4bee0000 - 0x00007ffc4bf0e000 	C:\WINDOWS\System32\IMM32.DLL
0x00007ffc28b80000 - 0x00007ffc28c1b000 	C:\Program Files\Java\jdk-13.0.1\bin\msvcp140.dll
0x00007ffbfe3d0000 - 0x00007ffbfef36000 	C:\Program Files\Java\jdk-13.0.1\bin\server\jvm.dll
0x00007ffc4d4f0000 - 0x00007ffc4d4f8000 	C:\WINDOWS\System32\PSAPI.DLL
0x00007ffc41e80000 - 0x00007ffc41ea4000 	C:\WINDOWS\SYSTEM32\WINMM.dll
0x00007ffc3cc40000 - 0x00007ffc3cc49000 	C:\WINDOWS\SYSTEM32\WSOCK32.dll
0x00007ffc4d3b0000 - 0x00007ffc4d41f000 	C:\WINDOWS\System32\WS2_32.dll
0x00007ffc41c40000 - 0x00007ffc41c6d000 	C:\WINDOWS\SYSTEM32\winmmbase.dll
0x00007ffc4b870000 - 0x00007ffc4b8ba000 	C:\WINDOWS\System32\cfgmgr32.dll
0x00007ffc4a850000 - 0x00007ffc4a861000 	C:\WINDOWS\System32\kernel.appcore.dll
0x00007ffc41c90000 - 0x00007ffc41ca0000 	C:\Program Files\Java\jdk-13.0.1\bin\verify.dll
0x00007ffc44370000 - 0x00007ffc44564000 	C:\WINDOWS\SYSTEM32\DBGHELP.DLL
0x00007ffc442a0000 - 0x00007ffc442ca000 	C:\WINDOWS\SYSTEM32\dbgcore.DLL
0x00007ffc3f0f0000 - 0x00007ffc3f116000 	C:\Program Files\Java\jdk-13.0.1\bin\java.dll
0x00007ffc3f060000 - 0x00007ffc3f077000 	C:\Program Files\Java\jdk-13.0.1\bin\zip.dll
0x00007ffc41080000 - 0x00007ffc4108a000 	C:\Program Files\Java\jdk-13.0.1\bin\jimage.dll
0x00007ffc4bf10000 - 0x00007ffc4c5f5000 	C:\WINDOWS\System32\SHELL32.dll
0x00007ffc4c720000 - 0x00007ffc4c7c9000 	C:\WINDOWS\System32\shcore.dll
0x00007ffc4af50000 - 0x00007ffc4b6d0000 	C:\WINDOWS\System32\windows.storage.dll
0x00007ffc4a870000 - 0x00007ffc4a893000 	C:\WINDOWS\System32\profapi.dll
0x00007ffc4a8a0000 - 0x00007ffc4a8ea000 	C:\WINDOWS\System32\powrprof.dll
0x00007ffc4a820000 - 0x00007ffc4a830000 	C:\WINDOWS\System32\UMPDC.dll
0x00007ffc4cc50000 - 0x00007ffc4cca2000 	C:\WINDOWS\System32\shlwapi.dll
0x00007ffc4a970000 - 0x00007ffc4a987000 	C:\WINDOWS\System32\cryptsp.dll
0x00007ffc3d4d0000 - 0x00007ffc3d4e9000 	C:\Program Files\Java\jdk-13.0.1\bin\net.dll
0x00007ffc46150000 - 0x00007ffc46240000 	C:\WINDOWS\SYSTEM32\WINHTTP.dll
0x00007ffc4a090000 - 0x00007ffc4a0f7000 	C:\WINDOWS\system32\mswsock.dll
0x00007ffc3c9c0000 - 0x00007ffc3c9d3000 	C:\Program Files\Java\jdk-13.0.1\bin\nio.dll
0x00000208944c0000 - 0x00000208944c3000 	C:\Program Files\Java\javafx-sdk-11.0.2\bin\api-ms-win-core-console-l1-1-0.dll
0x00000208b5060000 - 0x00000208b5063000 	C:\Program Files\Java\javafx-sdk-11.0.2\bin\api-ms-win-core-datetime-l1-1-0.dll
0x00000208b5070000 - 0x00000208b5073000 	C:\Program Files\Java\javafx-sdk-11.0.2\bin\api-ms-win-core-debug-l1-1-0.dll
0x00000208b5080000 - 0x00000208b5083000 	C:\Program Files\Java\javafx-sdk-11.0.2\bin\api-ms-win-core-errorhandling-l1-1-0.dll
0x00000208b5090000 - 0x00000208b5094000 	C:\Program Files\Java\javafx-sdk-11.0.2\bin\api-ms-win-core-file-l1-1-0.dll
0x00000208b50a0000 - 0x00000208b50a3000 	C:\Program Files\Java\javafx-sdk-11.0.2\bin\api-ms-win-core-file-l1-2-0.dll
0x00000208b50b0000 - 0x00000208b50b3000 	C:\Program Files\Java\javafx-sdk-11.0.2\bin\api-ms-win-core-file-l2-1-0.dll
0x00000208b50c0000 - 0x00000208b50c3000 	C:\Program Files\Java\javafx-sdk-11.0.2\bin\api-ms-win-core-handle-l1-1-0.dll
0x00000208b50d0000 - 0x00000208b50d3000 	C:\Program Files\Java\javafx-sdk-11.0.2\bin\api-ms-win-core-heap-l1-1-0.dll
0x00000208b50e0000 - 0x00000208b50e3000 	C:\Program Files\Java\javafx-sdk-11.0.2\bin\api-ms-win-core-interlocked-l1-1-0.dll
0x00000208b50f0000 - 0x00000208b50f3000 	C:\Program Files\Java\javafx-sdk-11.0.2\bin\api-ms-win-core-libraryloader-l1-1-0.dll
0x00000208b5100000 - 0x00000208b5103000 	C:\Program Files\Java\javafx-sdk-11.0.2\bin\api-ms-win-core-localization-l1-2-0.dll
0x00000208b5110000 - 0x00000208b5113000 	C:\Program Files\Java\javafx-sdk-11.0.2\bin\api-ms-win-core-memory-l1-1-0.dll
0x00000208b5120000 - 0x00000208b5123000 	C:\Program Files\Java\javafx-sdk-11.0.2\bin\api-ms-win-core-namedpipe-l1-1-0.dll
0x00000208b5130000 - 0x00000208b5133000 	C:\Program Files\Java\javafx-sdk-11.0.2\bin\api-ms-win-core-processenvironment-l1-1-0.dll
0x00000208b5140000 - 0x00000208b5143000 	C:\Program Files\Java\javafx-sdk-11.0.2\bin\api-ms-win-core-processthreads-l1-1-0.dll
0x00000208b5150000 - 0x00000208b5153000 	C:\Program Files\Java\javafx-sdk-11.0.2\bin\api-ms-win-core-processthreads-l1-1-1.dll
0x00000208b5160000 - 0x00000208b5163000 	C:\Program Files\Java\javafx-sdk-11.0.2\bin\api-ms-win-core-profile-l1-1-0.dll
0x00000208b5170000 - 0x00000208b5173000 	C:\Program Files\Java\javafx-sdk-11.0.2\bin\api-ms-win-core-rtlsupport-l1-1-0.dll
0x00000208b5180000 - 0x00000208b5183000 	C:\Program Files\Java\javafx-sdk-11.0.2\bin\api-ms-win-core-string-l1-1-0.dll
0x00000208b5190000 - 0x00000208b5193000 	C:\Program Files\Java\javafx-sdk-11.0.2\bin\api-ms-win-core-synch-l1-1-0.dll
0x00000208b51a0000 - 0x00000208b51a3000 	C:\Program Files\Java\javafx-sdk-11.0.2\bin\api-ms-win-core-synch-l1-2-0.dll
0x00000208b51b0000 - 0x00000208b51b3000 	C:\Program Files\Java\javafx-sdk-11.0.2\bin\api-ms-win-core-sysinfo-l1-1-0.dll
0x00000208b51c0000 - 0x00000208b51c3000 	C:\Program Files\Java\javafx-sdk-11.0.2\bin\api-ms-win-core-timezone-l1-1-0.dll
0x00000208b51d0000 - 0x00000208b51d3000 	C:\Program Files\Java\javafx-sdk-11.0.2\bin\api-ms-win-core-util-l1-1-0.dll
0x00000208b51e0000 - 0x00000208b51e3000 	C:\Program Files\Java\javafx-sdk-11.0.2\bin\api-ms-win-crt-conio-l1-1-0.dll
0x00000208b51f0000 - 0x00000208b51f4000 	C:\Program Files\Java\javafx-sdk-11.0.2\bin\api-ms-win-crt-convert-l1-1-0.dll
0x00000208b5200000 - 0x00000208b5203000 	C:\Program Files\Java\javafx-sdk-11.0.2\bin\api-ms-win-crt-environment-l1-1-0.dll
0x00000208b5210000 - 0x00000208b5213000 	C:\Program Files\Java\javafx-sdk-11.0.2\bin\api-ms-win-crt-filesystem-l1-1-0.dll
0x00000208b5220000 - 0x00000208b5223000 	C:\Program Files\Java\javafx-sdk-11.0.2\bin\api-ms-win-crt-heap-l1-1-0.dll
0x00000208b5230000 - 0x00000208b5233000 	C:\Program Files\Java\javafx-sdk-11.0.2\bin\api-ms-win-crt-locale-l1-1-0.dll
0x00000208b5240000 - 0x00000208b5245000 	C:\Program Files\Java\javafx-sdk-11.0.2\bin\api-ms-win-crt-math-l1-1-0.dll
0x00000208b5250000 - 0x00000208b5255000 	C:\Program Files\Java\javafx-sdk-11.0.2\bin\api-ms-win-crt-multibyte-l1-1-0.dll
0x00000208b5260000 - 0x00000208b5270000 	C:\Program Files\Java\javafx-sdk-11.0.2\bin\api-ms-win-crt-private-l1-1-0.dll
0x00000208b5270000 - 0x00000208b5273000 	C:\Program Files\Java\javafx-sdk-11.0.2\bin\api-ms-win-crt-process-l1-1-0.dll
0x00000208b5280000 - 0x00000208b5284000 	C:\Program Files\Java\javafx-sdk-11.0.2\bin\api-ms-win-crt-runtime-l1-1-0.dll
0x00000208b5290000 - 0x00000208b5294000 	C:\Program Files\Java\javafx-sdk-11.0.2\bin\api-ms-win-crt-stdio-l1-1-0.dll
0x00000208b52a0000 - 0x00000208b52a4000 	C:\Program Files\Java\javafx-sdk-11.0.2\bin\api-ms-win-crt-string-l1-1-0.dll
0x00000208b52b0000 - 0x00000208b52b3000 	C:\Program Files\Java\javafx-sdk-11.0.2\bin\api-ms-win-crt-time-l1-1-0.dll
0x00000208b52c0000 - 0x00000208b52c3000 	C:\Program Files\Java\javafx-sdk-11.0.2\bin\api-ms-win-crt-utility-l1-1-0.dll
0x00007ffc0c6a0000 - 0x00007ffc0c79a000 	C:\Program Files\Java\javafx-sdk-11.0.2\bin\ucrtbase.dll
0x00007ffc301e0000 - 0x00007ffc301f6000 	C:\Program Files\Java\javafx-sdk-11.0.2\bin\vcruntime140.dll
0x00007ffc0ffe0000 - 0x00007ffc10086000 	C:\Program Files\Java\javafx-sdk-11.0.2\bin\msvcp140.dll
0x00007ffc19e70000 - 0x00007ffc19ec1000 	C:\Program Files\Java\javafx-sdk-11.0.2\bin\concrt140.dll
0x00007ffc2fad0000 - 0x00007ffc2faf3000 	C:\Program Files\Java\javafx-sdk-11.0.2\bin\prism_d3d.dll
0x00007ffc18a10000 - 0x00007ffc18bd7000 	C:\WINDOWS\system32\d3d9.dll
0x00007ffc490d0000 - 0x00007ffc490fd000 	C:\WINDOWS\SYSTEM32\dwmapi.dll
0x00007ffc49490000 - 0x00007ffc494b0000 	C:\WINDOWS\SYSTEM32\dxcore.dll
0x00007ffc48ba0000 - 0x00007ffc48c39000 	C:\WINDOWS\system32\uxtheme.dll
0x00007ffbf9240000 - 0x00007ffbfca99000 	C:\WINDOWS\System32\DriverStore\FileRepository\igdlh64.inf_amd64_420c659363620fe7\igdumdim64.dll
0x00007ffc4d420000 - 0x00007ffc4d4e4000 	C:\WINDOWS\System32\OLEAUT32.dll
0x00007ffc4cd60000 - 0x00007ffc4ceb7000 	C:\WINDOWS\System32\ole32.dll
0x00007ffc4ba10000 - 0x00007ffc4be80000 	C:\WINDOWS\System32\SETUPAPI.dll
0x00007ffc4a990000 - 0x00007ffc4a9b6000 	C:\WINDOWS\System32\bcrypt.dll
0x00007ffc1a050000 - 0x00007ffc1a095000 	C:\Program Files\Java\javafx-sdk-11.0.2\bin\glass.dll
0x00007ffc4d850000 - 0x00007ffc4d920000 	C:\WINDOWS\System32\COMDLG32.dll
0x00007ffc4c960000 - 0x00007ffc4ca96000 	C:\WINDOWS\System32\MSCTF.dll
0x00007ffc30310000 - 0x00007ffc31912000 	C:\WINDOWS\System32\DriverStore\FileRepository\igdlh64.inf_amd64_420c659363620fe7\igc64.dll
0x00007ffc2f340000 - 0x00007ffc2f354000 	C:\Program Files\Java\javafx-sdk-11.0.2\bin\javafx_font.dll
0x00007ffc31b40000 - 0x00007ffc31e3e000 	C:\WINDOWS\SYSTEM32\dwrite.dll
0x00007ffc4cfc0000 - 0x00007ffc4d062000 	C:\WINDOWS\System32\clbcatq.dll
0x00007ffc467a0000 - 0x00007ffc4694f000 	C:\WINDOWS\SYSTEM32\WindowsCodecs.dll
0x00007ffc3f7d0000 - 0x00007ffc3f80a000 	C:\WINDOWS\system32\dataexchange.dll
0x00007ffc48310000 - 0x00007ffc484ec000 	C:\WINDOWS\system32\dcomp.dll
0x00007ffc480b0000 - 0x00007ffc4830b000 	C:\WINDOWS\system32\d3d11.dll
0x00007ffc49520000 - 0x00007ffc4960b000 	C:\WINDOWS\system32\dxgi.dll
0x00007ffc48c40000 - 0x00007ffc48e9a000 	C:\WINDOWS\system32\twinapi.appcore.dll
0x00007ffc490a0000 - 0x00007ffc490c9000 	C:\WINDOWS\system32\RMCLIENT.dll
0x00007ffc2e570000 - 0x00007ffc2e5a3000 	C:\Program Files\Common Files\Microsoft Shared\Ink\rtscom.dll
0x00007ffc3c560000 - 0x00007ffc3c5fe000 	C:\WINDOWS\System32\TextInputFramework.dll
0x00007ffc484f0000 - 0x00007ffc485c4000 	C:\WINDOWS\System32\CoreMessaging.dll
0x00007ffc44a10000 - 0x00007ffc44d3a000 	C:\WINDOWS\System32\CoreUIComponents.dll
0x00007ffc49880000 - 0x00007ffc498b1000 	C:\WINDOWS\SYSTEM32\ntmarta.dll
0x00007ffc47070000 - 0x00007ffc471c3000 	C:\WINDOWS\SYSTEM32\wintypes.dll
0x00007ffc41630000 - 0x00007ffc418d6000 	C:\WINDOWS\System32\iertutil.dll

dbghelp: loaded successfully - version: 4.0.5 - missing functions: none
symbol engine: initialized successfully - sym options: 0x614 - pdb path: .;C:\Program Files\Java\jdk-13.0.1\bin;C:\WINDOWS\SYSTEM32;C:\WINDOWS\WinSxS\amd64_microsoft.windows.common-controls_6595b64144ccf1df_6.0.18362.778_none_e6c6b761130d4fb8;C:\Program Files\Java\jdk-13.0.1\bin\server;C:\Program Files\Java\javafx-sdk-11.0.2\bin;C:\WINDOWS\System32\DriverStore\FileRepository\igdlh64.inf_amd64_420c659363620fe7;C:\Program Files\Common Files\Microsoft Shared\Ink

VM Arguments:
jvm_args: -Dfile.encoding=UTF-8 --add-modules=javafx.controls --module-path=C:\Program Files\Java\javafx-sdk-11.0.2\lib\javafx-swt.jar;C:\Program Files\Java\javafx-sdk-11.0.2\lib\javafx.base.jar;C:\Program Files\Java\javafx-sdk-11.0.2\lib\javafx.controls.jar;C:\Program Files\Java\javafx-sdk-11.0.2\lib\javafx.fxml.jar;C:\Program Files\Java\javafx-sdk-11.0.2\lib\javafx.graphics.jar;C:\Program Files\Java\javafx-sdk-11.0.2\lib\javafx.media.jar;C:\Program Files\Java\javafx-sdk-11.0.2\lib\javafx.swing.jar;C:\Program Files\Java\javafx-sdk-11.0.2\lib\javafx.web.jar 
java_command: creditcardfx.LoginScene
java_class_path (initial): C:\Program Files\Java\javafx-sdk-11.0.2\lib\javafx.base.jar;C:\Program Files\Java\javafx-sdk-11.0.2\lib\javafx.controls.jar;C:\Program Files\Java\javafx-sdk-11.0.2\lib\javafx.fxml.jar;C:\Program Files\Java\javafx-sdk-11.0.2\lib\javafx.graphics.jar;C:\Program Files\Java\javafx-sdk-11.0.2\lib\javafx.media.jar;C:\Program Files\Java\javafx-sdk-11.0.2\lib\javafx.swing.jar;C:\Program Files\Java\javafx-sdk-11.0.2\lib\javafx.web.jar;C:\Program Files\Java\javafx-sdk-11.0.2\lib\javafx-swt.jar;D:\Download\LINE\credit\creditcardfx\build\classes
Launcher Type: SUN_STANDARD

[Global flags]
     intx CICompilerCount                          = 3                                         {product} {ergonomic}
     uint ConcGCThreads                            = 1                                         {product} {ergonomic}
     uint G1ConcRefinementThreads                  = 4                                         {product} {ergonomic}
   size_t G1HeapRegionSize                         = 1048576                                   {product} {ergonomic}
    uintx GCDrainStackTargetSize                   = 64                                        {product} {ergonomic}
   size_t InitialHeapSize                          = 134217728                                 {product} {ergonomic}
   size_t MarkStackSize                            = 4194304                                   {product} {ergonomic}
   size_t MaxHeapSize                              = 2118123520                                {product} {ergonomic}
   size_t MaxNewSize                               = 1270874112                                {product} {ergonomic}
   size_t MinHeapDeltaBytes                        = 1048576                                   {product} {ergonomic}
   size_t MinHeapSize                              = 8388608                                   {product} {ergonomic}
    uintx NonNMethodCodeHeapSize                   = 5830732                                {pd product} {ergonomic}
    uintx NonProfiledCodeHeapSize                  = 122913754                              {pd product} {ergonomic}
    uintx ProfiledCodeHeapSize                     = 122913754                              {pd product} {ergonomic}
    uintx ReservedCodeCacheSize                    = 251658240                              {pd product} {ergonomic}
     bool SegmentedCodeCache                       = true                                      {product} {ergonomic}
   size_t SoftMaxHeapSize                          = 2118123520                             {manageable} {ergonomic}
     bool UseCompressedClassPointers               = true                                 {lp64_product} {ergonomic}
     bool UseCompressedOops                        = true                                 {lp64_product} {ergonomic}
     bool UseG1GC                                  = true                                      {product} {ergonomic}
     bool UseLargePagesIndividualAllocation        = false                                  {pd product} {ergonomic}

Logging:
Log output configuration:
 #0: stdout all=warning uptime,level,tags
 #1: stderr all=off uptime,level,tags

Environment Variables:
PATH=C:\Program Files (x86)\Common Files\Oracle\Java\javapath;C:\ProgramData\Oracle\Java\javapath;C:\Program Files (x86)\Intel\iCLS Client\;C:\Program Files\Intel\iCLS Client\;C:\Windows\system32;C:\Windows;C:\Windows\System32\Wbem;C:\Windows\System32\WindowsPowerShell\v1.0\;C:\Program Files (x86)\Intel\Intel(R) Management Engine Components\DAL;C:\Program Files\Intel\Intel(R) Management Engine Components\DAL;C:\Program Files (x86)\Intel\Intel(R) Management Engine Components\IPT;C:\Program Files\Intel\Intel(R) Management Engine Components\IPT;C:\Program Files (x86)\NVIDIA Corporation\PhysX\Common;C:\WINDOWS\system32;C:\WINDOWS;C:\WINDOWS\System32\Wbem;C:\WINDOWS\System32\WindowsPowerShell\v1.0\;C:\WINDOWS\System32\OpenSSH\;C:\Program Files (x86)\QuickTime\QTSystem\;C:\Program Files\dotnet\;C:\Program Files\Microsoft SQL Server\130\Tools\Binn\;C:\Program Files\Microsoft SQL Server\Client SDK\ODBC\170\Tools\Binn\;C:\Program Files (x86)\GtkSharp\2.12\bin;C:\Users\Admin\AppData\Local\Programs\Python\Python38-32\Scripts\;C:\Users\Admin\AppData\Local\Programs\Python\Python38-32\;C:\Users\Admin\AppData\Local\Microsoft\WindowsApps;C:\Users\Admin\AppData\Local\GitHubDesktop\bin
USERNAME=Admin
OS=Windows_NT
PROCESSOR_IDENTIFIER=Intel64 Family 6 Model 158 Stepping 9, GenuineIntel



---------------  S Y S T E M  ---------------

OS: Windows 10 , 64 bit Build 18362 (10.0.18362.778)

CPU:total 4 (initial active 4) (4 cores per cpu, 1 threads per core) family 6 model 158 stepping 9, cmov, cx8, fxsr, mmx, sse, sse2, sse3, ssse3, sse4.1, sse4.2, popcnt, avx, avx2, aes, clmul, erms, 3dnowpref, lzcnt, tsc, tscinvbit, bmi1, bmi2, adx, fma

Memory: 4k page, system-wide physical 8075M (1095M free)
TotalPageFile size 12763M (AvailPageFile size 4M)
current process WorkingSet (physical memory assigned to process): 301M, peak: 303M
current process commit charge ("private bytes"): 336M, peak: 362M

vm_info: Java HotSpot(TM) 64-Bit Server VM (13.0.1+9) for windows-amd64 JRE (13.0.1+9), built on Oct  6 2019 12:37:49 by "mach5one" with unknown MS VC++:1916

END.
