#
# There is insufficient memory for the Java Runtime Environment to continue.
# Native memory allocation (mmap) failed to map 34603008 bytes for Failed to commit area from 0x0000000098600000 to 0x000000009a700000 of length 34603008.
# Possible reasons:
#   The system is out of physical RAM or swap space
#   The process is running with CompressedOops enabled, and the Java Heap may be blocking the growth of the native heap
# Possible solutions:
#   Reduce memory load on the system
#   Increase physical memory or swap space
#   Check if swap backing store is full
#   Decrease Java heap size (-Xmx/-Xms)
#   Decrease number of Java threads
#   Decrease Java thread stack sizes (-Xss)
#   Set larger code cache with -XX:ReservedCodeCacheSize=
#   JVM is running with Unscaled Compressed Oops mode in which the Java heap is
#     placed in the first 4GB address space. The Java Heap base address is the
#     maximum limit for the native heap growth. Please use -XX:HeapBaseMinAddress
#     to set the Java Heap base and to place the Java Heap above 4GB virtual address.
# This output file may be truncated or incomplete.
#
#  Out of Memory Error (t:/workspace/open/src/hotspot/os/windows/os_windows.cpp:3301), pid=4772, tid=15692
#
# JRE version: Java(TM) SE Runtime Environment (13.0.1+9) (build 13.0.1+9)
# Java VM: Java HotSpot(TM) 64-Bit Server VM (13.0.1+9, mixed mode, sharing, tiered, compressed oops, g1 gc, windows-amd64)
# No core dump will be written. Minidumps are not enabled by default on client versions of Windows
#

---------------  S U M M A R Y ------------

Command Line: -Dfile.encoding=UTF-8 --add-modules=javafx.controls --module-path=C:\Program Files\Java\javafx-sdk-11.0.2\lib\javafx-swt.jar;C:\Program Files\Java\javafx-sdk-11.0.2\lib\javafx.base.jar;C:\Program Files\Java\javafx-sdk-11.0.2\lib\javafx.controls.jar;C:\Program Files\Java\javafx-sdk-11.0.2\lib\javafx.fxml.jar;C:\Program Files\Java\javafx-sdk-11.0.2\lib\javafx.graphics.jar;C:\Program Files\Java\javafx-sdk-11.0.2\lib\javafx.media.jar;C:\Program Files\Java\javafx-sdk-11.0.2\lib\javafx.swing.jar;C:\Program Files\Java\javafx-sdk-11.0.2\lib\javafx.web.jar creditcardfx.LoginScene

Host: Intel(R) Core(TM) i5-7300HQ CPU @ 2.50GHz, 4 cores, 7G,  Windows 10 , 64 bit Build 18362 (10.0.18362.778)
Time: Tue Apr 21 17:28:59 2020 SE Asia Standard Time elapsed time: 38 seconds (0d 0h 0m 38s)

---------------  T H R E A D  ---------------

Current thread (0x000002063e3cc000):  VMThread "VM Thread" [stack: 0x000000f2a4d00000,0x000000f2a4e00000] [id=15692]

Stack: [0x000000f2a4d00000,0x000000f2a4e00000]
[error occurred during error reporting (printing stack bounds), id 0xc0000005, EXCEPTION_ACCESS_VIOLATION (0xc0000005) at pc=0x00000206282d10ad]

Native frames: (J=compiled Java code, j=interpreted, Vv=VM code, C=native code)
V  [jvm.dll+0x626eca]
V  [jvm.dll+0x772c6a]
V  [jvm.dll+0x77441f]
V  [jvm.dll+0x774985]
V  [jvm.dll+0x77493b]
V  [jvm.dll+0x6266ff]
C  [ntdll.dll+0x785b6]
C  [ntdll.dll+0x6a056]
C  [ntdll.dll+0x9fe3e]
C  0x00000206282d10ad

VM_Operation (0x000000f2a5bfcb10): G1CollectForAllocation, mode: safepoint, requested by thread 0x000002063f26e800


---------------  P R O C E S S  ---------------

Threads class SMR info:
_java_thread_list=0x0000020647214170, length=17, elements={
0x000002061fdd0000, 0x000002063e3d3800, 0x000002063e3d7000, 0x000002063e3ee800,
0x000002063e3f1000, 0x000002063e3f2000, 0x000002063e3f3800, 0x000002063e400800,
0x000002063ee21000, 0x000002063f212800, 0x000002063f7e0000, 0x000002063f26e000,
0x000002063f26e800, 0x0000020646311800, 0x000002063f71c800, 0x00000206471ba000,
0x00000206471b8800
}

Java Threads: ( => current thread )
  0x000002061fdd0000 JavaThread "main" [_thread_blocked, id=9296, stack(0x000000f2a4700000,0x000000f2a4800000)]
  0x000002063e3d3800 JavaThread "Reference Handler" daemon [_thread_blocked, id=6944, stack(0x000000f2a4e00000,0x000000f2a4f00000)]
  0x000002063e3d7000 JavaThread "Finalizer" daemon [_thread_blocked, id=17320, stack(0x000000f2a4f00000,0x000000f2a5000000)]
  0x000002063e3ee800 JavaThread "Signal Dispatcher" daemon [_thread_blocked, id=14816, stack(0x000000f2a5000000,0x000000f2a5100000)]
  0x000002063e3f1000 JavaThread "Attach Listener" daemon [_thread_blocked, id=2244, stack(0x000000f2a5100000,0x000000f2a5200000)]
  0x000002063e3f2000 JavaThread "C2 CompilerThread0" daemon [_thread_blocked, id=10084, stack(0x000000f2a5200000,0x000000f2a5300000)]
  0x000002063e3f3800 JavaThread "C1 CompilerThread0" daemon [_thread_blocked, id=840, stack(0x000000f2a5300000,0x000000f2a5400000)]
  0x000002063e400800 JavaThread "Sweeper thread" daemon [_thread_blocked, id=9268, stack(0x000000f2a5400000,0x000000f2a5500000)]
  0x000002063ee21000 JavaThread "Common-Cleaner" daemon [_thread_blocked, id=13888, stack(0x000000f2a5500000,0x000000f2a5600000)]
  0x000002063f212800 JavaThread "Service Thread" daemon [_thread_blocked, id=10712, stack(0x000000f2a5700000,0x000000f2a5800000)]
  0x000002063f7e0000 JavaThread "QuantumRenderer-0" daemon [_thread_blocked, id=440, stack(0x000000f2a5900000,0x000000f2a5a00000)]
  0x000002063f26e000 JavaThread "InvokeLaterDispatcher" daemon [_thread_blocked, id=7968, stack(0x000000f2a5a00000,0x000000f2a5b00000)]
  0x000002063f26e800 JavaThread "JavaFX Application Thread" [_thread_blocked, id=16616, stack(0x000000f2a5b00000,0x000000f2a5c00000)]
  0x0000020646311800 JavaThread "JavaFX-Launcher" [_thread_blocked, id=17372, stack(0x000000f2a6300000,0x000000f2a6400000)]
  0x000002063f71c800 JavaThread "Thread-2" daemon [_thread_blocked, id=11384, stack(0x000000f2a6200000,0x000000f2a6300000)]
  0x00000206471ba000 JavaThread "Prism Font Disposer" daemon [_thread_blocked, id=11896, stack(0x000000f2a6700000,0x000000f2a6800000)]
  0x00000206471b8800 JavaThread "Cleaner-0" daemon [_thread_blocked, id=8844, stack(0x000000f2a6900000,0x000000f2a6a00000)]

Other Threads:
=>0x000002063e3cc000 VMThread "VM Thread" [stack: 0x000000f2a4d00000,0x000000f2a4e00000] [id=15692]
  0x000002063f339800 WatcherThread [stack: 0x000000f2a5800000,0x000000f2a5900000] [id=15880]
  0x000002061fe15800 GCTaskThread "GC Thread#0" [stack: 0x000000f2a4800000,0x000000f2a4900000] [id=17380]
  0x000002063f5d4800 GCTaskThread "GC Thread#1" [stack: 0x000000f2a5f00000,0x000000f2a6000000] [id=9500]
  0x000002063f5d8000 GCTaskThread "GC Thread#2" [stack: 0x000000f2a6000000,0x000000f2a6100000] [id=15108]
  0x000002063f69e000 GCTaskThread "GC Thread#3" [stack: 0x000000f2a6100000,0x000000f2a6200000] [id=11736]
  0x000002061fe27000 ConcurrentGCThread "G1 Main Marker" [stack: 0x000000f2a4900000,0x000000f2a4a00000] [id=5072]
  0x000002061fe28800 ConcurrentGCThread "G1 Conc#0" [stack: 0x000000f2a4a00000,0x000000f2a4b00000] [id=8564]
  0x000002061fe97800 ConcurrentGCThread "G1 Refine#0" [stack: 0x000000f2a4b00000,0x000000f2a4c00000] [id=8984]
  0x000002063e250800 ConcurrentGCThread "G1 Young RemSet Sampling" [stack: 0x000000f2a4c00000,0x000000f2a4d00000] [id=16488]

Threads with active compile tasks:

VM state:at safepoint (normal execution)

VM Mutex/Monitor currently owned by a thread:  ([mutex/lock_event])
[0x000002061fdcbc10] Threads_lock - owner thread: 0x000002063e3cc000
[0x000002061fdcce10] Heap_lock - owner thread: 0x000002063f26e800

Heap address: 0x0000000081c00000, size: 2020 MB, Compressed Oops mode: 32-bit
Narrow klass base: 0x0000000800000000, Narrow klass shift: 3
Compressed class space size: 1073741824 Address: 0x0000000800b40000

Heap:
 garbage-first heap   total 404480K, used 60054K [0x0000000081c00000, 0x0000000100000000)
  region size 1024K, 4 young (4096K), 4 survivors (4096K)
 Metaspace       used 17309K, capacity 18781K, committed 19072K, reserved 1064960K
  class space    used 2244K, capacity 2649K, committed 2688K, reserved 1048576K
Heap Regions: E=young(eden), S=young(survivor), O=old, HS=humongous(starts), HC=humongous(continues), CS=collection set, F=free, A=archive, TAMS=top-at-mark-start (previous, next)
|   0|0x0000000081c00000, 0x0000000081c00000, 0x0000000081d00000|  0%| F|  |TAMS 0x0000000081c00000, 0x0000000081c00000| Untracked 
|   1|0x0000000081d00000, 0x0000000081d09c00, 0x0000000081e00000|  3%| O|  |TAMS 0x0000000081d09c00, 0x0000000081d09c00| Untracked 
|   2|0x0000000081e00000, 0x0000000081e00000, 0x0000000081f00000|  0%| F|  |TAMS 0x0000000081e00000, 0x0000000081e00000| Untracked 
|   3|0x0000000081f00000, 0x0000000081f00000, 0x0000000082000000|  0%| F|  |TAMS 0x0000000081f00000, 0x0000000081f00000| Untracked 
|   4|0x0000000082000000, 0x0000000082000000, 0x0000000082100000|  0%| F|  |TAMS 0x0000000082000000, 0x0000000082000000| Untracked 
|   5|0x0000000082100000, 0x0000000082200000, 0x0000000082200000|100%|HS|  |TAMS 0x0000000082200000, 0x0000000082200000| Complete 
|   6|0x0000000082200000, 0x0000000082300000, 0x0000000082300000|100%|HC|  |TAMS 0x0000000082300000, 0x0000000082300000| Complete 
|   7|0x0000000082300000, 0x0000000082300000, 0x0000000082400000|  0%| F|  |TAMS 0x0000000082300000, 0x0000000082300000| Untracked 
|   8|0x0000000082400000, 0x0000000082400000, 0x0000000082500000|  0%| F|  |TAMS 0x0000000082400000, 0x0000000082400000| Untracked 
|   9|0x0000000082500000, 0x0000000082500000, 0x0000000082600000|  0%| F|  |TAMS 0x0000000082500000, 0x0000000082500000| Untracked 
|  10|0x0000000082600000, 0x0000000082600000, 0x0000000082700000|  0%| F|  |TAMS 0x0000000082600000, 0x0000000082600000| Untracked 
|  11|0x0000000082700000, 0x0000000082700000, 0x0000000082800000|  0%| F|  |TAMS 0x0000000082700000, 0x0000000082700000| Untracked 
|  12|0x0000000082800000, 0x0000000082900000, 0x0000000082900000|100%| O|  |TAMS 0x0000000082900000, 0x0000000082900000| Untracked 
|  13|0x0000000082900000, 0x0000000082900000, 0x0000000082a00000|  0%| F|  |TAMS 0x0000000082900000, 0x0000000082900000| Untracked 
|  14|0x0000000082a00000, 0x0000000082b00000, 0x0000000082b00000|100%| O|  |TAMS 0x0000000082b00000, 0x0000000082b00000| Untracked 
|  15|0x0000000082b00000, 0x0000000082b00000, 0x0000000082c00000|  0%| F|  |TAMS 0x0000000082b00000, 0x0000000082b00000| Untracked 
|  16|0x0000000082c00000, 0x0000000082d00000, 0x0000000082d00000|100%| O|  |TAMS 0x0000000082d00000, 0x0000000082d00000| Untracked 
|  17|0x0000000082d00000, 0x0000000082e00000, 0x0000000082e00000|100%| O|  |TAMS 0x0000000082e00000, 0x0000000082e00000| Untracked 
|  18|0x0000000082e00000, 0x0000000082f00000, 0x0000000082f00000|100%| O|  |TAMS 0x0000000082f00000, 0x0000000082f00000| Untracked 
|  19|0x0000000082f00000, 0x0000000082f00000, 0x0000000083000000|  0%| F|  |TAMS 0x0000000082f00000, 0x0000000082f00000| Untracked 
|  20|0x0000000083000000, 0x0000000083000000, 0x0000000083100000|  0%| F|  |TAMS 0x0000000083000000, 0x0000000083000000| Untracked 
|  21|0x0000000083100000, 0x0000000083200000, 0x0000000083200000|100%| O|  |TAMS 0x0000000083200000, 0x0000000083200000| Untracked 
|  22|0x0000000083200000, 0x0000000083300000, 0x0000000083300000|100%| O|  |TAMS 0x0000000083300000, 0x0000000083300000| Untracked 
|  23|0x0000000083300000, 0x0000000083400000, 0x0000000083400000|100%| O|  |TAMS 0x0000000083400000, 0x0000000083400000| Untracked 
|  24|0x0000000083400000, 0x0000000083500000, 0x0000000083500000|100%| O|  |TAMS 0x0000000083500000, 0x0000000083500000| Untracked 
|  25|0x0000000083500000, 0x0000000083600000, 0x0000000083600000|100%| O|  |TAMS 0x0000000083600000, 0x0000000083600000| Untracked 
|  26|0x0000000083600000, 0x0000000083700000, 0x0000000083700000|100%| O|  |TAMS 0x0000000083700000, 0x0000000083700000| Untracked 
|  27|0x0000000083700000, 0x0000000083800000, 0x0000000083800000|100%| O|  |TAMS 0x0000000083800000, 0x0000000083800000| Untracked 
|  28|0x0000000083800000, 0x0000000083900000, 0x0000000083900000|100%| O|  |TAMS 0x0000000083900000, 0x0000000083900000| Untracked 
|  29|0x0000000083900000, 0x00000000839cd600, 0x0000000083a00000| 80%| O|  |TAMS 0x00000000839cd600, 0x00000000839cd600| Untracked 
|  30|0x0000000083a00000, 0x0000000083a00000, 0x0000000083b00000|  0%| F|  |TAMS 0x0000000083a00000, 0x0000000083a00000| Untracked 
|  31|0x0000000083b00000, 0x0000000083b99e00, 0x0000000083c00000| 60%| O|  |TAMS 0x0000000083b99e00, 0x0000000083b99e00| Untracked 
|  32|0x0000000083c00000, 0x0000000083cdd600, 0x0000000083d00000| 86%| O|  |TAMS 0x0000000083cdd600, 0x0000000083cdd600| Untracked 
|  33|0x0000000083d00000, 0x0000000083d6a400, 0x0000000083e00000| 41%| O|  |TAMS 0x0000000083d6a400, 0x0000000083d6a400| Untracked 
|  34|0x0000000083e00000, 0x0000000083e67a00, 0x0000000083f00000| 40%| O|  |TAMS 0x0000000083e67a00, 0x0000000083e67a00| Untracked 
|  35|0x0000000083f00000, 0x0000000083fcf200, 0x0000000084000000| 80%| O|  |TAMS 0x0000000083fcf200, 0x0000000083fcf200| Untracked 
|  36|0x0000000084000000, 0x0000000084100000, 0x0000000084100000|100%| O|  |TAMS 0x0000000084100000, 0x0000000084100000| Untracked 
|  37|0x0000000084100000, 0x00000000841aba00, 0x0000000084200000| 67%| O|  |TAMS 0x00000000841aba00, 0x00000000841aba00| Untracked 
|  38|0x0000000084200000, 0x0000000084300000, 0x0000000084300000|100%| O|  |TAMS 0x0000000084300000, 0x0000000084300000| Untracked 
|  39|0x0000000084300000, 0x00000000843aa200, 0x0000000084400000| 66%| O|  |TAMS 0x00000000843aa200, 0x00000000843aa200| Untracked 
|  40|0x0000000084400000, 0x0000000084400000, 0x0000000084500000|  0%| F|  |TAMS 0x0000000084400000, 0x0000000084400000| Untracked 
|  41|0x0000000084500000, 0x0000000084534c00, 0x0000000084600000| 20%| O|  |TAMS 0x0000000084534c00, 0x0000000084534c00| Untracked 
|  42|0x0000000084600000, 0x00000000846e0a00, 0x0000000084700000| 87%| O|  |TAMS 0x00000000846e0a00, 0x00000000846e0a00| Untracked 
|  43|0x0000000084700000, 0x00000000847a6a00, 0x0000000084800000| 65%| O|  |TAMS 0x00000000847a6a00, 0x00000000847a6a00| Untracked 
|  44|0x0000000084800000, 0x00000000848ad400, 0x0000000084900000| 67%| O|  |TAMS 0x00000000848ad400, 0x00000000848ad400| Untracked 
|  45|0x0000000084900000, 0x0000000084900000, 0x0000000084a00000|  0%| F|  |TAMS 0x0000000084900000, 0x0000000084900000| Untracked 
|  46|0x0000000084a00000, 0x0000000084ae9200, 0x0000000084b00000| 91%| O|  |TAMS 0x0000000084ae9200, 0x0000000084ae9200| Untracked 
|  47|0x0000000084b00000, 0x0000000084c00000, 0x0000000084c00000|100%| O|  |TAMS 0x0000000084c00000, 0x0000000084c00000| Untracked 
|  48|0x0000000084c00000, 0x0000000084cdd600, 0x0000000084d00000| 86%| O|  |TAMS 0x0000000084cdd600, 0x0000000084cdd600| Untracked 
|  49|0x0000000084d00000, 0x0000000084e00000, 0x0000000084e00000|100%| O|  |TAMS 0x0000000084e00000, 0x0000000084e00000| Untracked 
|  50|0x0000000084e00000, 0x0000000084f00000, 0x0000000084f00000|100%| O|  |TAMS 0x0000000084f00000, 0x0000000084f00000| Untracked 
|  51|0x0000000084f00000, 0x0000000085000000, 0x0000000085000000|100%| O|  |TAMS 0x0000000085000000, 0x0000000085000000| Untracked 
|  52|0x0000000085000000, 0x0000000085100000, 0x0000000085100000|100%| O|  |TAMS 0x0000000085100000, 0x0000000085100000| Untracked 
|  53|0x0000000085100000, 0x00000000851aa200, 0x0000000085200000| 66%| O|  |TAMS 0x00000000851aa200, 0x00000000851aa200| Untracked 
|  54|0x0000000085200000, 0x000000008523bc00, 0x0000000085300000| 23%| O|  |TAMS 0x000000008523bc00, 0x000000008523bc00| Untracked 
|  55|0x0000000085300000, 0x00000000853eac00, 0x0000000085400000| 91%| O|  |TAMS 0x00000000853eac00, 0x00000000853eac00| Untracked 
|  56|0x0000000085400000, 0x0000000085433400, 0x0000000085500000| 20%| O|  |TAMS 0x0000000085433400, 0x0000000085433400| Untracked 
|  57|0x0000000085500000, 0x00000000855ea000, 0x0000000085600000| 91%| O|  |TAMS 0x00000000855ea000, 0x00000000855ea000| Untracked 
|  58|0x0000000085600000, 0x00000000856e6600, 0x0000000085700000| 89%| O|  |TAMS 0x00000000856e6600, 0x00000000856e6600| Untracked 
|  59|0x0000000085700000, 0x0000000085776000, 0x0000000085800000| 46%| O|  |TAMS 0x0000000085776000, 0x0000000085776000| Untracked 
|  60|0x0000000085800000, 0x00000000858e6000, 0x0000000085900000| 89%| O|  |TAMS 0x00000000858e6000, 0x00000000858e6000| Untracked 
|  61|0x0000000085900000, 0x0000000085970600, 0x0000000085a00000| 43%| O|  |TAMS 0x0000000085970600, 0x0000000085970600| Untracked 
|  62|0x0000000085a00000, 0x0000000085a00000, 0x0000000085b00000|  0%| F|  |TAMS 0x0000000085a00000, 0x0000000085a00000| Untracked 
|  63|0x0000000085b00000, 0x0000000085b4f400, 0x0000000085c00000| 30%| O|  |TAMS 0x0000000085b4f400, 0x0000000085b4f400| Untracked 
|  64|0x0000000085c00000, 0x0000000085cf2800, 0x0000000085d00000| 94%| O|  |TAMS 0x0000000085cf2800, 0x0000000085cf2800| Untracked 
|  65|0x0000000085d00000, 0x0000000085da9c08, 0x0000000085e00000| 66%| O|  |TAMS 0x0000000085da9c08, 0x0000000085da9c08| Untracked 
|  66|0x0000000085e00000, 0x0000000085f00000, 0x0000000085f00000|100%| O|  |TAMS 0x0000000085f00000, 0x0000000085f00000| Untracked 
|  67|0x0000000085f00000, 0x0000000086000000, 0x0000000086000000|100%| O|  |TAMS 0x0000000086000000, 0x0000000086000000| Untracked 
|  68|0x0000000086000000, 0x00000000860ea800, 0x0000000086100000| 91%| O|  |TAMS 0x00000000860ea800, 0x00000000860ea800| Untracked 
|  69|0x0000000086100000, 0x00000000861afe00, 0x0000000086200000| 68%| O|  |TAMS 0x000000008613bc00, 0x000000008617a800| Untracked 
|  70|0x0000000086200000, 0x00000000862e8000, 0x0000000086300000| 90%| O|  |TAMS 0x00000000862e8000, 0x00000000862e8000| Untracked 
|  71|0x0000000086300000, 0x0000000086400000, 0x0000000086400000|100%| O|  |TAMS 0x0000000086400000, 0x0000000086400000| Untracked 
|  72|0x0000000086400000, 0x00000000864e2a00, 0x0000000086500000| 88%| O|  |TAMS 0x00000000864e2a00, 0x00000000864e2a00| Untracked 
|  73|0x0000000086500000, 0x000000008653e200, 0x0000000086600000| 24%| O|  |TAMS 0x000000008653e200, 0x000000008653e200| Untracked 
|  74|0x0000000086600000, 0x0000000086600000, 0x0000000086700000|  0%| F|  |TAMS 0x0000000086600000, 0x0000000086600000| Untracked 
|  75|0x0000000086700000, 0x0000000086700000, 0x0000000086800000|  0%| F|  |TAMS 0x0000000086700000, 0x0000000086700000| Untracked 
|  76|0x0000000086800000, 0x0000000086800000, 0x0000000086900000|  0%| F|  |TAMS 0x0000000086800000, 0x0000000086800000| Untracked 
|  77|0x0000000086900000, 0x0000000086900000, 0x0000000086a00000|  0%| F|  |TAMS 0x0000000086900000, 0x0000000086900000| Untracked 
|  78|0x0000000086a00000, 0x0000000086a00000, 0x0000000086b00000|  0%| F|  |TAMS 0x0000000086a00000, 0x0000000086a00000| Untracked 
|  79|0x0000000086b00000, 0x0000000086b00000, 0x0000000086c00000|  0%| F|  |TAMS 0x0000000086b00000, 0x0000000086b00000| Untracked 
|  80|0x0000000086c00000, 0x0000000086c00000, 0x0000000086d00000|  0%| F|  |TAMS 0x0000000086c00000, 0x0000000086c00000| Untracked 
|  81|0x0000000086d00000, 0x0000000086d00000, 0x0000000086e00000|  0%| F|  |TAMS 0x0000000086d00000, 0x0000000086d00000| Untracked 
|  82|0x0000000086e00000, 0x0000000086e00000, 0x0000000086f00000|  0%| F|  |TAMS 0x0000000086e00000, 0x0000000086e00000| Untracked 
|  83|0x0000000086f00000, 0x0000000086f00000, 0x0000000087000000|  0%| F|  |TAMS 0x0000000086f00000, 0x0000000086f00000| Untracked 
|  84|0x0000000087000000, 0x0000000087000000, 0x0000000087100000|  0%| F|  |TAMS 0x0000000087000000, 0x0000000087000000| Untracked 
|  85|0x0000000087100000, 0x0000000087100000, 0x0000000087200000|  0%| F|  |TAMS 0x0000000087100000, 0x0000000087100000| Untracked 
|  86|0x0000000087200000, 0x0000000087200000, 0x0000000087300000|  0%| F|  |TAMS 0x0000000087200000, 0x0000000087200000| Untracked 
|  87|0x0000000087300000, 0x0000000087300000, 0x0000000087400000|  0%| F|  |TAMS 0x0000000087300000, 0x0000000087300000| Untracked 
|  88|0x0000000087400000, 0x0000000087400000, 0x0000000087500000|  0%| F|  |TAMS 0x0000000087400000, 0x0000000087400000| Untracked 
|  89|0x0000000087500000, 0x0000000087500000, 0x0000000087600000|  0%| F|  |TAMS 0x0000000087500000, 0x0000000087500000| Untracked 
|  90|0x0000000087600000, 0x0000000087600000, 0x0000000087700000|  0%| F|  |TAMS 0x0000000087600000, 0x0000000087600000| Untracked 
|  91|0x0000000087700000, 0x0000000087700000, 0x0000000087800000|  0%| F|  |TAMS 0x0000000087700000, 0x0000000087700000| Untracked 
|  92|0x0000000087800000, 0x0000000087800000, 0x0000000087900000|  0%| F|  |TAMS 0x0000000087800000, 0x0000000087800000| Untracked 
|  93|0x0000000087900000, 0x0000000087900000, 0x0000000087a00000|  0%| F|  |TAMS 0x0000000087900000, 0x0000000087900000| Untracked 
|  94|0x0000000087a00000, 0x0000000087a00000, 0x0000000087b00000|  0%| F|  |TAMS 0x0000000087a00000, 0x0000000087a00000| Untracked 
|  95|0x0000000087b00000, 0x0000000087b00000, 0x0000000087c00000|  0%| F|  |TAMS 0x0000000087b00000, 0x0000000087b00000| Untracked 
|  96|0x0000000087c00000, 0x0000000087c00000, 0x0000000087d00000|  0%| F|  |TAMS 0x0000000087c00000, 0x0000000087c00000| Untracked 
|  97|0x0000000087d00000, 0x0000000087d00000, 0x0000000087e00000|  0%| F|  |TAMS 0x0000000087d00000, 0x0000000087d00000| Untracked 
|  98|0x0000000087e00000, 0x0000000087e00000, 0x0000000087f00000|  0%| F|  |TAMS 0x0000000087e00000, 0x0000000087e00000| Untracked 
|  99|0x0000000087f00000, 0x0000000087f00000, 0x0000000088000000|  0%| F|  |TAMS 0x0000000087f00000, 0x0000000087f00000| Untracked 
| 100|0x0000000088000000, 0x0000000088000000, 0x0000000088100000|  0%| F|  |TAMS 0x0000000088000000, 0x0000000088000000| Untracked 
| 101|0x0000000088100000, 0x0000000088100000, 0x0000000088200000|  0%| F|  |TAMS 0x0000000088100000, 0x0000000088100000| Untracked 
| 102|0x0000000088200000, 0x0000000088200000, 0x0000000088300000|  0%| F|  |TAMS 0x0000000088200000, 0x0000000088200000| Untracked 
| 103|0x0000000088300000, 0x0000000088300000, 0x0000000088400000|  0%| F|  |TAMS 0x0000000088300000, 0x0000000088300000| Untracked 
| 104|0x0000000088400000, 0x0000000088400000, 0x0000000088500000|  0%| F|  |TAMS 0x0000000088400000, 0x0000000088400000| Untracked 
| 105|0x0000000088500000, 0x0000000088500000, 0x0000000088600000|  0%| F|  |TAMS 0x0000000088500000, 0x0000000088500000| Untracked 
| 106|0x0000000088600000, 0x0000000088600000, 0x0000000088700000|  0%| F|  |TAMS 0x0000000088600000, 0x0000000088600000| Untracked 
| 107|0x0000000088700000, 0x0000000088700000, 0x0000000088800000|  0%| F|  |TAMS 0x0000000088700000, 0x0000000088700000| Untracked 
| 108|0x0000000088800000, 0x0000000088800000, 0x0000000088900000|  0%| F|  |TAMS 0x0000000088800000, 0x0000000088800000| Untracked 
| 109|0x0000000088900000, 0x0000000088900000, 0x0000000088a00000|  0%| F|  |TAMS 0x0000000088900000, 0x0000000088900000| Untracked 
| 110|0x0000000088a00000, 0x0000000088a00000, 0x0000000088b00000|  0%| F|  |TAMS 0x0000000088a00000, 0x0000000088a00000| Untracked 
| 111|0x0000000088b00000, 0x0000000088b00000, 0x0000000088c00000|  0%| F|  |TAMS 0x0000000088b00000, 0x0000000088b00000| Untracked 
| 112|0x0000000088c00000, 0x0000000088c00000, 0x0000000088d00000|  0%| F|  |TAMS 0x0000000088c00000, 0x0000000088c00000| Untracked 
| 113|0x0000000088d00000, 0x0000000088d00000, 0x0000000088e00000|  0%| F|  |TAMS 0x0000000088d00000, 0x0000000088d00000| Untracked 
| 114|0x0000000088e00000, 0x0000000088e00000, 0x0000000088f00000|  0%| F|  |TAMS 0x0000000088e00000, 0x0000000088e00000| Untracked 
| 115|0x0000000088f00000, 0x0000000088f00000, 0x0000000089000000|  0%| F|  |TAMS 0x0000000088f00000, 0x0000000088f00000| Untracked 
| 116|0x0000000089000000, 0x0000000089000000, 0x0000000089100000|  0%| F|  |TAMS 0x0000000089000000, 0x0000000089000000| Untracked 
| 117|0x0000000089100000, 0x0000000089100000, 0x0000000089200000|  0%| F|  |TAMS 0x0000000089100000, 0x0000000089100000| Untracked 
| 118|0x0000000089200000, 0x0000000089200000, 0x0000000089300000|  0%| F|  |TAMS 0x0000000089200000, 0x0000000089200000| Untracked 
| 119|0x0000000089300000, 0x0000000089300000, 0x0000000089400000|  0%| F|  |TAMS 0x0000000089300000, 0x0000000089300000| Untracked 
| 120|0x0000000089400000, 0x0000000089400000, 0x0000000089500000|  0%| F|  |TAMS 0x0000000089400000, 0x0000000089400000| Untracked 
| 121|0x0000000089500000, 0x0000000089500000, 0x0000000089600000|  0%| F|  |TAMS 0x0000000089500000, 0x0000000089500000| Untracked 
| 122|0x0000000089600000, 0x0000000089600000, 0x0000000089700000|  0%| F|  |TAMS 0x0000000089600000, 0x0000000089600000| Untracked 
| 123|0x0000000089700000, 0x0000000089700000, 0x0000000089800000|  0%| F|  |TAMS 0x0000000089700000, 0x0000000089700000| Untracked 
| 124|0x0000000089800000, 0x0000000089800000, 0x0000000089900000|  0%| F|  |TAMS 0x0000000089800000, 0x0000000089800000| Untracked 
| 125|0x0000000089900000, 0x0000000089a00000, 0x0000000089a00000|100%| O|  |TAMS 0x0000000089a00000, 0x0000000089a00000| Untracked 
| 126|0x0000000089a00000, 0x0000000089b00000, 0x0000000089b00000|100%| O|  |TAMS 0x0000000089b00000, 0x0000000089b00000| Untracked 
| 127|0x0000000089b00000, 0x0000000089c00000, 0x0000000089c00000|100%| O|  |TAMS 0x0000000089c00000, 0x0000000089c00000| Untracked 
| 128|0x0000000089c00000, 0x0000000089d00000, 0x0000000089d00000|100%| O|  |TAMS 0x0000000089d00000, 0x0000000089d00000| Untracked 
| 129|0x0000000089d00000, 0x0000000089e00000, 0x0000000089e00000|100%| O|  |TAMS 0x0000000089e00000, 0x0000000089e00000| Untracked 
| 130|0x0000000089e00000, 0x0000000089f00000, 0x0000000089f00000|100%| O|  |TAMS 0x0000000089f00000, 0x0000000089f00000| Untracked 
| 131|0x0000000089f00000, 0x000000008a000000, 0x000000008a000000|100%| O|  |TAMS 0x000000008a000000, 0x000000008a000000| Untracked 
| 132|0x000000008a000000, 0x000000008a100000, 0x000000008a100000|100%| O|  |TAMS 0x000000008a100000, 0x000000008a100000| Untracked 
| 133|0x000000008a100000, 0x000000008a1b2c00, 0x000000008a200000| 69%| O|  |TAMS 0x000000008a1b2c00, 0x000000008a1b2c00| Untracked 
| 134|0x000000008a200000, 0x000000008a200000, 0x000000008a300000|  0%| F|  |TAMS 0x000000008a200000, 0x000000008a200000| Untracked 
| 135|0x000000008a300000, 0x000000008a300000, 0x000000008a400000|  0%| F|  |TAMS 0x000000008a300000, 0x000000008a300000| Untracked 
| 136|0x000000008a400000, 0x000000008a400000, 0x000000008a500000|  0%| F|  |TAMS 0x000000008a400000, 0x000000008a400000| Untracked 
| 137|0x000000008a500000, 0x000000008a500000, 0x000000008a600000|  0%| F|  |TAMS 0x000000008a500000, 0x000000008a500000| Untracked 
| 138|0x000000008a600000, 0x000000008a600000, 0x000000008a700000|  0%| F|  |TAMS 0x000000008a600000, 0x000000008a600000| Untracked 
| 139|0x000000008a700000, 0x000000008a700000, 0x000000008a800000|  0%| F|  |TAMS 0x000000008a700000, 0x000000008a700000| Untracked 
| 140|0x000000008a800000, 0x000000008a800000, 0x000000008a900000|  0%| F|  |TAMS 0x000000008a800000, 0x000000008a800000| Untracked 
| 141|0x000000008a900000, 0x000000008a900000, 0x000000008aa00000|  0%| F|  |TAMS 0x000000008a900000, 0x000000008a900000| Untracked 
| 142|0x000000008aa00000, 0x000000008aa00000, 0x000000008ab00000|  0%| F|  |TAMS 0x000000008aa00000, 0x000000008aa00000| Untracked 
| 143|0x000000008ab00000, 0x000000008ab00000, 0x000000008ac00000|  0%| F|  |TAMS 0x000000008ab00000, 0x000000008ab00000| Untracked 
| 144|0x000000008ac00000, 0x000000008ac00000, 0x000000008ad00000|  0%| F|  |TAMS 0x000000008ac00000, 0x000000008ac00000| Untracked 
| 145|0x000000008ad00000, 0x000000008ad00000, 0x000000008ae00000|  0%| F|  |TAMS 0x000000008ad00000, 0x000000008ad00000| Untracked 
| 146|0x000000008ae00000, 0x000000008ae00000, 0x000000008af00000|  0%| F|  |TAMS 0x000000008ae00000, 0x000000008ae00000| Untracked 
| 147|0x000000008af00000, 0x000000008af00000, 0x000000008b000000|  0%| F|  |TAMS 0x000000008af00000, 0x000000008af00000| Untracked 
| 148|0x000000008b000000, 0x000000008b000000, 0x000000008b100000|  0%| F|  |TAMS 0x000000008b000000, 0x000000008b000000| Untracked 
| 149|0x000000008b100000, 0x000000008b100000, 0x000000008b200000|  0%| F|  |TAMS 0x000000008b100000, 0x000000008b100000| Untracked 
| 150|0x000000008b200000, 0x000000008b200000, 0x000000008b300000|  0%| F|  |TAMS 0x000000008b200000, 0x000000008b200000| Untracked 
| 151|0x000000008b300000, 0x000000008b300000, 0x000000008b400000|  0%| F|  |TAMS 0x000000008b300000, 0x000000008b300000| Untracked 
| 152|0x000000008b400000, 0x000000008b400000, 0x000000008b500000|  0%| F|  |TAMS 0x000000008b400000, 0x000000008b400000| Untracked 
| 153|0x000000008b500000, 0x000000008b500000, 0x000000008b600000|  0%| F|  |TAMS 0x000000008b500000, 0x000000008b500000| Untracked 
| 154|0x000000008b600000, 0x000000008b600000, 0x000000008b700000|  0%| F|  |TAMS 0x000000008b600000, 0x000000008b600000| Untracked 
| 155|0x000000008b700000, 0x000000008b700000, 0x000000008b800000|  0%| F|  |TAMS 0x000000008b700000, 0x000000008b700000| Untracked 
| 156|0x000000008b800000, 0x000000008b800000, 0x000000008b900000|  0%| F|  |TAMS 0x000000008b800000, 0x000000008b800000| Untracked 
| 157|0x000000008b900000, 0x000000008b900000, 0x000000008ba00000|  0%| F|  |TAMS 0x000000008b900000, 0x000000008b900000| Untracked 
| 158|0x000000008ba00000, 0x000000008ba00000, 0x000000008bb00000|  0%| F|  |TAMS 0x000000008ba00000, 0x000000008ba00000| Untracked 
| 159|0x000000008bb00000, 0x000000008bb00000, 0x000000008bc00000|  0%| F|  |TAMS 0x000000008bb00000, 0x000000008bb00000| Untracked 
| 160|0x000000008bc00000, 0x000000008bc00000, 0x000000008bd00000|  0%| F|  |TAMS 0x000000008bc00000, 0x000000008bc00000| Untracked 
| 161|0x000000008bd00000, 0x000000008bd00000, 0x000000008be00000|  0%| F|  |TAMS 0x000000008bd00000, 0x000000008bd00000| Untracked 
| 162|0x000000008be00000, 0x000000008be00000, 0x000000008bf00000|  0%| F|  |TAMS 0x000000008be00000, 0x000000008be00000| Untracked 
| 163|0x000000008bf00000, 0x000000008bf00000, 0x000000008c000000|  0%| F|  |TAMS 0x000000008bf00000, 0x000000008bf00000| Untracked 
| 164|0x000000008c000000, 0x000000008c000000, 0x000000008c100000|  0%| F|  |TAMS 0x000000008c000000, 0x000000008c000000| Untracked 
| 165|0x000000008c100000, 0x000000008c100000, 0x000000008c200000|  0%| F|  |TAMS 0x000000008c100000, 0x000000008c100000| Untracked 
| 166|0x000000008c200000, 0x000000008c200000, 0x000000008c300000|  0%| F|  |TAMS 0x000000008c200000, 0x000000008c200000| Untracked 
| 167|0x000000008c300000, 0x000000008c300000, 0x000000008c400000|  0%| F|  |TAMS 0x000000008c300000, 0x000000008c300000| Untracked 
| 168|0x000000008c400000, 0x000000008c400000, 0x000000008c500000|  0%| F|  |TAMS 0x000000008c400000, 0x000000008c400000| Untracked 
| 169|0x000000008c500000, 0x000000008c500000, 0x000000008c600000|  0%| F|  |TAMS 0x000000008c500000, 0x000000008c500000| Untracked 
| 170|0x000000008c600000, 0x000000008c600000, 0x000000008c700000|  0%| F|  |TAMS 0x000000008c600000, 0x000000008c600000| Untracked 
| 171|0x000000008c700000, 0x000000008c700000, 0x000000008c800000|  0%| F|  |TAMS 0x000000008c700000, 0x000000008c700000| Untracked 
| 172|0x000000008c800000, 0x000000008c800000, 0x000000008c900000|  0%| F|  |TAMS 0x000000008c800000, 0x000000008c800000| Untracked 
| 173|0x000000008c900000, 0x000000008c900000, 0x000000008ca00000|  0%| F|  |TAMS 0x000000008c900000, 0x000000008c900000| Untracked 
| 174|0x000000008ca00000, 0x000000008ca00000, 0x000000008cb00000|  0%| F|  |TAMS 0x000000008ca00000, 0x000000008ca00000| Untracked 
| 175|0x000000008cb00000, 0x000000008cb00000, 0x000000008cc00000|  0%| F|  |TAMS 0x000000008cb00000, 0x000000008cb00000| Untracked 
| 176|0x000000008cc00000, 0x000000008cc00000, 0x000000008cd00000|  0%| F|  |TAMS 0x000000008cc00000, 0x000000008cc00000| Untracked 
| 177|0x000000008cd00000, 0x000000008cd00000, 0x000000008ce00000|  0%| F|  |TAMS 0x000000008cd00000, 0x000000008cd00000| Untracked 
| 178|0x000000008ce00000, 0x000000008ce00000, 0x000000008cf00000|  0%| F|  |TAMS 0x000000008ce00000, 0x000000008ce00000| Untracked 
| 179|0x000000008cf00000, 0x000000008cf00000, 0x000000008d000000|  0%| F|  |TAMS 0x000000008cf00000, 0x000000008cf00000| Untracked 
| 180|0x000000008d000000, 0x000000008d000000, 0x000000008d100000|  0%| F|  |TAMS 0x000000008d000000, 0x000000008d000000| Untracked 
| 181|0x000000008d100000, 0x000000008d100000, 0x000000008d200000|  0%| F|  |TAMS 0x000000008d100000, 0x000000008d100000| Untracked 
| 182|0x000000008d200000, 0x000000008d200000, 0x000000008d300000|  0%| F|  |TAMS 0x000000008d200000, 0x000000008d200000| Untracked 
| 183|0x000000008d300000, 0x000000008d300000, 0x000000008d400000|  0%| F|  |TAMS 0x000000008d300000, 0x000000008d300000| Untracked 
| 184|0x000000008d400000, 0x000000008d400000, 0x000000008d500000|  0%| F|  |TAMS 0x000000008d400000, 0x000000008d400000| Untracked 
| 185|0x000000008d500000, 0x000000008d500000, 0x000000008d600000|  0%| F|  |TAMS 0x000000008d500000, 0x000000008d500000| Untracked 
| 186|0x000000008d600000, 0x000000008d600000, 0x000000008d700000|  0%| F|  |TAMS 0x000000008d600000, 0x000000008d600000| Untracked 
| 187|0x000000008d700000, 0x000000008d700000, 0x000000008d800000|  0%| F|  |TAMS 0x000000008d700000, 0x000000008d700000| Untracked 
| 188|0x000000008d800000, 0x000000008d800000, 0x000000008d900000|  0%| F|  |TAMS 0x000000008d800000, 0x000000008d800000| Untracked 
| 189|0x000000008d900000, 0x000000008d900000, 0x000000008da00000|  0%| F|  |TAMS 0x000000008d900000, 0x000000008d900000| Untracked 
| 190|0x000000008da00000, 0x000000008da00000, 0x000000008db00000|  0%| F|  |TAMS 0x000000008da00000, 0x000000008da00000| Untracked 
| 191|0x000000008db00000, 0x000000008db00000, 0x000000008dc00000|  0%| F|  |TAMS 0x000000008db00000, 0x000000008db00000| Untracked 
| 192|0x000000008dc00000, 0x000000008dc00000, 0x000000008dd00000|  0%| F|  |TAMS 0x000000008dc00000, 0x000000008dc00000| Untracked 
| 193|0x000000008dd00000, 0x000000008dd00000, 0x000000008de00000|  0%| F|  |TAMS 0x000000008dd00000, 0x000000008dd00000| Untracked 
| 194|0x000000008de00000, 0x000000008de00000, 0x000000008df00000|  0%| F|  |TAMS 0x000000008de00000, 0x000000008de00000| Untracked 
| 195|0x000000008df00000, 0x000000008df00000, 0x000000008e000000|  0%| F|  |TAMS 0x000000008df00000, 0x000000008df00000| Untracked 
| 196|0x000000008e000000, 0x000000008e000000, 0x000000008e100000|  0%| F|  |TAMS 0x000000008e000000, 0x000000008e000000| Untracked 
| 197|0x000000008e100000, 0x000000008e100000, 0x000000008e200000|  0%| F|  |TAMS 0x000000008e100000, 0x000000008e100000| Untracked 
| 198|0x000000008e200000, 0x000000008e200000, 0x000000008e300000|  0%| F|  |TAMS 0x000000008e200000, 0x000000008e200000| Untracked 
| 199|0x000000008e300000, 0x000000008e300000, 0x000000008e400000|  0%| F|  |TAMS 0x000000008e300000, 0x000000008e300000| Untracked 
| 200|0x000000008e400000, 0x000000008e400000, 0x000000008e500000|  0%| F|  |TAMS 0x000000008e400000, 0x000000008e400000| Untracked 
| 201|0x000000008e500000, 0x000000008e500000, 0x000000008e600000|  0%| F|  |TAMS 0x000000008e500000, 0x000000008e500000| Untracked 
| 202|0x000000008e600000, 0x000000008e600000, 0x000000008e700000|  0%| F|  |TAMS 0x000000008e600000, 0x000000008e600000| Untracked 
| 203|0x000000008e700000, 0x000000008e700000, 0x000000008e800000|  0%| F|  |TAMS 0x000000008e700000, 0x000000008e700000| Untracked 
| 204|0x000000008e800000, 0x000000008e800000, 0x000000008e900000|  0%| F|  |TAMS 0x000000008e800000, 0x000000008e800000| Untracked 
| 205|0x000000008e900000, 0x000000008e900000, 0x000000008ea00000|  0%| F|  |TAMS 0x000000008e900000, 0x000000008e900000| Untracked 
| 206|0x000000008ea00000, 0x000000008ea00000, 0x000000008eb00000|  0%| F|  |TAMS 0x000000008ea00000, 0x000000008ea00000| Untracked 
| 207|0x000000008eb00000, 0x000000008eb00000, 0x000000008ec00000|  0%| F|  |TAMS 0x000000008eb00000, 0x000000008eb00000| Untracked 
| 208|0x000000008ec00000, 0x000000008ec00000, 0x000000008ed00000|  0%| F|  |TAMS 0x000000008ec00000, 0x000000008ec00000| Untracked 
| 209|0x000000008ed00000, 0x000000008ed00000, 0x000000008ee00000|  0%| F|  |TAMS 0x000000008ed00000, 0x000000008ed00000| Untracked 
| 210|0x000000008ee00000, 0x000000008ee00000, 0x000000008ef00000|  0%| F|  |TAMS 0x000000008ee00000, 0x000000008ee00000| Untracked 
| 211|0x000000008ef00000, 0x000000008f000000, 0x000000008f000000|100%| O|  |TAMS 0x000000008f000000, 0x000000008f000000| Untracked 
| 212|0x000000008f000000, 0x000000008f000000, 0x000000008f100000|  0%| F|  |TAMS 0x000000008f000000, 0x000000008f000000| Untracked 
| 213|0x000000008f100000, 0x000000008f100000, 0x000000008f200000|  0%| F|  |TAMS 0x000000008f100000, 0x000000008f100000| Untracked 
| 214|0x000000008f200000, 0x000000008f200000, 0x000000008f300000|  0%| F|  |TAMS 0x000000008f200000, 0x000000008f200000| Untracked 
| 215|0x000000008f300000, 0x000000008f300000, 0x000000008f400000|  0%| F|  |TAMS 0x000000008f300000, 0x000000008f300000| Untracked 
| 216|0x000000008f400000, 0x000000008f400000, 0x000000008f500000|  0%| F|  |TAMS 0x000000008f400000, 0x000000008f400000| Untracked 
| 217|0x000000008f500000, 0x000000008f500000, 0x000000008f600000|  0%| F|  |TAMS 0x000000008f500000, 0x000000008f500000| Untracked 
| 218|0x000000008f600000, 0x000000008f600000, 0x000000008f700000|  0%| F|  |TAMS 0x000000008f600000, 0x000000008f600000| Untracked 
| 219|0x000000008f700000, 0x000000008f700000, 0x000000008f800000|  0%| F|  |TAMS 0x000000008f700000, 0x000000008f700000| Untracked 
| 220|0x000000008f800000, 0x000000008f800000, 0x000000008f900000|  0%| F|  |TAMS 0x000000008f800000, 0x000000008f800000| Untracked 
| 221|0x000000008f900000, 0x000000008f900000, 0x000000008fa00000|  0%| F|  |TAMS 0x000000008f900000, 0x000000008f900000| Untracked 
| 222|0x000000008fa00000, 0x000000008fa00000, 0x000000008fb00000|  0%| F|  |TAMS 0x000000008fa00000, 0x000000008fa00000| Untracked 
| 223|0x000000008fb00000, 0x000000008fb00000, 0x000000008fc00000|  0%| F|  |TAMS 0x000000008fb00000, 0x000000008fb00000| Untracked 
| 224|0x000000008fc00000, 0x000000008fc00000, 0x000000008fd00000|  0%| F|  |TAMS 0x000000008fc00000, 0x000000008fc00000| Untracked 
| 225|0x000000008fd00000, 0x000000008fd00000, 0x000000008fe00000|  0%| F|  |TAMS 0x000000008fd00000, 0x000000008fd00000| Untracked 
| 226|0x000000008fe00000, 0x000000008fe00000, 0x000000008ff00000|  0%| F|  |TAMS 0x000000008fe00000, 0x000000008fe00000| Untracked 
| 227|0x000000008ff00000, 0x000000008ff00000, 0x0000000090000000|  0%| F|  |TAMS 0x000000008ff00000, 0x000000008ff00000| Untracked 
| 228|0x0000000090000000, 0x0000000090000000, 0x0000000090100000|  0%| F|  |TAMS 0x0000000090000000, 0x0000000090000000| Untracked 
| 229|0x0000000090100000, 0x0000000090100000, 0x0000000090200000|  0%| F|  |TAMS 0x0000000090100000, 0x0000000090100000| Untracked 
| 230|0x0000000090200000, 0x0000000090200000, 0x0000000090300000|  0%| F|  |TAMS 0x0000000090200000, 0x0000000090200000| Untracked 
| 231|0x0000000090300000, 0x0000000090300000, 0x0000000090400000|  0%| F|  |TAMS 0x0000000090300000, 0x0000000090300000| Untracked 
| 232|0x0000000090400000, 0x0000000090400000, 0x0000000090500000|  0%| F|  |TAMS 0x0000000090400000, 0x0000000090400000| Untracked 
| 233|0x0000000090500000, 0x0000000090500000, 0x0000000090600000|  0%| F|  |TAMS 0x0000000090500000, 0x0000000090500000| Untracked 
| 234|0x0000000090600000, 0x0000000090600000, 0x0000000090700000|  0%| F|  |TAMS 0x0000000090600000, 0x0000000090600000| Untracked 
| 235|0x0000000090700000, 0x0000000090700000, 0x0000000090800000|  0%| F|  |TAMS 0x0000000090700000, 0x0000000090700000| Untracked 
| 236|0x0000000090800000, 0x0000000090800000, 0x0000000090900000|  0%| F|  |TAMS 0x0000000090800000, 0x0000000090800000| Untracked 
| 237|0x0000000090900000, 0x0000000090900000, 0x0000000090a00000|  0%| F|  |TAMS 0x0000000090900000, 0x0000000090900000| Untracked 
| 238|0x0000000090a00000, 0x0000000090a00000, 0x0000000090b00000|  0%| F|  |TAMS 0x0000000090a00000, 0x0000000090a00000| Untracked 
| 239|0x0000000090b00000, 0x0000000090b00000, 0x0000000090c00000|  0%| F|  |TAMS 0x0000000090b00000, 0x0000000090b00000| Untracked 
| 240|0x0000000090c00000, 0x0000000090c00000, 0x0000000090d00000|  0%| F|  |TAMS 0x0000000090c00000, 0x0000000090c00000| Untracked 
| 241|0x0000000090d00000, 0x0000000090d00000, 0x0000000090e00000|  0%| F|  |TAMS 0x0000000090d00000, 0x0000000090d00000| Untracked 
| 242|0x0000000090e00000, 0x0000000090e00000, 0x0000000090f00000|  0%| F|  |TAMS 0x0000000090e00000, 0x0000000090e00000| Untracked 
| 243|0x0000000090f00000, 0x0000000090f00000, 0x0000000091000000|  0%| F|  |TAMS 0x0000000090f00000, 0x0000000090f00000| Untracked 
| 244|0x0000000091000000, 0x0000000091000000, 0x0000000091100000|  0%| F|  |TAMS 0x0000000091000000, 0x0000000091000000| Untracked 
| 245|0x0000000091100000, 0x0000000091100000, 0x0000000091200000|  0%| F|  |TAMS 0x0000000091100000, 0x0000000091100000| Untracked 
| 246|0x0000000091200000, 0x0000000091200000, 0x0000000091300000|  0%| F|  |TAMS 0x0000000091200000, 0x0000000091200000| Untracked 
| 247|0x0000000091300000, 0x0000000091300000, 0x0000000091400000|  0%| F|  |TAMS 0x0000000091300000, 0x0000000091300000| Untracked 
| 248|0x0000000091400000, 0x0000000091400000, 0x0000000091500000|  0%| F|  |TAMS 0x0000000091400000, 0x0000000091400000| Untracked 
| 249|0x0000000091500000, 0x0000000091500000, 0x0000000091600000|  0%| F|  |TAMS 0x0000000091500000, 0x0000000091500000| Untracked 
| 250|0x0000000091600000, 0x0000000091600000, 0x0000000091700000|  0%| F|  |TAMS 0x0000000091600000, 0x0000000091600000| Untracked 
| 251|0x0000000091700000, 0x0000000091700000, 0x0000000091800000|  0%| F|  |TAMS 0x0000000091700000, 0x0000000091700000| Untracked 
| 252|0x0000000091800000, 0x0000000091800000, 0x0000000091900000|  0%| F|  |TAMS 0x0000000091800000, 0x0000000091800000| Untracked 
| 253|0x0000000091900000, 0x0000000091900000, 0x0000000091a00000|  0%| F|  |TAMS 0x0000000091900000, 0x0000000091900000| Untracked 
| 254|0x0000000091a00000, 0x0000000091a00000, 0x0000000091b00000|  0%| F|  |TAMS 0x0000000091a00000, 0x0000000091a00000| Untracked 
| 255|0x0000000091b00000, 0x0000000091b00000, 0x0000000091c00000|  0%| F|  |TAMS 0x0000000091b00000, 0x0000000091b00000| Untracked 
| 256|0x0000000091c00000, 0x0000000091c00000, 0x0000000091d00000|  0%| F|  |TAMS 0x0000000091c00000, 0x0000000091c00000| Untracked 
| 257|0x0000000091d00000, 0x0000000091d00000, 0x0000000091e00000|  0%| F|  |TAMS 0x0000000091d00000, 0x0000000091d00000| Untracked 
| 258|0x0000000091e00000, 0x0000000091e00000, 0x0000000091f00000|  0%| F|  |TAMS 0x0000000091e00000, 0x0000000091e00000| Untracked 
| 259|0x0000000091f00000, 0x0000000091f00000, 0x0000000092000000|  0%| F|  |TAMS 0x0000000091f00000, 0x0000000091f00000| Untracked 
| 260|0x0000000092000000, 0x0000000092000000, 0x0000000092100000|  0%| F|  |TAMS 0x0000000092000000, 0x0000000092000000| Untracked 
| 261|0x0000000092100000, 0x0000000092100000, 0x0000000092200000|  0%| F|  |TAMS 0x0000000092100000, 0x0000000092100000| Untracked 
| 262|0x0000000092200000, 0x0000000092200000, 0x0000000092300000|  0%| F|  |TAMS 0x0000000092200000, 0x0000000092200000| Untracked 
| 263|0x0000000092300000, 0x0000000092300000, 0x0000000092400000|  0%| F|  |TAMS 0x0000000092300000, 0x0000000092300000| Untracked 
| 264|0x0000000092400000, 0x0000000092400000, 0x0000000092500000|  0%| F|  |TAMS 0x0000000092400000, 0x0000000092400000| Untracked 
| 265|0x0000000092500000, 0x0000000092500000, 0x0000000092600000|  0%| F|  |TAMS 0x0000000092500000, 0x0000000092500000| Untracked 
| 266|0x0000000092600000, 0x000000009264eb30, 0x0000000092700000| 30%| S|CS|TAMS 0x0000000092600000, 0x0000000092600000| Complete 
| 267|0x0000000092700000, 0x0000000092800000, 0x0000000092800000|100%| S|CS|TAMS 0x0000000092700000, 0x0000000092700000| Complete 
| 268|0x0000000092800000, 0x0000000092900000, 0x0000000092900000|100%| S|CS|TAMS 0x0000000092800000, 0x0000000092800000| Complete 
| 269|0x0000000092900000, 0x0000000092a00000, 0x0000000092a00000|100%| S|CS|TAMS 0x0000000092900000, 0x0000000092900000| Complete 
| 270|0x0000000092a00000, 0x0000000092a00000, 0x0000000092b00000|  0%| F|  |TAMS 0x0000000092a00000, 0x0000000092a00000| Untracked 
| 271|0x0000000092b00000, 0x0000000092b00000, 0x0000000092c00000|  0%| F|  |TAMS 0x0000000092b00000, 0x0000000092b00000| Untracked 
| 272|0x0000000092c00000, 0x0000000092c00000, 0x0000000092d00000|  0%| F|  |TAMS 0x0000000092c00000, 0x0000000092c00000| Untracked 
| 273|0x0000000092d00000, 0x0000000092d00000, 0x0000000092e00000|  0%| F|  |TAMS 0x0000000092d00000, 0x0000000092d00000| Untracked 
| 274|0x0000000092e00000, 0x0000000092e00000, 0x0000000092f00000|  0%| F|  |TAMS 0x0000000092e00000, 0x0000000092e00000| Untracked 
| 275|0x0000000092f00000, 0x0000000092f00000, 0x0000000093000000|  0%| F|  |TAMS 0x0000000092f00000, 0x0000000092f00000| Untracked 
| 276|0x0000000093000000, 0x0000000093000000, 0x0000000093100000|  0%| F|  |TAMS 0x0000000093000000, 0x0000000093000000| Untracked 
| 277|0x0000000093100000, 0x0000000093100000, 0x0000000093200000|  0%| F|  |TAMS 0x0000000093100000, 0x0000000093100000| Untracked 
| 278|0x0000000093200000, 0x0000000093200000, 0x0000000093300000|  0%| F|  |TAMS 0x0000000093200000, 0x0000000093200000| Untracked 
| 279|0x0000000093300000, 0x0000000093300000, 0x0000000093400000|  0%| F|  |TAMS 0x0000000093300000, 0x0000000093300000| Untracked 
| 280|0x0000000093400000, 0x0000000093400000, 0x0000000093500000|  0%| F|  |TAMS 0x0000000093400000, 0x0000000093400000| Untracked 
| 281|0x0000000093500000, 0x0000000093500000, 0x0000000093600000|  0%| F|  |TAMS 0x0000000093500000, 0x0000000093500000| Untracked 
| 282|0x0000000093600000, 0x0000000093600000, 0x0000000093700000|  0%| F|  |TAMS 0x0000000093600000, 0x0000000093600000| Untracked 
| 283|0x0000000093700000, 0x0000000093700000, 0x0000000093800000|  0%| F|  |TAMS 0x0000000093700000, 0x0000000093700000| Untracked 
| 284|0x0000000093800000, 0x0000000093800000, 0x0000000093900000|  0%| F|  |TAMS 0x0000000093800000, 0x0000000093800000| Untracked 
| 285|0x0000000093900000, 0x0000000093900000, 0x0000000093a00000|  0%| F|  |TAMS 0x0000000093900000, 0x0000000093900000| Untracked 
| 286|0x0000000093a00000, 0x0000000093a00000, 0x0000000093b00000|  0%| F|  |TAMS 0x0000000093a00000, 0x0000000093a00000| Untracked 
| 287|0x0000000093b00000, 0x0000000093b00000, 0x0000000093c00000|  0%| F|  |TAMS 0x0000000093b00000, 0x0000000093b00000| Untracked 
| 288|0x0000000093c00000, 0x0000000093c00000, 0x0000000093d00000|  0%| F|  |TAMS 0x0000000093c00000, 0x0000000093c00000| Untracked 
| 289|0x0000000093d00000, 0x0000000093d00000, 0x0000000093e00000|  0%| F|  |TAMS 0x0000000093d00000, 0x0000000093d00000| Untracked 
| 290|0x0000000093e00000, 0x0000000093e00000, 0x0000000093f00000|  0%| F|  |TAMS 0x0000000093e00000, 0x0000000093e00000| Untracked 
| 291|0x0000000093f00000, 0x0000000093f00000, 0x0000000094000000|  0%| F|  |TAMS 0x0000000093f00000, 0x0000000093f00000| Untracked 
| 292|0x0000000094000000, 0x0000000094000000, 0x0000000094100000|  0%| F|  |TAMS 0x0000000094000000, 0x0000000094000000| Untracked 
| 293|0x0000000094100000, 0x0000000094100000, 0x0000000094200000|  0%| F|  |TAMS 0x0000000094100000, 0x0000000094100000| Untracked 
| 294|0x0000000094200000, 0x0000000094200000, 0x0000000094300000|  0%| F|  |TAMS 0x0000000094200000, 0x0000000094200000| Untracked 
| 295|0x0000000094300000, 0x0000000094300000, 0x0000000094400000|  0%| F|  |TAMS 0x0000000094300000, 0x0000000094300000| Untracked 
| 296|0x0000000094400000, 0x0000000094400000, 0x0000000094500000|  0%| F|  |TAMS 0x0000000094400000, 0x0000000094400000| Untracked 
| 297|0x0000000094500000, 0x0000000094500000, 0x0000000094600000|  0%| F|  |TAMS 0x0000000094500000, 0x0000000094500000| Untracked 
| 298|0x0000000094600000, 0x0000000094600000, 0x0000000094700000|  0%| F|  |TAMS 0x0000000094600000, 0x0000000094600000| Untracked 
| 299|0x0000000094700000, 0x0000000094700000, 0x0000000094800000|  0%| F|  |TAMS 0x0000000094700000, 0x0000000094700000| Untracked 
| 300|0x0000000094800000, 0x0000000094800000, 0x0000000094900000|  0%| F|  |TAMS 0x0000000094800000, 0x0000000094800000| Untracked 
| 301|0x0000000094900000, 0x0000000094900000, 0x0000000094a00000|  0%| F|  |TAMS 0x0000000094900000, 0x0000000094900000| Untracked 
| 302|0x0000000094a00000, 0x0000000094a00000, 0x0000000094b00000|  0%| F|  |TAMS 0x0000000094a00000, 0x0000000094a00000| Untracked 
| 303|0x0000000094b00000, 0x0000000094b00000, 0x0000000094c00000|  0%| F|  |TAMS 0x0000000094b00000, 0x0000000094b00000| Untracked 
| 304|0x0000000094c00000, 0x0000000094c00000, 0x0000000094d00000|  0%| F|  |TAMS 0x0000000094c00000, 0x0000000094c00000| Untracked 
| 305|0x0000000094d00000, 0x0000000094d00000, 0x0000000094e00000|  0%| F|  |TAMS 0x0000000094d00000, 0x0000000094d00000| Untracked 
| 306|0x0000000094e00000, 0x0000000094e00000, 0x0000000094f00000|  0%| F|  |TAMS 0x0000000094e00000, 0x0000000094e00000| Untracked 
| 307|0x0000000094f00000, 0x0000000094f00000, 0x0000000095000000|  0%| F|  |TAMS 0x0000000094f00000, 0x0000000094f00000| Untracked 
| 308|0x0000000095000000, 0x0000000095000000, 0x0000000095100000|  0%| F|  |TAMS 0x0000000095000000, 0x0000000095000000| Untracked 
| 309|0x0000000095100000, 0x0000000095100000, 0x0000000095200000|  0%| F|  |TAMS 0x0000000095100000, 0x0000000095100000| Untracked 
| 310|0x0000000095200000, 0x0000000095200000, 0x0000000095300000|  0%| F|  |TAMS 0x0000000095200000, 0x0000000095200000| Untracked 
| 311|0x0000000095300000, 0x0000000095300000, 0x0000000095400000|  0%| F|  |TAMS 0x0000000095300000, 0x0000000095300000| Untracked 
| 312|0x0000000095400000, 0x0000000095400000, 0x0000000095500000|  0%| F|  |TAMS 0x0000000095400000, 0x0000000095400000| Untracked 
| 313|0x0000000095500000, 0x0000000095500000, 0x0000000095600000|  0%| F|  |TAMS 0x0000000095500000, 0x0000000095500000| Untracked 
| 314|0x0000000095600000, 0x0000000095600000, 0x0000000095700000|  0%| F|  |TAMS 0x0000000095600000, 0x0000000095600000| Untracked 
| 315|0x0000000095700000, 0x0000000095700000, 0x0000000095800000|  0%| F|  |TAMS 0x0000000095700000, 0x0000000095700000| Untracked 
| 316|0x0000000095800000, 0x0000000095800000, 0x0000000095900000|  0%| F|  |TAMS 0x0000000095800000, 0x0000000095800000| Untracked 
| 317|0x0000000095900000, 0x0000000095900000, 0x0000000095a00000|  0%| F|  |TAMS 0x0000000095900000, 0x0000000095900000| Untracked 
| 318|0x0000000095a00000, 0x0000000095a00000, 0x0000000095b00000|  0%| F|  |TAMS 0x0000000095a00000, 0x0000000095a00000| Untracked 
| 319|0x0000000095b00000, 0x0000000095b00000, 0x0000000095c00000|  0%| F|  |TAMS 0x0000000095b00000, 0x0000000095b00000| Untracked 
| 320|0x0000000095c00000, 0x0000000095c00000, 0x0000000095d00000|  0%| F|  |TAMS 0x0000000095c00000, 0x0000000095c00000| Untracked 
| 321|0x0000000095d00000, 0x0000000095d00000, 0x0000000095e00000|  0%| F|  |TAMS 0x0000000095d00000, 0x0000000095d00000| Untracked 
| 322|0x0000000095e00000, 0x0000000095e00000, 0x0000000095f00000|  0%| F|  |TAMS 0x0000000095e00000, 0x0000000095e00000| Untracked 
| 323|0x0000000095f00000, 0x0000000095f00000, 0x0000000096000000|  0%| F|  |TAMS 0x0000000095f00000, 0x0000000095f00000| Untracked 
| 324|0x0000000096000000, 0x0000000096000000, 0x0000000096100000|  0%| F|  |TAMS 0x0000000096000000, 0x0000000096000000| Untracked 
| 325|0x0000000096100000, 0x0000000096100000, 0x0000000096200000|  0%| F|  |TAMS 0x0000000096100000, 0x0000000096100000| Untracked 
| 326|0x0000000096200000, 0x0000000096200000, 0x0000000096300000|  0%| F|  |TAMS 0x0000000096200000, 0x0000000096200000| Untracked 
| 327|0x0000000096300000, 0x0000000096300000, 0x0000000096400000|  0%| F|  |TAMS 0x0000000096300000, 0x0000000096300000| Untracked 
| 328|0x0000000096400000, 0x0000000096400000, 0x0000000096500000|  0%| F|  |TAMS 0x0000000096400000, 0x0000000096400000| Untracked 
| 329|0x0000000096500000, 0x0000000096500000, 0x0000000096600000|  0%| F|  |TAMS 0x0000000096500000, 0x0000000096500000| Untracked 
| 330|0x0000000096600000, 0x0000000096600000, 0x0000000096700000|  0%| F|  |TAMS 0x0000000096600000, 0x0000000096600000| Untracked 
| 331|0x0000000096700000, 0x0000000096700000, 0x0000000096800000|  0%| F|  |TAMS 0x0000000096700000, 0x0000000096700000| Untracked 
| 332|0x0000000096800000, 0x0000000096800000, 0x0000000096900000|  0%| F|  |TAMS 0x0000000096800000, 0x0000000096800000| Untracked 
| 333|0x0000000096900000, 0x0000000096900000, 0x0000000096a00000|  0%| F|  |TAMS 0x0000000096900000, 0x0000000096900000| Untracked 
| 334|0x0000000096a00000, 0x0000000096a00000, 0x0000000096b00000|  0%| F|  |TAMS 0x0000000096a00000, 0x0000000096a00000| Untracked 
| 335|0x0000000096b00000, 0x0000000096b00000, 0x0000000096c00000|  0%| F|  |TAMS 0x0000000096b00000, 0x0000000096b00000| Untracked 
| 336|0x0000000096c00000, 0x0000000096c00000, 0x0000000096d00000|  0%| F|  |TAMS 0x0000000096c00000, 0x0000000096c00000| Untracked 
| 337|0x0000000096d00000, 0x0000000096d00000, 0x0000000096e00000|  0%| F|  |TAMS 0x0000000096d00000, 0x0000000096d00000| Untracked 
| 338|0x0000000096e00000, 0x0000000096e00000, 0x0000000096f00000|  0%| F|  |TAMS 0x0000000096e00000, 0x0000000096e00000| Untracked 
| 339|0x0000000096f00000, 0x0000000096f00000, 0x0000000097000000|  0%| F|  |TAMS 0x0000000096f00000, 0x0000000096f00000| Untracked 
| 340|0x0000000097000000, 0x0000000097000000, 0x0000000097100000|  0%| F|  |TAMS 0x0000000097000000, 0x0000000097000000| Untracked 
| 341|0x0000000097100000, 0x0000000097100000, 0x0000000097200000|  0%| F|  |TAMS 0x0000000097100000, 0x0000000097100000| Untracked 
| 342|0x0000000097200000, 0x0000000097200000, 0x0000000097300000|  0%| F|  |TAMS 0x0000000097200000, 0x0000000097200000| Untracked 
| 343|0x0000000097300000, 0x0000000097300000, 0x0000000097400000|  0%| F|  |TAMS 0x0000000097300000, 0x0000000097300000| Untracked 
| 344|0x0000000097400000, 0x0000000097400000, 0x0000000097500000|  0%| F|  |TAMS 0x0000000097400000, 0x0000000097400000| Untracked 
| 345|0x0000000097500000, 0x0000000097500000, 0x0000000097600000|  0%| F|  |TAMS 0x0000000097500000, 0x0000000097500000| Untracked 
| 346|0x0000000097600000, 0x0000000097600000, 0x0000000097700000|  0%| F|  |TAMS 0x0000000097600000, 0x0000000097600000| Untracked 
| 347|0x0000000097700000, 0x0000000097700000, 0x0000000097800000|  0%| F|  |TAMS 0x0000000097700000, 0x0000000097700000| Untracked 
| 348|0x0000000097800000, 0x0000000097800000, 0x0000000097900000|  0%| F|  |TAMS 0x0000000097800000, 0x0000000097800000| Untracked 
| 349|0x0000000097900000, 0x0000000097900000, 0x0000000097a00000|  0%| F|  |TAMS 0x0000000097900000, 0x0000000097900000| Untracked 
| 350|0x0000000097a00000, 0x0000000097a00000, 0x0000000097b00000|  0%| F|  |TAMS 0x0000000097a00000, 0x0000000097a00000| Untracked 
| 351|0x0000000097b00000, 0x0000000097b00000, 0x0000000097c00000|  0%| F|  |TAMS 0x0000000097b00000, 0x0000000097b00000| Untracked 
| 352|0x0000000097c00000, 0x0000000097c00000, 0x0000000097d00000|  0%| F|  |TAMS 0x0000000097c00000, 0x0000000097c00000| Untracked 
| 353|0x0000000097d00000, 0x0000000097d00000, 0x0000000097e00000|  0%| F|  |TAMS 0x0000000097d00000, 0x0000000097d00000| Untracked 
| 354|0x0000000097e00000, 0x0000000097e00000, 0x0000000097f00000|  0%| F|  |TAMS 0x0000000097e00000, 0x0000000097e00000| Untracked 
| 355|0x0000000097f00000, 0x0000000097f00000, 0x0000000098000000|  0%| F|  |TAMS 0x0000000097f00000, 0x0000000097f00000| Untracked 
| 356|0x0000000098000000, 0x0000000098000000, 0x0000000098100000|  0%| F|  |TAMS 0x0000000098000000, 0x0000000098000000| Untracked 
| 357|0x0000000098100000, 0x0000000098100000, 0x0000000098200000|  0%| F|  |TAMS 0x0000000098100000, 0x0000000098100000| Untracked 
| 358|0x0000000098200000, 0x0000000098200000, 0x0000000098300000|  0%| F|  |TAMS 0x0000000098200000, 0x0000000098200000| Untracked 
| 359|0x0000000098300000, 0x0000000098300000, 0x0000000098400000|  0%| F|  |TAMS 0x0000000098300000, 0x0000000098300000| Untracked 
| 360|0x0000000098400000, 0x0000000098400000, 0x0000000098500000|  0%| F|  |TAMS 0x0000000098400000, 0x0000000098400000| Untracked 
| 361|0x0000000098500000, 0x0000000098500000, 0x0000000098600000|  0%| F|  |TAMS 0x0000000098500000, 0x0000000098500000| Untracked 

Card table byte_map: [0x00000206376d0000,0x0000020637ad0000] _byte_map_base: 0x00000206372c2000

Marking Bits (Prev, Next): (CMBitMap*) 0x000002061fe16668, (CMBitMap*) 0x000002061fe16628
 Prev Bits: [0x0000020639e60000, 0x000002063bdf0000)
 Next Bits: [0x0000020637ed0000, 0x0000020639e60000)

Polling page: 0x000002061dda0000

Metaspace:

Usage:
  Non-class:     15.75 MB capacity,    14.71 MB ( 93%) used,   988.95 KB (  6%) free+waste,    78.06 KB ( <1%) overhead. 
      Class:      2.59 MB capacity,     2.19 MB ( 85%) used,   364.26 KB ( 14%) free+waste,    40.56 KB (  2%) overhead. 
       Both:     18.34 MB capacity,    16.90 MB ( 92%) used,     1.32 MB (  7%) free+waste,   118.63 KB ( <1%) overhead. 

Virtual space:
  Non-class space:       16.00 MB reserved,      16.00 MB (100%) committed 
      Class space:        1.00 GB reserved,       2.63 MB ( <1%) committed 
             Both:        1.02 GB reserved,      18.63 MB (  2%) committed 

Chunk freelists:
   Non-Class:  60.00 KB
       Class:  0 bytes
        Both:  60.00 KB

MaxMetaspaceSize: 17179869184.00 GB
CompressedClassSpaceSize: 1.00 GB

CodeHeap 'non-profiled nmethods': size=120064Kb used=4178Kb max_used=4577Kb free=115885Kb
 bounds [0x000002062fd90000, 0x0000020630210000, 0x00000206372d0000]
CodeHeap 'profiled nmethods': size=120000Kb used=7562Kb max_used=10558Kb free=112437Kb
 bounds [0x0000020628860000, 0x00000206292f0000, 0x000002062fd90000]
CodeHeap 'non-nmethods': size=5696Kb used=1455Kb max_used=1532Kb free=4240Kb
 bounds [0x00000206282d0000, 0x0000020628540000, 0x0000020628860000]
 total_blobs=8801 nmethods=4377 adapters=685
 compilation: enabled
              stopped_count=0, restarted_count=0
 full_count=0

Compilation events (20 events):
Event: 38.347 Thread 0x000002063e3f3800 5515       3       java.lang.Double::compare (54 bytes)
Event: 38.347 Thread 0x000002063e3f3800 nmethod 5515 0x0000020628c2e010 code [0x0000020628c2e200, 0x0000020628c2e838]
Event: 38.428 Thread 0x000002063e3f3800 5516       1       com.sun.prism.impl.BaseTexture::getMaxContentWidth (5 bytes)
Event: 38.428 Thread 0x000002063e3f3800 nmethod 5516 0x000002062ff92010 code [0x000002062ff921a0, 0x000002062ff922d8]
Event: 38.428 Thread 0x000002063e3f3800 5517       1       com.sun.prism.impl.BaseTexture::getMaxContentHeight (5 bytes)
Event: 38.428 Thread 0x000002063e3f3800 nmethod 5517 0x000002062ff9c190 code [0x000002062ff9c320, 0x000002062ff9c458]
Event: 38.436 Thread 0x000002063e3f3800 5518       3       java.lang.ref.ReferenceQueue::remove (6 bytes)
Event: 38.436 Thread 0x000002063e3f3800 nmethod 5518 0x0000020628976590 code [0x0000020628976740, 0x0000020628976990]
Event: 38.522 Thread 0x000002063e3f3800 5519       1       com.sun.javafx.font.PrismFont::getName (5 bytes)
Event: 38.522 Thread 0x000002063e3f3800 nmethod 5519 0x000002062ffdc590 code [0x000002062ffdc720, 0x000002062ffdc858]
Event: 38.522 Thread 0x000002063e3f2000 5520       4       javafx.scene.shape.Shape$StyleableProperties$3::isSettable (9 bytes)
Event: 38.523 Thread 0x000002063e3f2000 nmethod 5520 0x0000020630088390 code [0x0000020630088520, 0x00000206300885f8]
Event: 38.523 Thread 0x000002063e3f2000 5521       4       javafx.scene.shape.Shape$StyleableProperties$4::isSettable (9 bytes)
Event: 38.524 Thread 0x000002063e3f2000 nmethod 5521 0x000002062fe64d10 code [0x000002062fe64ea0, 0x000002062fe64f58]
Event: 38.524 Thread 0x000002063e3f2000 5522       4       javafx.scene.shape.Shape$StyleableProperties$6::isSettable (9 bytes)
Event: 38.524 Thread 0x000002063e3f2000 nmethod 5522 0x000002062ffb3c90 code [0x000002062ffb3e20, 0x000002062ffb3ef8]
Event: 38.561 Thread 0x000002063e3f3800 5523       3       java.util.stream.ReferencePipeline::map (26 bytes)
Event: 38.561 Thread 0x000002063e3f3800 nmethod 5523 0x0000020628ba6c10 code [0x0000020628ba6e00, 0x0000020628ba73c0]
Event: 38.561 Thread 0x000002063e3f3800 5524       3       java.util.stream.ReferencePipeline$3::<init> (20 bytes)
Event: 38.562 Thread 0x000002063e3f3800 nmethod 5524 0x0000020628872b90 code [0x0000020628872d60, 0x00000206288730b0]

GC Heap History (20 events):
Event: 37.161 GC heap after
{Heap after GC invocations=502 (full 0):
 garbage-first heap   total 273408K, used 57732K [0x0000000081c00000, 0x0000000100000000)
  region size 1024K, 4 young (4096K), 4 survivors (4096K)
 Metaspace       used 17307K, capacity 18781K, committed 19072K, reserved 1064960K
  class space    used 2244K, capacity 2649K, committed 2688K, reserved 1048576K
}
Event: 37.307 GC heap before
{Heap before GC invocations=503 (full 0):
 garbage-first heap   total 273408K, used 77188K [0x0000000081c00000, 0x0000000100000000)
  region size 1024K, 7 young (7168K), 4 survivors (4096K)
 Metaspace       used 17307K, capacity 18781K, committed 19072K, reserved 1064960K
  class space    used 2244K, capacity 2649K, committed 2688K, reserved 1048576K
}
Event: 37.314 GC heap after
{Heap after GC invocations=504 (full 0):
 garbage-first heap   total 273408K, used 57959K [0x0000000081c00000, 0x0000000100000000)
  region size 1024K, 4 young (4096K), 4 survivors (4096K)
 Metaspace       used 17307K, capacity 18781K, committed 19072K, reserved 1064960K
  class space    used 2244K, capacity 2649K, committed 2688K, reserved 1048576K
}
Event: 37.468 GC heap before
{Heap before GC invocations=505 (full 0):
 garbage-first heap   total 273408K, used 78439K [0x0000000081c00000, 0x0000000100000000)
  region size 1024K, 7 young (7168K), 4 survivors (4096K)
 Metaspace       used 17307K, capacity 18781K, committed 19072K, reserved 1064960K
  class space    used 2244K, capacity 2649K, committed 2688K, reserved 1048576K
}
Event: 37.477 GC heap after
{Heap after GC invocations=506 (full 0):
 garbage-first heap   total 365568K, used 58366K [0x0000000081c00000, 0x0000000100000000)
  region size 1024K, 4 young (4096K), 4 survivors (4096K)
 Metaspace       used 17307K, capacity 18781K, committed 19072K, reserved 1064960K
  class space    used 2244K, capacity 2649K, committed 2688K, reserved 1048576K
}
Event: 37.629 GC heap before
{Heap before GC invocations=507 (full 0):
 garbage-first heap   total 276480K, used 78846K [0x0000000081c00000, 0x0000000100000000)
  region size 1024K, 7 young (7168K), 4 survivors (4096K)
 Metaspace       used 17307K, capacity 18781K, committed 19072K, reserved 1064960K
  class space    used 2244K, capacity 2649K, committed 2688K, reserved 1048576K
}
Event: 37.636 GC heap after
{Heap after GC invocations=508 (full 0):
 garbage-first heap   total 276480K, used 58595K [0x0000000081c00000, 0x0000000100000000)
  region size 1024K, 4 young (4096K), 4 survivors (4096K)
 Metaspace       used 17307K, capacity 18781K, committed 19072K, reserved 1064960K
  class space    used 2244K, capacity 2649K, committed 2688K, reserved 1048576K
}
Event: 37.638 GC heap before
{Heap before GC invocations=508 (full 0):
 garbage-first heap   total 276480K, used 59619K [0x0000000081c00000, 0x0000000100000000)
  region size 1024K, 4 young (4096K), 4 survivors (4096K)
 Metaspace       used 17307K, capacity 18781K, committed 19072K, reserved 1064960K
  class space    used 2244K, capacity 2649K, committed 2688K, reserved 1048576K
}
Event: 37.641 GC heap after
{Heap after GC invocations=509 (full 0):
 garbage-first heap   total 276480K, used 59864K [0x0000000081c00000, 0x0000000100000000)
  region size 1024K, 4 young (4096K), 4 survivors (4096K)
 Metaspace       used 17307K, capacity 18781K, committed 19072K, reserved 1064960K
  class space    used 2244K, capacity 2649K, committed 2688K, reserved 1048576K
}
Event: 37.793 GC heap before
{Heap before GC invocations=510 (full 0):
 garbage-first heap   total 276480K, used 80344K [0x0000000081c00000, 0x0000000100000000)
  region size 1024K, 7 young (7168K), 4 survivors (4096K)
 Metaspace       used 17307K, capacity 18781K, committed 19072K, reserved 1064960K
  class space    used 2244K, capacity 2649K, committed 2688K, reserved 1048576K
}
Event: 37.799 GC heap after
{Heap after GC invocations=511 (full 0):
 garbage-first heap   total 276480K, used 58733K [0x0000000081c00000, 0x0000000100000000)
  region size 1024K, 4 young (4096K), 4 survivors (4096K)
 Metaspace       used 17307K, capacity 18781K, committed 19072K, reserved 1064960K
  class space    used 2244K, capacity 2649K, committed 2688K, reserved 1048576K
}
Event: 37.956 GC heap before
{Heap before GC invocations=512 (full 0):
 garbage-first heap   total 276480K, used 79213K [0x0000000081c00000, 0x0000000100000000)
  region size 1024K, 7 young (7168K), 4 survivors (4096K)
 Metaspace       used 17307K, capacity 18781K, committed 19072K, reserved 1064960K
  class space    used 2244K, capacity 2649K, committed 2688K, reserved 1048576K
}
Event: 37.964 GC heap after
{Heap after GC invocations=513 (full 0):
 garbage-first heap   total 354304K, used 59255K [0x0000000081c00000, 0x0000000100000000)
  region size 1024K, 4 young (4096K), 4 survivors (4096K)
 Metaspace       used 17307K, capacity 18781K, committed 19072K, reserved 1064960K
  class space    used 2244K, capacity 2649K, committed 2688K, reserved 1048576K
}
Event: 38.113 GC heap before
{Heap before GC invocations=514 (full 0):
 garbage-first heap   total 283648K, used 79735K [0x0000000081c00000, 0x0000000100000000)
  region size 1024K, 7 young (7168K), 4 survivors (4096K)
 Metaspace       used 17307K, capacity 18781K, committed 19072K, reserved 1064960K
  class space    used 2244K, capacity 2649K, committed 2688K, reserved 1048576K
}
Event: 38.120 GC heap after
{Heap after GC invocations=515 (full 0):
 garbage-first heap   total 283648K, used 59349K [0x0000000081c00000, 0x0000000100000000)
  region size 1024K, 4 young (4096K), 4 survivors (4096K)
 Metaspace       used 17307K, capacity 18781K, committed 19072K, reserved 1064960K
  class space    used 2244K, capacity 2649K, committed 2688K, reserved 1048576K
}
Event: 38.269 GC heap before
{Heap before GC invocations=516 (full 0):
 garbage-first heap   total 283648K, used 78805K [0x0000000081c00000, 0x0000000100000000)
  region size 1024K, 7 young (7168K), 4 survivors (4096K)
 Metaspace       used 17307K, capacity 18781K, committed 19072K, reserved 1064960K
  class space    used 2244K, capacity 2649K, committed 2688K, reserved 1048576K
}
Event: 38.277 GC heap after
{Heap after GC invocations=517 (full 0):
 garbage-first heap   total 283648K, used 59432K [0x0000000081c00000, 0x0000000100000000)
  region size 1024K, 4 young (4096K), 4 survivors (4096K)
 Metaspace       used 17307K, capacity 18781K, committed 19072K, reserved 1064960K
  class space    used 2244K, capacity 2649K, committed 2688K, reserved 1048576K
}
Event: 38.428 GC heap before
{Heap before GC invocations=518 (full 0):
 garbage-first heap   total 283648K, used 79912K [0x0000000081c00000, 0x0000000100000000)
  region size 1024K, 7 young (7168K), 4 survivors (4096K)
 Metaspace       used 17307K, capacity 18781K, committed 19072K, reserved 1064960K
  class space    used 2244K, capacity 2649K, committed 2688K, reserved 1048576K
}
Event: 38.436 GC heap after
{Heap after GC invocations=519 (full 0):
 garbage-first heap   total 283648K, used 59840K [0x0000000081c00000, 0x0000000100000000)
  region size 1024K, 4 young (4096K), 4 survivors (4096K)
 Metaspace       used 17307K, capacity 18781K, committed 19072K, reserved 1064960K
  class space    used 2244K, capacity 2649K, committed 2688K, reserved 1048576K
}
Event: 38.593 GC heap before
{Heap before GC invocations=520 (full 0):
 garbage-first heap   total 283648K, used 81344K [0x0000000081c00000, 0x0000000100000000)
  region size 1024K, 7 young (7168K), 4 survivors (4096K)
 Metaspace       used 17309K, capacity 18781K, committed 19072K, reserved 1064960K
  class space    used 2244K, capacity 2649K, committed 2688K, reserved 1048576K
}

Deoptimization events (20 events):
Event: 26.188 Thread 0x000002063f7e0000 DEOPT PACKING pc=0x0000020628b4be33 sp=0x000000f2a59fe730
Event: 26.188 Thread 0x000002063f7e0000 DEOPT UNPACKING pc=0x000002062831964e sp=0x000000f2a59fdbe0 mode 0
Event: 26.259 Thread 0x000002063f7e0000 Uncommon trap: trap_request=0xfffffff4 fr.pc=0x000002063009f0f8 relative=0x00000000000002b8
Event: 26.259 Thread 0x000002063f7e0000 Uncommon trap: reason=null_check action=make_not_entrant pc=0x000002063009f0f8 method=com.sun.prism.impl.BaseResourcePool$WeakLinkedList.getResource()Lcom/sun/prism/impl/ManagedResource; @ 7 c2
Event: 26.259 Thread 0x000002063f7e0000 DEOPT PACKING pc=0x000002063009f0f8 sp=0x000000f2a59fe930
Event: 26.259 Thread 0x000002063f7e0000 DEOPT UNPACKING pc=0x000002062831912f sp=0x000000f2a59fe880 mode 2
Event: 26.259 Thread 0x000002063f7e0000 Uncommon trap: trap_request=0xffffff45 fr.pc=0x000002062ffdc7b8 relative=0x0000000000000098
Event: 26.259 Thread 0x000002063f7e0000 Uncommon trap: reason=unstable_if action=reinterpret pc=0x000002062ffdc7b8 method=com.sun.prism.impl.ManagedResource._isgone(Lcom/sun/prism/impl/ManagedResource;)Z @ 1 c2
Event: 26.259 Thread 0x000002063f7e0000 DEOPT PACKING pc=0x000002062ffdc7b8 sp=0x000000f2a59fe8d0
Event: 26.259 Thread 0x000002063f7e0000 DEOPT UNPACKING pc=0x000002062831912f sp=0x000000f2a59fe870 mode 2
Event: 26.259 Thread 0x000002063f7e0000 Uncommon trap: trap_request=0xfffffff4 fr.pc=0x0000020630088604 relative=0x00000000000000e4
Event: 26.259 Thread 0x000002063f7e0000 Uncommon trap: reason=null_check action=make_not_entrant pc=0x0000020630088604 method=com.sun.prism.impl.BaseResourcePool$WeakLinkedList.getResource()Lcom/sun/prism/impl/ManagedResource; @ 7 c2
Event: 26.259 Thread 0x000002063f7e0000 DEOPT PACKING pc=0x0000020630088604 sp=0x000000f2a59fe8c0
Event: 26.259 Thread 0x000002063f7e0000 DEOPT UNPACKING pc=0x000002062831912f sp=0x000000f2a59fe870 mode 2
Event: 26.259 Thread 0x000002063f7e0000 Uncommon trap: trap_request=0xfffffff4 fr.pc=0x0000020630064ed0 relative=0x0000000000000410
Event: 26.259 Thread 0x000002063f7e0000 Uncommon trap: reason=null_check action=make_not_entrant pc=0x0000020630064ed0 method=com.sun.prism.impl.BaseResourcePool$WeakLinkedList.getResource()Lcom/sun/prism/impl/ManagedResource; @ 7 c2
Event: 26.259 Thread 0x000002063f7e0000 DEOPT PACKING pc=0x0000020630064ed0 sp=0x000000f2a59fe930
Event: 26.260 Thread 0x000002063f7e0000 DEOPT UNPACKING pc=0x000002062831912f sp=0x000000f2a59fe880 mode 2
Event: 27.374 Thread 0x000002063f26e800 DEOPT PACKING pc=0x0000020629110487 sp=0x000000f2a5bfe180
Event: 27.374 Thread 0x000002063f26e800 DEOPT UNPACKING pc=0x000002062831964e sp=0x000000f2a5bfd650 mode 0

Classes unloaded (0 events):
No events

Classes redefined (0 events):
No events

Internal exceptions (20 events):
Event: 0.999 Thread 0x000002063f26e800 Exception <a 'java/lang/NoSuchMethodError'{0x0000000087cfd740}: 'void java.lang.invoke.DirectMethodHandle$Holder.invokeSpecial(java.lang.Object, java.lang.Object, java.lang.Object, java.lang.Object, java.lang.Object, java.lang.Object)'> (0x0000000087cfd740) 
thrown [t:/workspace/open/src/hotspot/share/interpreter/linkResolver.cpp, line 767]
Event: 1.087 Thread 0x000002063f26e800 Exception <a 'java/lang/NoSuchMethodError'{0x00000000878d6368}: 'long java.lang.invoke.DirectMethodHandle$Holder.invokeStatic(java.lang.Object, java.lang.Object, java.lang.Object)'> (0x00000000878d6368) 
thrown [t:/workspace/open/src/hotspot/share/interpreter/linkResolver.cpp, line 767]
Event: 1.087 Thread 0x000002063f26e800 Exception <a 'java/lang/NoSuchMethodError'{0x00000000878d9010}: 'long java.lang.invoke.DirectMethodHandle$Holder.invokeStaticInit(java.lang.Object, java.lang.Object, java.lang.Object)'> (0x00000000878d9010) 
thrown [t:/workspace/open/src/hotspot/share/interpreter/linkResolver.cpp, line 767]
Event: 1.089 Thread 0x000002063f26e800 Exception <a 'java/lang/NoSuchMethodError'{0x00000000878ed390}: 'java.lang.Object java.lang.invoke.Invokers$Holder.linkToTargetMethod(java.lang.Object, long, java.lang.Object)'> (0x00000000878ed390) 
thrown [t:/workspace/open/src/hotspot/share/interpreter/linkResolver.cpp, line 767]
Event: 1.105 Thread 0x000002063f7e0000 Exception <a 'java/lang/NoSuchMethodError'{0x0000000089b96a90}: 'int java.lang.invoke.DirectMethodHandle$Holder.invokeStaticInit(java.lang.Object, java.lang.Object)'> (0x0000000089b96a90) 
thrown [t:/workspace/open/src/hotspot/share/interpreter/linkResolver.cpp, line 767]
Event: 7.330 Thread 0x000002063f26e800 Exception <a 'java/io/FileNotFoundException'{0x0000000086c1fa78}> (0x0000000086c1fa78) 
thrown [t:/workspace/open/src/hotspot/share/prims/jni.cpp, line 598]
Event: 7.806 Thread 0x000002063f7e0000 Exception <a 'java/lang/NoSuchMethodError'{0x0000000089bf1798}: 'java.lang.Object java.lang.invoke.DirectMethodHandle$Holder.invokeStaticInit(java.lang.Object, int)'> (0x0000000089bf1798) 
thrown [t:/workspace/open/src/hotspot/share/interpreter/linkResolver.cpp, line 767]
Event: 14.472 Thread 0x000002063f26e800 Exception <a 'java/lang/NoSuchMethodError'{0x000000008c16d690}: 'java.lang.Object java.lang.invoke.DirectMethodHandle$Holder.invokeStatic(java.lang.Object, java.lang.Object, java.lang.Object, java.lang.Object, java.lang.Object, java.lang.Object, java.lang.Object, java.lang.Object, java.lang.Object, java.lang.Object, java.lang.Object, java.lang.Object, java.lang.Object, java.lang.Object, java.lang.Object)'> (0x000000008c16d690) 
thrown [t:/workspace/open/src/hotspot/share/interpreter/linkResolver.cpp, line 
Event: 14.475 Thread 0x000002063f26e800 Exception <a 'java/lang/NoSuchMethodError'{0x000000008c17acd0}: 'java.lang.Object java.lang.invoke.DirectMethodHandle$Holder.invokeStatic(java.lang.Object, java.lang.Object, java.lang.Object, java.lang.Object, java.lang.Object, java.lang.Object, java.lang.Object, java.lang.Object, java.lang.Object, java.lang.Object, java.lang.Object, java.lang.Object, java.lang.Object, java.lang.Object, java.lang.Object, java.lang.Object)'> (0x000000008c17acd0) 
thrown [t:/workspace/open/src/hotspot/share/interpreter/linkR
Event: 14.476 Thread 0x000002063f26e800 Exception <a 'java/lang/NoSuchMethodError'{0x000000008c1ccb90}: 'java.lang.Object java.lang.invoke.DirectMethodHandle$Holder.invokeSpecial(java.lang.Object, java.lang.Object, long, java.lang.Object, java.lang.Object, java.lang.Object, java.lang.Object, java.lang.Object, java.lang.Object, java.lang.Object, java.lang.Object, java.lang.Object, java.lang.Object)'> (0x000000008c1ccb90) 
thrown [t:/workspace/open/src/hotspot/share/interpreter/linkResolver.cpp, line 767]
Event: 14.476 Thread 0x000002063f26e800 Exception <a 'java/lang/NoSuchMethodError'{0x000000008c1d09e0}: 'java.lang.Object java.lang.invoke.DelegatingMethodHandle$Holder.reinvoke_L(java.lang.Object, long, java.lang.Object, java.lang.Object, java.lang.Object, java.lang.Object, java.lang.Object, java.lang.Object, java.lang.Object, java.lang.Object, java.lang.Object, java.lang.Object)'> (0x000000008c1d09e0) 
thrown [t:/workspace/open/src/hotspot/share/interpreter/linkResolver.cpp, line 767]
Event: 14.479 Thread 0x000002063f26e800 Exception <a 'java/lang/NoSuchMethodError'{0x0000000088501bb0}: 'java.lang.Object java.lang.invoke.DirectMethodHandle$Holder.invokeSpecial(java.lang.Object, java.lang.Object, java.lang.Object, java.lang.Object, java.lang.Object, java.lang.Object, java.lang.Object, java.lang.Object, java.lang.Object, java.lang.Object, java.lang.Object, java.lang.Object)'> (0x0000000088501bb0) 
thrown [t:/workspace/open/src/hotspot/share/interpreter/linkResolver.cpp, line 767]
Event: 14.480 Thread 0x000002063f26e800 Exception <a 'java/lang/NoSuchMethodError'{0x0000000088506170}: 'java.lang.Object java.lang.invoke.Invokers$Holder.linkToTargetMethod(java.lang.Object, java.lang.Object, java.lang.Object, java.lang.Object, java.lang.Object, java.lang.Object, java.lang.Object, java.lang.Object, java.lang.Object, java.lang.Object, java.lang.Object)'> (0x0000000088506170) 
thrown [t:/workspace/open/src/hotspot/share/interpreter/linkResolver.cpp, line 767]
Event: 15.826 Thread 0x000002063f26e800 Implicit null exception at 0x000002062ff3474a to 0x000002062ff3a48a
Event: 15.889 Thread 0x000002063f26e800 Implicit null exception at 0x000002062ffdfe88 to 0x000002062ffdfed6
Event: 16.051 Thread 0x000002063f26e800 Implicit null exception at 0x000002062fe8d463 to 0x000002062fe8e631
Event: 26.259 Thread 0x000002063f7e0000 Implicit null exception at 0x000002063009eeeb to 0x000002063009f0da
Event: 26.259 Thread 0x000002063f7e0000 Implicit null exception at 0x000002062ffdc72c to 0x000002062ffdc7aa
Event: 26.259 Thread 0x000002063f7e0000 Implicit null exception at 0x000002063008857b to 0x00000206300885fa
Event: 26.259 Thread 0x000002063f7e0000 Implicit null exception at 0x0000020630064baa to 0x0000020630064e92

Events (20 events):
Event: 38.106 Executing VM operation: G1Concurrent done
Event: 38.113 Executing VM operation: G1CollectForAllocation
Event: 38.120 Executing VM operation: G1CollectForAllocation done
Event: 38.210 Executing VM operation: G1Concurrent
Event: 38.212 Executing VM operation: G1Concurrent done
Event: 38.260 Executing VM operation: G1Concurrent
Event: 38.260 Executing VM operation: G1Concurrent done
Event: 38.269 Executing VM operation: G1CollectForAllocation
Event: 38.277 Executing VM operation: G1CollectForAllocation done
Event: 38.373 Executing VM operation: G1Concurrent
Event: 38.375 Executing VM operation: G1Concurrent done
Event: 38.422 Executing VM operation: G1Concurrent
Event: 38.422 Executing VM operation: G1Concurrent done
Event: 38.428 Executing VM operation: G1CollectForAllocation
Event: 38.436 Executing VM operation: G1CollectForAllocation done
Event: 38.536 Executing VM operation: G1Concurrent
Event: 38.538 Executing VM operation: G1Concurrent done
Event: 38.586 Executing VM operation: G1Concurrent
Event: 38.587 Executing VM operation: G1Concurrent done
Event: 38.592 Executing VM operation: G1CollectForAllocation


Dynamic libraries:
0x00007ff6702f0000 - 0x00007ff6702ff000 	C:\Program Files\Java\jdk-13.0.1\bin\java.exe
0x00007ffc4d960000 - 0x00007ffc4db50000 	C:\WINDOWS\SYSTEM32\ntdll.dll
0x00007ffc4c7d0000 - 0x00007ffc4c882000 	C:\WINDOWS\System32\KERNEL32.DLL
0x00007ffc4aca0000 - 0x00007ffc4af43000 	C:\WINDOWS\System32\KERNELBASE.dll
0x00007ffc4aac0000 - 0x00007ffc4abba000 	C:\WINDOWS\System32\ucrtbase.dll
0x00007ffc3f190000 - 0x00007ffc3f1a5000 	C:\Program Files\Java\jdk-13.0.1\bin\VCRUNTIME140.dll
0x00007ffc450c0000 - 0x00007ffc450d8000 	C:\Program Files\Java\jdk-13.0.1\bin\jli.dll
0x00007ffc4d7a0000 - 0x00007ffc4d843000 	C:\WINDOWS\System32\ADVAPI32.dll
0x00007ffc4cec0000 - 0x00007ffc4cf5e000 	C:\WINDOWS\System32\msvcrt.dll
0x00007ffc4c8c0000 - 0x00007ffc4c957000 	C:\WINDOWS\System32\sechost.dll
0x00007ffc4c600000 - 0x00007ffc4c720000 	C:\WINDOWS\System32\RPCRT4.dll
0x00007ffc4d600000 - 0x00007ffc4d794000 	C:\WINDOWS\System32\USER32.dll
0x00007ffc4ac70000 - 0x00007ffc4ac91000 	C:\WINDOWS\System32\win32u.dll
0x00007ffc3db20000 - 0x00007ffc3dda5000 	C:\WINDOWS\WinSxS\amd64_microsoft.windows.common-controls_6595b64144ccf1df_6.0.18362.778_none_e6c6b761130d4fb8\COMCTL32.dll
0x00007ffc4c890000 - 0x00007ffc4c8b6000 	C:\WINDOWS\System32\GDI32.dll
0x00007ffc4d070000 - 0x00007ffc4d3a6000 	C:\WINDOWS\System32\combase.dll
0x00007ffc4b6d0000 - 0x00007ffc4b864000 	C:\WINDOWS\System32\gdi32full.dll
0x00007ffc4a9c0000 - 0x00007ffc4aa5e000 	C:\WINDOWS\System32\msvcp_win.dll
0x00007ffc4a8f0000 - 0x00007ffc4a970000 	C:\WINDOWS\System32\bcryptPrimitives.dll
0x00007ffc44d90000 - 0x00007ffc44d9a000 	C:\WINDOWS\SYSTEM32\VERSION.dll
0x00007ffc4bee0000 - 0x00007ffc4bf0e000 	C:\WINDOWS\System32\IMM32.DLL
0x00007ffc28b80000 - 0x00007ffc28c1b000 	C:\Program Files\Java\jdk-13.0.1\bin\msvcp140.dll
0x00007ffbfe3d0000 - 0x00007ffbfef36000 	C:\Program Files\Java\jdk-13.0.1\bin\server\jvm.dll
0x00007ffc4d4f0000 - 0x00007ffc4d4f8000 	C:\WINDOWS\System32\PSAPI.DLL
0x00007ffc41e80000 - 0x00007ffc41ea4000 	C:\WINDOWS\SYSTEM32\WINMM.dll
0x00007ffc3cc40000 - 0x00007ffc3cc49000 	C:\WINDOWS\SYSTEM32\WSOCK32.dll
0x00007ffc4d3b0000 - 0x00007ffc4d41f000 	C:\WINDOWS\System32\WS2_32.dll
0x00007ffc41c40000 - 0x00007ffc41c6d000 	C:\WINDOWS\SYSTEM32\WINMMBASE.dll
0x00007ffc4b870000 - 0x00007ffc4b8ba000 	C:\WINDOWS\System32\cfgmgr32.dll
0x00007ffc4a850000 - 0x00007ffc4a861000 	C:\WINDOWS\System32\kernel.appcore.dll
0x00007ffc41c90000 - 0x00007ffc41ca0000 	C:\Program Files\Java\jdk-13.0.1\bin\verify.dll
0x00007ffc44370000 - 0x00007ffc44564000 	C:\WINDOWS\SYSTEM32\DBGHELP.DLL
0x00007ffc442a0000 - 0x00007ffc442ca000 	C:\WINDOWS\SYSTEM32\dbgcore.DLL
0x00007ffc3f0f0000 - 0x00007ffc3f116000 	C:\Program Files\Java\jdk-13.0.1\bin\java.dll
0x00007ffc3f060000 - 0x00007ffc3f077000 	C:\Program Files\Java\jdk-13.0.1\bin\zip.dll
0x00007ffc41080000 - 0x00007ffc4108a000 	C:\Program Files\Java\jdk-13.0.1\bin\jimage.dll
0x00007ffc4bf10000 - 0x00007ffc4c5f5000 	C:\WINDOWS\System32\SHELL32.dll
0x00007ffc4c720000 - 0x00007ffc4c7c9000 	C:\WINDOWS\System32\shcore.dll
0x00007ffc4af50000 - 0x00007ffc4b6d0000 	C:\WINDOWS\System32\windows.storage.dll
0x00007ffc4a870000 - 0x00007ffc4a893000 	C:\WINDOWS\System32\profapi.dll
0x00007ffc4a8a0000 - 0x00007ffc4a8ea000 	C:\WINDOWS\System32\powrprof.dll
0x00007ffc4a820000 - 0x00007ffc4a830000 	C:\WINDOWS\System32\UMPDC.dll
0x00007ffc4cc50000 - 0x00007ffc4cca2000 	C:\WINDOWS\System32\shlwapi.dll
0x00007ffc4a970000 - 0x00007ffc4a987000 	C:\WINDOWS\System32\cryptsp.dll
0x00007ffc3d4d0000 - 0x00007ffc3d4e9000 	C:\Program Files\Java\jdk-13.0.1\bin\net.dll
0x00007ffc46150000 - 0x00007ffc46240000 	C:\WINDOWS\SYSTEM32\WINHTTP.dll
0x00007ffc4a090000 - 0x00007ffc4a0f7000 	C:\WINDOWS\system32\mswsock.dll
0x00007ffc3c9c0000 - 0x00007ffc3c9d3000 	C:\Program Files\Java\jdk-13.0.1\bin\nio.dll
0x000002061dde0000 - 0x000002061dde3000 	C:\Program Files\Java\javafx-sdk-11.0.2\bin\api-ms-win-core-console-l1-1-0.dll
0x000002061fd70000 - 0x000002061fd73000 	C:\Program Files\Java\javafx-sdk-11.0.2\bin\api-ms-win-core-datetime-l1-1-0.dll
0x000002061fd80000 - 0x000002061fd83000 	C:\Program Files\Java\javafx-sdk-11.0.2\bin\api-ms-win-core-debug-l1-1-0.dll
0x000002061fd90000 - 0x000002061fd93000 	C:\Program Files\Java\javafx-sdk-11.0.2\bin\api-ms-win-core-errorhandling-l1-1-0.dll
0x000002063f930000 - 0x000002063f934000 	C:\Program Files\Java\javafx-sdk-11.0.2\bin\api-ms-win-core-file-l1-1-0.dll
0x000002063f940000 - 0x000002063f943000 	C:\Program Files\Java\javafx-sdk-11.0.2\bin\api-ms-win-core-file-l1-2-0.dll
0x000002063f950000 - 0x000002063f953000 	C:\Program Files\Java\javafx-sdk-11.0.2\bin\api-ms-win-core-file-l2-1-0.dll
0x000002063f960000 - 0x000002063f963000 	C:\Program Files\Java\javafx-sdk-11.0.2\bin\api-ms-win-core-handle-l1-1-0.dll
0x000002063f970000 - 0x000002063f973000 	C:\Program Files\Java\javafx-sdk-11.0.2\bin\api-ms-win-core-heap-l1-1-0.dll
0x000002063f980000 - 0x000002063f983000 	C:\Program Files\Java\javafx-sdk-11.0.2\bin\api-ms-win-core-interlocked-l1-1-0.dll
0x000002063f990000 - 0x000002063f993000 	C:\Program Files\Java\javafx-sdk-11.0.2\bin\api-ms-win-core-libraryloader-l1-1-0.dll
0x000002063f9a0000 - 0x000002063f9a3000 	C:\Program Files\Java\javafx-sdk-11.0.2\bin\api-ms-win-core-localization-l1-2-0.dll
0x000002063f9b0000 - 0x000002063f9b3000 	C:\Program Files\Java\javafx-sdk-11.0.2\bin\api-ms-win-core-memory-l1-1-0.dll
0x000002063f9c0000 - 0x000002063f9c3000 	C:\Program Files\Java\javafx-sdk-11.0.2\bin\api-ms-win-core-namedpipe-l1-1-0.dll
0x000002063f9d0000 - 0x000002063f9d3000 	C:\Program Files\Java\javafx-sdk-11.0.2\bin\api-ms-win-core-processenvironment-l1-1-0.dll
0x000002063f9e0000 - 0x000002063f9e3000 	C:\Program Files\Java\javafx-sdk-11.0.2\bin\api-ms-win-core-processthreads-l1-1-0.dll
0x000002063f9f0000 - 0x000002063f9f3000 	C:\Program Files\Java\javafx-sdk-11.0.2\bin\api-ms-win-core-processthreads-l1-1-1.dll
0x000002063fa00000 - 0x000002063fa03000 	C:\Program Files\Java\javafx-sdk-11.0.2\bin\api-ms-win-core-profile-l1-1-0.dll
0x000002063fa10000 - 0x000002063fa13000 	C:\Program Files\Java\javafx-sdk-11.0.2\bin\api-ms-win-core-rtlsupport-l1-1-0.dll
0x000002063fa20000 - 0x000002063fa23000 	C:\Program Files\Java\javafx-sdk-11.0.2\bin\api-ms-win-core-string-l1-1-0.dll
0x000002063fa30000 - 0x000002063fa33000 	C:\Program Files\Java\javafx-sdk-11.0.2\bin\api-ms-win-core-synch-l1-1-0.dll
0x000002063fa40000 - 0x000002063fa43000 	C:\Program Files\Java\javafx-sdk-11.0.2\bin\api-ms-win-core-synch-l1-2-0.dll
0x000002063fa50000 - 0x000002063fa53000 	C:\Program Files\Java\javafx-sdk-11.0.2\bin\api-ms-win-core-sysinfo-l1-1-0.dll
0x000002063fa60000 - 0x000002063fa63000 	C:\Program Files\Java\javafx-sdk-11.0.2\bin\api-ms-win-core-timezone-l1-1-0.dll
0x000002063fa70000 - 0x000002063fa73000 	C:\Program Files\Java\javafx-sdk-11.0.2\bin\api-ms-win-core-util-l1-1-0.dll
0x000002063fa80000 - 0x000002063fa83000 	C:\Program Files\Java\javafx-sdk-11.0.2\bin\api-ms-win-crt-conio-l1-1-0.dll
0x000002063fa90000 - 0x000002063fa94000 	C:\Program Files\Java\javafx-sdk-11.0.2\bin\api-ms-win-crt-convert-l1-1-0.dll
0x000002063faa0000 - 0x000002063faa3000 	C:\Program Files\Java\javafx-sdk-11.0.2\bin\api-ms-win-crt-environment-l1-1-0.dll
0x000002063fab0000 - 0x000002063fab3000 	C:\Program Files\Java\javafx-sdk-11.0.2\bin\api-ms-win-crt-filesystem-l1-1-0.dll
0x000002063fac0000 - 0x000002063fac3000 	C:\Program Files\Java\javafx-sdk-11.0.2\bin\api-ms-win-crt-heap-l1-1-0.dll
0x000002063fad0000 - 0x000002063fad3000 	C:\Program Files\Java\javafx-sdk-11.0.2\bin\api-ms-win-crt-locale-l1-1-0.dll
0x000002063fae0000 - 0x000002063fae5000 	C:\Program Files\Java\javafx-sdk-11.0.2\bin\api-ms-win-crt-math-l1-1-0.dll
0x000002063faf0000 - 0x000002063faf5000 	C:\Program Files\Java\javafx-sdk-11.0.2\bin\api-ms-win-crt-multibyte-l1-1-0.dll
0x000002063fb00000 - 0x000002063fb10000 	C:\Program Files\Java\javafx-sdk-11.0.2\bin\api-ms-win-crt-private-l1-1-0.dll
0x000002063fb10000 - 0x000002063fb13000 	C:\Program Files\Java\javafx-sdk-11.0.2\bin\api-ms-win-crt-process-l1-1-0.dll
0x000002063fb20000 - 0x000002063fb24000 	C:\Program Files\Java\javafx-sdk-11.0.2\bin\api-ms-win-crt-runtime-l1-1-0.dll
0x000002063fb30000 - 0x000002063fb34000 	C:\Program Files\Java\javafx-sdk-11.0.2\bin\api-ms-win-crt-stdio-l1-1-0.dll
0x000002063fb40000 - 0x000002063fb44000 	C:\Program Files\Java\javafx-sdk-11.0.2\bin\api-ms-win-crt-string-l1-1-0.dll
0x000002063fb50000 - 0x000002063fb53000 	C:\Program Files\Java\javafx-sdk-11.0.2\bin\api-ms-win-crt-time-l1-1-0.dll
0x000002063fb60000 - 0x000002063fb63000 	C:\Program Files\Java\javafx-sdk-11.0.2\bin\api-ms-win-crt-utility-l1-1-0.dll
0x00007ffc0c6a0000 - 0x00007ffc0c79a000 	C:\Program Files\Java\javafx-sdk-11.0.2\bin\ucrtbase.dll
0x00007ffc38cd0000 - 0x00007ffc38ce6000 	C:\Program Files\Java\javafx-sdk-11.0.2\bin\vcruntime140.dll
0x00007ffc17c20000 - 0x00007ffc17cc6000 	C:\Program Files\Java\javafx-sdk-11.0.2\bin\msvcp140.dll
0x00007ffc233a0000 - 0x00007ffc233f1000 	C:\Program Files\Java\javafx-sdk-11.0.2\bin\concrt140.dll
0x00007ffc30270000 - 0x00007ffc30293000 	C:\Program Files\Java\javafx-sdk-11.0.2\bin\prism_d3d.dll
0x00007ffc18a10000 - 0x00007ffc18bd7000 	C:\WINDOWS\system32\d3d9.dll
0x00007ffc490d0000 - 0x00007ffc490fd000 	C:\WINDOWS\SYSTEM32\dwmapi.dll
0x00007ffc49490000 - 0x00007ffc494b0000 	C:\WINDOWS\SYSTEM32\dxcore.dll
0x00007ffc48ba0000 - 0x00007ffc48c39000 	C:\WINDOWS\system32\uxtheme.dll
0x00007ffbf9240000 - 0x00007ffbfca99000 	C:\WINDOWS\System32\DriverStore\FileRepository\igdlh64.inf_amd64_420c659363620fe7\igdumdim64.dll
0x00007ffc4d420000 - 0x00007ffc4d4e4000 	C:\WINDOWS\System32\OLEAUT32.dll
0x00007ffc4cd60000 - 0x00007ffc4ceb7000 	C:\WINDOWS\System32\ole32.dll
0x00007ffc4ba10000 - 0x00007ffc4be80000 	C:\WINDOWS\System32\SETUPAPI.dll
0x00007ffc4a990000 - 0x00007ffc4a9b6000 	C:\WINDOWS\System32\bcrypt.dll
0x00007ffc1a050000 - 0x00007ffc1a095000 	C:\Program Files\Java\javafx-sdk-11.0.2\bin\glass.dll
0x00007ffc4d850000 - 0x00007ffc4d920000 	C:\WINDOWS\System32\COMDLG32.dll
0x00007ffc4c960000 - 0x00007ffc4ca96000 	C:\WINDOWS\System32\MSCTF.dll
0x00007ffc30310000 - 0x00007ffc31912000 	C:\WINDOWS\System32\DriverStore\FileRepository\igdlh64.inf_amd64_420c659363620fe7\igc64.dll
0x00007ffc301e0000 - 0x00007ffc301f4000 	C:\Program Files\Java\javafx-sdk-11.0.2\bin\javafx_font.dll
0x00007ffc31b40000 - 0x00007ffc31e3e000 	C:\WINDOWS\SYSTEM32\dwrite.dll
0x00007ffc4cfc0000 - 0x00007ffc4d062000 	C:\WINDOWS\System32\clbcatq.dll
0x00007ffc467a0000 - 0x00007ffc4694f000 	C:\WINDOWS\SYSTEM32\WindowsCodecs.dll
0x00007ffc3f7d0000 - 0x00007ffc3f80a000 	C:\WINDOWS\system32\dataexchange.dll
0x00007ffc480b0000 - 0x00007ffc4830b000 	C:\WINDOWS\system32\d3d11.dll
0x00007ffc48310000 - 0x00007ffc484ec000 	C:\WINDOWS\system32\dcomp.dll
0x00007ffc49520000 - 0x00007ffc4960b000 	C:\WINDOWS\system32\dxgi.dll
0x00007ffc48c40000 - 0x00007ffc48e9a000 	C:\WINDOWS\system32\twinapi.appcore.dll
0x00007ffc490a0000 - 0x00007ffc490c9000 	C:\WINDOWS\system32\RMCLIENT.dll
0x00007ffc2d530000 - 0x00007ffc2d563000 	C:\Program Files\Common Files\Microsoft Shared\Ink\rtscom.dll
0x00007ffc3c560000 - 0x00007ffc3c5fe000 	C:\WINDOWS\System32\TextInputFramework.dll
0x00007ffc44a10000 - 0x00007ffc44d3a000 	C:\WINDOWS\System32\CoreUIComponents.dll
0x00007ffc484f0000 - 0x00007ffc485c4000 	C:\WINDOWS\System32\CoreMessaging.dll
0x00007ffc47070000 - 0x00007ffc471c3000 	C:\WINDOWS\SYSTEM32\wintypes.dll
0x00007ffc49880000 - 0x00007ffc498b1000 	C:\WINDOWS\SYSTEM32\ntmarta.dll
0x00007ffc41630000 - 0x00007ffc418d6000 	C:\WINDOWS\System32\iertutil.dll

dbghelp: loaded successfully - version: 4.0.5 - missing functions: none
symbol engine: initialized successfully - sym options: 0x614 - pdb path: .;C:\Program Files\Java\jdk-13.0.1\bin;C:\WINDOWS\SYSTEM32;C:\WINDOWS\WinSxS\amd64_microsoft.windows.common-controls_6595b64144ccf1df_6.0.18362.778_none_e6c6b761130d4fb8;C:\Program Files\Java\jdk-13.0.1\bin\server;C:\Program Files\Java\javafx-sdk-11.0.2\bin;C:\WINDOWS\System32\DriverStore\FileRepository\igdlh64.inf_amd64_420c659363620fe7;C:\Program Files\Common Files\Microsoft Shared\Ink

VM Arguments:
jvm_args: -Dfile.encoding=UTF-8 --add-modules=javafx.controls --module-path=C:\Program Files\Java\javafx-sdk-11.0.2\lib\javafx-swt.jar;C:\Program Files\Java\javafx-sdk-11.0.2\lib\javafx.base.jar;C:\Program Files\Java\javafx-sdk-11.0.2\lib\javafx.controls.jar;C:\Program Files\Java\javafx-sdk-11.0.2\lib\javafx.fxml.jar;C:\Program Files\Java\javafx-sdk-11.0.2\lib\javafx.graphics.jar;C:\Program Files\Java\javafx-sdk-11.0.2\lib\javafx.media.jar;C:\Program Files\Java\javafx-sdk-11.0.2\lib\javafx.swing.jar;C:\Program Files\Java\javafx-sdk-11.0.2\lib\javafx.web.jar 
java_command: creditcardfx.LoginScene
java_class_path (initial): C:\Program Files\Java\javafx-sdk-11.0.2\lib\javafx.base.jar;C:\Program Files\Java\javafx-sdk-11.0.2\lib\javafx.controls.jar;C:\Program Files\Java\javafx-sdk-11.0.2\lib\javafx.fxml.jar;C:\Program Files\Java\javafx-sdk-11.0.2\lib\javafx.graphics.jar;C:\Program Files\Java\javafx-sdk-11.0.2\lib\javafx.media.jar;C:\Program Files\Java\javafx-sdk-11.0.2\lib\javafx.swing.jar;C:\Program Files\Java\javafx-sdk-11.0.2\lib\javafx.web.jar;C:\Program Files\Java\javafx-sdk-11.0.2\lib\javafx-swt.jar;D:\Download\LINE\credit\creditcardfx\build\classes
Launcher Type: SUN_STANDARD

[Global flags]
     intx CICompilerCount                          = 3                                         {product} {ergonomic}
     uint ConcGCThreads                            = 1                                         {product} {ergonomic}
     uint G1ConcRefinementThreads                  = 4                                         {product} {ergonomic}
   size_t G1HeapRegionSize                         = 1048576                                   {product} {ergonomic}
    uintx GCDrainStackTargetSize                   = 64                                        {product} {ergonomic}
   size_t InitialHeapSize                          = 134217728                                 {product} {ergonomic}
   size_t MarkStackSize                            = 4194304                                   {product} {ergonomic}
   size_t MaxHeapSize                              = 2118123520                                {product} {ergonomic}
   size_t MaxNewSize                               = 1270874112                                {product} {ergonomic}
   size_t MinHeapDeltaBytes                        = 1048576                                   {product} {ergonomic}
   size_t MinHeapSize                              = 8388608                                   {product} {ergonomic}
    uintx NonNMethodCodeHeapSize                   = 5830732                                {pd product} {ergonomic}
    uintx NonProfiledCodeHeapSize                  = 122913754                              {pd product} {ergonomic}
    uintx ProfiledCodeHeapSize                     = 122913754                              {pd product} {ergonomic}
    uintx ReservedCodeCacheSize                    = 251658240                              {pd product} {ergonomic}
     bool SegmentedCodeCache                       = true                                      {product} {ergonomic}
   size_t SoftMaxHeapSize                          = 2118123520                             {manageable} {ergonomic}
     bool UseCompressedClassPointers               = true                                 {lp64_product} {ergonomic}
     bool UseCompressedOops                        = true                                 {lp64_product} {ergonomic}
     bool UseG1GC                                  = true                                      {product} {ergonomic}
     bool UseLargePagesIndividualAllocation        = false                                  {pd product} {ergonomic}

Logging:
Log output configuration:
 #0: stdout all=warning uptime,level,tags
 #1: stderr all=off uptime,level,tags

Environment Variables:
PATH=C:\Program Files (x86)\Common Files\Oracle\Java\javapath;C:\ProgramData\Oracle\Java\javapath;C:\Program Files (x86)\Intel\iCLS Client\;C:\Program Files\Intel\iCLS Client\;C:\Windows\system32;C:\Windows;C:\Windows\System32\Wbem;C:\Windows\System32\WindowsPowerShell\v1.0\;C:\Program Files (x86)\Intel\Intel(R) Management Engine Components\DAL;C:\Program Files\Intel\Intel(R) Management Engine Components\DAL;C:\Program Files (x86)\Intel\Intel(R) Management Engine Components\IPT;C:\Program Files\Intel\Intel(R) Management Engine Components\IPT;C:\Program Files (x86)\NVIDIA Corporation\PhysX\Common;C:\WINDOWS\system32;C:\WINDOWS;C:\WINDOWS\System32\Wbem;C:\WINDOWS\System32\WindowsPowerShell\v1.0\;C:\WINDOWS\System32\OpenSSH\;C:\Program Files (x86)\QuickTime\QTSystem\;C:\Program Files\dotnet\;C:\Program Files\Microsoft SQL Server\130\Tools\Binn\;C:\Program Files\Microsoft SQL Server\Client SDK\ODBC\170\Tools\Binn\;C:\Program Files (x86)\GtkSharp\2.12\bin;C:\Users\Admin\AppData\Local\Programs\Python\Python38-32\Scripts\;C:\Users\Admin\AppData\Local\Programs\Python\Python38-32\;C:\Users\Admin\AppData\Local\Microsoft\WindowsApps;C:\Users\Admin\AppData\Local\GitHubDesktop\bin
USERNAME=Admin
OS=Windows_NT
PROCESSOR_IDENTIFIER=Intel64 Family 6 Model 158 Stepping 9, GenuineIntel



---------------  S Y S T E M  ---------------

OS: Windows 10 , 64 bit Build 18362 (10.0.18362.778)

CPU:total 4 (initial active 4) (4 cores per cpu, 1 threads per core) family 6 model 158 stepping 9, cmov, cx8, fxsr, mmx, sse, sse2, sse3, ssse3, sse4.1, sse4.2, popcnt, avx, avx2, aes, clmul, erms, 3dnowpref, lzcnt, tsc, tscinvbit, bmi1, bmi2, adx, fma

Memory: 4k page, system-wide physical 8075M (1419M free)
TotalPageFile size 12763M (AvailPageFile size 30M)
current process WorkingSet (physical memory assigned to process): 454M, peak: 454M
current process commit charge ("private bytes"): 588M, peak: 621M

vm_info: Java HotSpot(TM) 64-Bit Server VM (13.0.1+9) for windows-amd64 JRE (13.0.1+9), built on Oct  6 2019 12:37:49 by "mach5one" with unknown MS VC++:1916

END.
