#
# There is insufficient memory for the Java Runtime Environment to continue.
# Native memory allocation (mmap) failed to map 54525952 bytes for Failed to commit area from 0x0000000096f00000 to 0x000000009a300000 of length 54525952.
# Possible reasons:
#   The system is out of physical RAM or swap space
#   The process is running with CompressedOops enabled, and the Java Heap may be blocking the growth of the native heap
# Possible solutions:
#   Reduce memory load on the system
#   Increase physical memory or swap space
#   Check if swap backing store is full
#   Decrease Java heap size (-Xmx/-Xms)
#   Decrease number of Java threads
#   Decrease Java thread stack sizes (-Xss)
#   Set larger code cache with -XX:ReservedCodeCacheSize=
#   JVM is running with Unscaled Compressed Oops mode in which the Java heap is
#     placed in the first 4GB address space. The Java Heap base address is the
#     maximum limit for the native heap growth. Please use -XX:HeapBaseMinAddress
#     to set the Java Heap base and to place the Java Heap above 4GB virtual address.
# This output file may be truncated or incomplete.
#
#  Out of Memory Error (t:/workspace/open/src/hotspot/os/windows/os_windows.cpp:3301), pid=15948, tid=11228
#
# JRE version: Java(TM) SE Runtime Environment (13.0.1+9) (build 13.0.1+9)
# Java VM: Java HotSpot(TM) 64-Bit Server VM (13.0.1+9, mixed mode, sharing, tiered, compressed oops, g1 gc, windows-amd64)
# No core dump will be written. Minidumps are not enabled by default on client versions of Windows
#

---------------  S U M M A R Y ------------

Command Line: -Dfile.encoding=UTF-8 --add-modules=javafx.controls --module-path=C:\Program Files\Java\javafx-sdk-11.0.2\lib\javafx-swt.jar;C:\Program Files\Java\javafx-sdk-11.0.2\lib\javafx.base.jar;C:\Program Files\Java\javafx-sdk-11.0.2\lib\javafx.controls.jar;C:\Program Files\Java\javafx-sdk-11.0.2\lib\javafx.fxml.jar;C:\Program Files\Java\javafx-sdk-11.0.2\lib\javafx.graphics.jar;C:\Program Files\Java\javafx-sdk-11.0.2\lib\javafx.media.jar;C:\Program Files\Java\javafx-sdk-11.0.2\lib\javafx.swing.jar;C:\Program Files\Java\javafx-sdk-11.0.2\lib\javafx.web.jar creditcardfx.LoginScene

Host: Intel(R) Core(TM) i5-7300HQ CPU @ 2.50GHz, 4 cores, 7G,  Windows 10 , 64 bit Build 18362 (10.0.18362.778)
Time: Tue Apr 21 17:29:34 2020 SE Asia Standard Time elapsed time: 28 seconds (0d 0h 0m 28s)

---------------  T H R E A D  ---------------

Current thread (0x0000021a70e57800):  VMThread "VM Thread" [stack: 0x000000f9d1300000,0x000000f9d1400000] [id=11228]

Stack: [0x000000f9d1300000,0x000000f9d1400000]
[error occurred during error reporting (printing stack bounds), id 0xc0000005, EXCEPTION_ACCESS_VIOLATION (0xc0000005) at pc=0x0000021a5ad510ad]

Native frames: (J=compiled Java code, j=interpreted, Vv=VM code, C=native code)
V  [jvm.dll+0x626eca]
V  [jvm.dll+0x772c6a]
V  [jvm.dll+0x77441f]
V  [jvm.dll+0x774985]
V  [jvm.dll+0x77493b]
V  [jvm.dll+0x6266ff]
C  [ntdll.dll+0x785b6]
C  [ntdll.dll+0x6a056]
C  [ntdll.dll+0x9fe3e]
C  0x0000021a5ad510ad

VM_Operation (0x000000f9d21fcb50): G1CollectForAllocation, mode: safepoint, requested by thread 0x0000021a71c50800


---------------  P R O C E S S  ---------------

Threads class SMR info:
_java_thread_list=0x0000021a799e88c0, length=18, elements={
0x0000021a5284d800, 0x0000021a70e5b000, 0x0000021a70e5e800, 0x0000021a70e7b800,
0x0000021a70e7d800, 0x0000021a70e7e800, 0x0000021a70e80000, 0x0000021a70e83800,
0x0000021a70e3d800, 0x0000021a71980000, 0x0000021a71c4a800, 0x0000021a71c4d000,
0x0000021a71c50800, 0x0000021a71c4e800, 0x0000021a71c51000, 0x0000021a71c4b800,
0x0000021a71c4c000, 0x0000021a71c4e000
}

Java Threads: ( => current thread )
  0x0000021a5284d800 JavaThread "main" [_thread_blocked, id=76, stack(0x000000f9d0d00000,0x000000f9d0e00000)]
  0x0000021a70e5b000 JavaThread "Reference Handler" daemon [_thread_blocked, id=284, stack(0x000000f9d1400000,0x000000f9d1500000)]
  0x0000021a70e5e800 JavaThread "Finalizer" daemon [_thread_blocked, id=8296, stack(0x000000f9d1500000,0x000000f9d1600000)]
  0x0000021a70e7b800 JavaThread "Signal Dispatcher" daemon [_thread_blocked, id=15944, stack(0x000000f9d1600000,0x000000f9d1700000)]
  0x0000021a70e7d800 JavaThread "Attach Listener" daemon [_thread_blocked, id=13076, stack(0x000000f9d1700000,0x000000f9d1800000)]
  0x0000021a70e7e800 JavaThread "C2 CompilerThread0" daemon [_thread_blocked, id=10188, stack(0x000000f9d1800000,0x000000f9d1900000)]
  0x0000021a70e80000 JavaThread "C1 CompilerThread0" daemon [_thread_blocked, id=8228, stack(0x000000f9d1900000,0x000000f9d1a00000)]
  0x0000021a70e83800 JavaThread "Sweeper thread" daemon [_thread_blocked, id=15844, stack(0x000000f9d1a00000,0x000000f9d1b00000)]
  0x0000021a70e3d800 JavaThread "Common-Cleaner" daemon [_thread_blocked, id=14852, stack(0x000000f9d1b00000,0x000000f9d1c00000)]
  0x0000021a71980000 JavaThread "Service Thread" daemon [_thread_blocked, id=9948, stack(0x000000f9d1d00000,0x000000f9d1e00000)]
  0x0000021a71c4a800 JavaThread "QuantumRenderer-0" daemon [_thread_blocked, id=16984, stack(0x000000f9d1f00000,0x000000f9d2000000)]
  0x0000021a71c4d000 JavaThread "InvokeLaterDispatcher" daemon [_thread_blocked, id=10264, stack(0x000000f9d2000000,0x000000f9d2100000)]
  0x0000021a71c50800 JavaThread "JavaFX Application Thread" [_thread_blocked, id=13420, stack(0x000000f9d2100000,0x000000f9d2200000)]
  0x0000021a71c4e800 JavaThread "JavaFX-Launcher" [_thread_blocked, id=2052, stack(0x000000f9d2900000,0x000000f9d2a00000)]
  0x0000021a71c51000 JavaThread "Thread-2" daemon [_thread_blocked, id=2544, stack(0x000000f9d2800000,0x000000f9d2900000)]
  0x0000021a71c4b800 JavaThread "Prism Font Disposer" daemon [_thread_blocked, id=9112, stack(0x000000f9d2d00000,0x000000f9d2e00000)]
  0x0000021a71c4c000 JavaThread "Cleaner-0" daemon [_thread_blocked, id=4228, stack(0x000000f9d2f00000,0x000000f9d3000000)]
  0x0000021a71c4e000 JavaThread "C2 CompilerThread1" daemon [_thread_blocked, id=4440, stack(0x000000f9d1c00000,0x000000f9d1d00000)]

Other Threads:
=>0x0000021a70e57800 VMThread "VM Thread" [stack: 0x000000f9d1300000,0x000000f9d1400000] [id=11228]
  0x0000021a71bb1000 WatcherThread [stack: 0x000000f9d1e00000,0x000000f9d1f00000] [id=12456]
  0x0000021a52890800 GCTaskThread "GC Thread#0" [stack: 0x000000f9d0e00000,0x000000f9d0f00000] [id=14696]
  0x0000021a7201d000 GCTaskThread "GC Thread#1" [stack: 0x000000f9d2500000,0x000000f9d2600000] [id=14284]
  0x0000021a72018000 GCTaskThread "GC Thread#2" [stack: 0x000000f9d2600000,0x000000f9d2700000] [id=9996]
  0x0000021a72072000 GCTaskThread "GC Thread#3" [stack: 0x000000f9d2700000,0x000000f9d2800000] [id=14864]
  0x0000021a528a1800 ConcurrentGCThread "G1 Main Marker" [stack: 0x000000f9d0f00000,0x000000f9d1000000] [id=12856]
  0x0000021a528a3000 ConcurrentGCThread "G1 Conc#0" [stack: 0x000000f9d1000000,0x000000f9d1100000] [id=14736]
  0x0000021a70cd1800 ConcurrentGCThread "G1 Refine#0" [stack: 0x000000f9d1100000,0x000000f9d1200000] [id=13032]
  0x0000021a70cd3000 ConcurrentGCThread "G1 Young RemSet Sampling" [stack: 0x000000f9d1200000,0x000000f9d1300000] [id=6200]

Threads with active compile tasks:
C2 CompilerThread0    28332 5674   !   4       com.sun.javafx.css.StyleManager::forget (224 bytes)

VM state:at safepoint (normal execution)

VM Mutex/Monitor currently owned by a thread:  ([mutex/lock_event])
[0x0000021a5284ab60] Threads_lock - owner thread: 0x0000021a70e57800
[0x0000021a5284a530] Heap_lock - owner thread: 0x0000021a71c50800

Heap address: 0x0000000081c00000, size: 2020 MB, Compressed Oops mode: 32-bit
Narrow klass base: 0x0000000800000000, Narrow klass shift: 3
Compressed class space size: 1073741824 Address: 0x0000000800b40000

Heap:
 garbage-first heap   total 400384K, used 48361K [0x0000000081c00000, 0x0000000100000000)
  region size 1024K, 5 young (5120K), 5 survivors (5120K)
 Metaspace       used 18776K, capacity 20544K, committed 20736K, reserved 1067008K
  class space    used 2524K, capacity 3029K, committed 3072K, reserved 1048576K
Heap Regions: E=young(eden), S=young(survivor), O=old, HS=humongous(starts), HC=humongous(continues), CS=collection set, F=free, A=archive, TAMS=top-at-mark-start (previous, next)
|   0|0x0000000081c00000, 0x0000000081c00000, 0x0000000081d00000|  0%| F|  |TAMS 0x0000000081c00000, 0x0000000081c00000| Untracked 
|   1|0x0000000081d00000, 0x0000000081d00000, 0x0000000081e00000|  0%| F|  |TAMS 0x0000000081d00000, 0x0000000081d00000| Untracked 
|   2|0x0000000081e00000, 0x0000000081e00000, 0x0000000081f00000|  0%| F|  |TAMS 0x0000000081e00000, 0x0000000081e00000| Untracked 
|   3|0x0000000081f00000, 0x0000000081f00000, 0x0000000082000000|  0%| F|  |TAMS 0x0000000081f00000, 0x0000000081f00000| Untracked 
|   4|0x0000000082000000, 0x0000000082000000, 0x0000000082100000|  0%| F|  |TAMS 0x0000000082000000, 0x0000000082000000| Untracked 
|   5|0x0000000082100000, 0x0000000082200000, 0x0000000082200000|100%|HS|  |TAMS 0x0000000082200000, 0x0000000082100000| Complete 
|   6|0x0000000082200000, 0x0000000082300000, 0x0000000082300000|100%|HC|  |TAMS 0x0000000082300000, 0x0000000082200000| Complete 
|   7|0x0000000082300000, 0x00000000823fde00, 0x0000000082400000| 99%| O|  |TAMS 0x00000000823fde00, 0x0000000082300000| Untracked 
|   8|0x0000000082400000, 0x000000008248c400, 0x0000000082500000| 54%| O|  |TAMS 0x000000008248c400, 0x0000000082400000| Complete 
|   9|0x0000000082500000, 0x0000000082500000, 0x0000000082600000|  0%| F|  |TAMS 0x0000000082500000, 0x0000000082500000| Untracked 
|  10|0x0000000082600000, 0x0000000082600000, 0x0000000082700000|  0%| F|  |TAMS 0x0000000082600000, 0x0000000082600000| Untracked 
|  11|0x0000000082700000, 0x000000008278fe00, 0x0000000082800000| 56%| O|  |TAMS 0x000000008278fe00, 0x0000000082700000| Complete 
|  12|0x0000000082800000, 0x0000000082822a00, 0x0000000082900000| 13%| O|  |TAMS 0x0000000082822a00, 0x0000000082800000| Complete 
|  13|0x0000000082900000, 0x0000000082a00000, 0x0000000082a00000|100%| O|  |TAMS 0x0000000082a00000, 0x0000000082900000| Untracked 
|  14|0x0000000082a00000, 0x0000000082b00000, 0x0000000082b00000|100%| O|  |TAMS 0x0000000082b00000, 0x0000000082a00000| Untracked 
|  15|0x0000000082b00000, 0x0000000082c00000, 0x0000000082c00000|100%| O|  |TAMS 0x0000000082c00000, 0x0000000082b00000| Untracked 
|  16|0x0000000082c00000, 0x0000000082d00000, 0x0000000082d00000|100%| O|  |TAMS 0x0000000082d00000, 0x0000000082c00000| Untracked 
|  17|0x0000000082d00000, 0x0000000082d25000, 0x0000000082e00000| 14%| O|  |TAMS 0x0000000082d25000, 0x0000000082d00000| Complete 
|  18|0x0000000082e00000, 0x0000000082e00000, 0x0000000082f00000|  0%| F|  |TAMS 0x0000000082e00000, 0x0000000082e00000| Untracked 
|  19|0x0000000082f00000, 0x0000000083000000, 0x0000000083000000|100%| O|  |TAMS 0x0000000083000000, 0x0000000082f00000| Untracked 
|  20|0x0000000083000000, 0x0000000083026000, 0x0000000083100000| 14%| O|  |TAMS 0x0000000083026000, 0x0000000083000000| Complete 
|  21|0x0000000083100000, 0x0000000083200000, 0x0000000083200000|100%| O|  |TAMS 0x0000000083200000, 0x0000000083100000| Untracked 
|  22|0x0000000083200000, 0x0000000083300000, 0x0000000083300000|100%| O|  |TAMS 0x0000000083300000, 0x0000000083200000| Untracked 
|  23|0x0000000083300000, 0x0000000083400000, 0x0000000083400000|100%| O|  |TAMS 0x0000000083400000, 0x0000000083300000| Untracked 
|  24|0x0000000083400000, 0x0000000083500000, 0x0000000083500000|100%| O|  |TAMS 0x0000000083500000, 0x0000000083400000| Untracked 
|  25|0x0000000083500000, 0x0000000083600000, 0x0000000083600000|100%| O|  |TAMS 0x0000000083600000, 0x0000000083500000| Untracked 
|  26|0x0000000083600000, 0x0000000083700000, 0x0000000083700000|100%| O|  |TAMS 0x0000000083700000, 0x0000000083600000| Untracked 
|  27|0x0000000083700000, 0x0000000083747400, 0x0000000083800000| 27%| O|  |TAMS 0x0000000083747400, 0x0000000083700000| Complete 
|  28|0x0000000083800000, 0x0000000083849c00, 0x0000000083900000| 28%| O|  |TAMS 0x0000000083849c00, 0x0000000083800000| Complete 
|  29|0x0000000083900000, 0x0000000083971a00, 0x0000000083a00000| 44%| O|  |TAMS 0x0000000083971a00, 0x0000000083900000| Complete 
|  30|0x0000000083a00000, 0x0000000083a50800, 0x0000000083b00000| 31%| O|  |TAMS 0x0000000083a50800, 0x0000000083a00000| Complete 
|  31|0x0000000083b00000, 0x0000000083c00000, 0x0000000083c00000|100%| O|  |TAMS 0x0000000083c00000, 0x0000000083b00000| Untracked 
|  32|0x0000000083c00000, 0x0000000083d00000, 0x0000000083d00000|100%| O|  |TAMS 0x0000000083d00000, 0x0000000083c00000| Untracked 
|  33|0x0000000083d00000, 0x0000000083e00000, 0x0000000083e00000|100%| O|  |TAMS 0x0000000083e00000, 0x0000000083d00000| Untracked 
|  34|0x0000000083e00000, 0x0000000083ec1400, 0x0000000083f00000| 75%| O|  |TAMS 0x0000000083ec1400, 0x0000000083e00000| Complete 
|  35|0x0000000083f00000, 0x0000000083ff6e00, 0x0000000084000000| 96%| O|  |TAMS 0x0000000083ff6e00, 0x0000000083f00000| Untracked 
|  36|0x0000000084000000, 0x0000000084100000, 0x0000000084100000|100%| O|  |TAMS 0x0000000084100000, 0x0000000084000000| Untracked 
|  37|0x0000000084100000, 0x0000000084146800, 0x0000000084200000| 27%| O|  |TAMS 0x0000000084146800, 0x0000000084100000| Complete 
|  38|0x0000000084200000, 0x000000008421fe00, 0x0000000084300000| 12%| O|  |TAMS 0x000000008421fe00, 0x0000000084200000| Complete 
|  39|0x0000000084300000, 0x0000000084400000, 0x0000000084400000|100%| O|  |TAMS 0x0000000084400000, 0x0000000084300000| Untracked 
|  40|0x0000000084400000, 0x0000000084400000, 0x0000000084500000|  0%| F|  |TAMS 0x0000000084400000, 0x0000000084400000| Untracked 
|  41|0x0000000084500000, 0x0000000084500000, 0x0000000084600000|  0%| F|  |TAMS 0x0000000084500000, 0x0000000084500000| Untracked 
|  42|0x0000000084600000, 0x0000000084700000, 0x0000000084700000|100%| O|  |TAMS 0x0000000084700000, 0x0000000084600000| Untracked 
|  43|0x0000000084700000, 0x0000000084792c00, 0x0000000084800000| 57%| O|  |TAMS 0x0000000084733800, 0x0000000084700000| Untracked 
|  44|0x0000000084800000, 0x0000000084800000, 0x0000000084900000|  0%| F|  |TAMS 0x0000000084800000, 0x0000000084800000| Untracked 
|  45|0x0000000084900000, 0x0000000084900000, 0x0000000084a00000|  0%| F|  |TAMS 0x0000000084900000, 0x0000000084900000| Untracked 
|  46|0x0000000084a00000, 0x0000000084aa3800, 0x0000000084b00000| 63%| O|  |TAMS 0x0000000084aa3800, 0x0000000084a00000| Complete 
|  47|0x0000000084b00000, 0x0000000084b00000, 0x0000000084c00000|  0%| F|  |TAMS 0x0000000084b00000, 0x0000000084b00000| Untracked 
|  48|0x0000000084c00000, 0x0000000084c00000, 0x0000000084d00000|  0%| F|  |TAMS 0x0000000084c00000, 0x0000000084c00000| Untracked 
|  49|0x0000000084d00000, 0x0000000084d00000, 0x0000000084e00000|  0%| F|  |TAMS 0x0000000084d00000, 0x0000000084d00000| Untracked 
|  50|0x0000000084e00000, 0x0000000084e00000, 0x0000000084f00000|  0%| F|  |TAMS 0x0000000084e00000, 0x0000000084e00000| Untracked 
|  51|0x0000000084f00000, 0x0000000084f00000, 0x0000000085000000|  0%| F|  |TAMS 0x0000000084f00000, 0x0000000084f00000| Untracked 
|  52|0x0000000085000000, 0x0000000085000000, 0x0000000085100000|  0%| F|  |TAMS 0x0000000085000000, 0x0000000085000000| Untracked 
|  53|0x0000000085100000, 0x0000000085200000, 0x0000000085200000|100%| O|  |TAMS 0x0000000085200000, 0x0000000085100000| Untracked 
|  54|0x0000000085200000, 0x0000000085200000, 0x0000000085300000|  0%| F|  |TAMS 0x0000000085200000, 0x0000000085200000| Untracked 
|  55|0x0000000085300000, 0x0000000085300000, 0x0000000085400000|  0%| F|  |TAMS 0x0000000085300000, 0x0000000085300000| Untracked 
|  56|0x0000000085400000, 0x0000000085400000, 0x0000000085500000|  0%| F|  |TAMS 0x0000000085400000, 0x0000000085400000| Untracked 
|  57|0x0000000085500000, 0x0000000085500000, 0x0000000085600000|  0%| F|  |TAMS 0x0000000085500000, 0x0000000085500000| Untracked 
|  58|0x0000000085600000, 0x0000000085600000, 0x0000000085700000|  0%| F|  |TAMS 0x0000000085600000, 0x0000000085600000| Untracked 
|  59|0x0000000085700000, 0x0000000085700000, 0x0000000085800000|  0%| F|  |TAMS 0x0000000085700000, 0x0000000085700000| Untracked 
|  60|0x0000000085800000, 0x0000000085800000, 0x0000000085900000|  0%| F|  |TAMS 0x0000000085800000, 0x0000000085800000| Untracked 
|  61|0x0000000085900000, 0x0000000085900000, 0x0000000085a00000|  0%| F|  |TAMS 0x0000000085900000, 0x0000000085900000| Untracked 
|  62|0x0000000085a00000, 0x0000000085a00000, 0x0000000085b00000|  0%| F|  |TAMS 0x0000000085a00000, 0x0000000085a00000| Untracked 
|  63|0x0000000085b00000, 0x0000000085b00000, 0x0000000085c00000|  0%| F|  |TAMS 0x0000000085b00000, 0x0000000085b00000| Untracked 
|  64|0x0000000085c00000, 0x0000000085c00000, 0x0000000085d00000|  0%| F|  |TAMS 0x0000000085c00000, 0x0000000085c00000| Untracked 
|  65|0x0000000085d00000, 0x0000000085d00000, 0x0000000085e00000|  0%| F|  |TAMS 0x0000000085d00000, 0x0000000085d00000| Untracked 
|  66|0x0000000085e00000, 0x0000000085e00000, 0x0000000085f00000|  0%| F|  |TAMS 0x0000000085e00000, 0x0000000085e00000| Untracked 
|  67|0x0000000085f00000, 0x0000000085f00000, 0x0000000086000000|  0%| F|  |TAMS 0x0000000085f00000, 0x0000000085f00000| Untracked 
|  68|0x0000000086000000, 0x0000000086000000, 0x0000000086100000|  0%| F|  |TAMS 0x0000000086000000, 0x0000000086000000| Untracked 
|  69|0x0000000086100000, 0x0000000086100000, 0x0000000086200000|  0%| F|  |TAMS 0x0000000086100000, 0x0000000086100000| Untracked 
|  70|0x0000000086200000, 0x0000000086200000, 0x0000000086300000|  0%| F|  |TAMS 0x0000000086200000, 0x0000000086200000| Untracked 
|  71|0x0000000086300000, 0x0000000086300000, 0x0000000086400000|  0%| F|  |TAMS 0x0000000086300000, 0x0000000086300000| Untracked 
|  72|0x0000000086400000, 0x0000000086400000, 0x0000000086500000|  0%| F|  |TAMS 0x0000000086400000, 0x0000000086400000| Untracked 
|  73|0x0000000086500000, 0x0000000086500000, 0x0000000086600000|  0%| F|  |TAMS 0x0000000086500000, 0x0000000086500000| Untracked 
|  74|0x0000000086600000, 0x0000000086700000, 0x0000000086700000|100%| O|  |TAMS 0x0000000086700000, 0x0000000086600000| Untracked 
|  75|0x0000000086700000, 0x0000000086800000, 0x0000000086800000|100%| O|  |TAMS 0x0000000086800000, 0x0000000086700000| Untracked 
|  76|0x0000000086800000, 0x0000000086800000, 0x0000000086900000|  0%| F|  |TAMS 0x0000000086800000, 0x0000000086800000| Untracked 
|  77|0x0000000086900000, 0x0000000086a00000, 0x0000000086a00000|100%| O|  |TAMS 0x0000000086a00000, 0x0000000086900000| Untracked 
|  78|0x0000000086a00000, 0x0000000086b00000, 0x0000000086b00000|100%| O|  |TAMS 0x0000000086b00000, 0x0000000086a00000| Untracked 
|  79|0x0000000086b00000, 0x0000000086c00000, 0x0000000086c00000|100%| O|  |TAMS 0x0000000086c00000, 0x0000000086b00000| Untracked 
|  80|0x0000000086c00000, 0x0000000086d00000, 0x0000000086d00000|100%| O|  |TAMS 0x0000000086d00000, 0x0000000086c00000| Untracked 
|  81|0x0000000086d00000, 0x0000000086e00000, 0x0000000086e00000|100%| O|  |TAMS 0x0000000086e00000, 0x0000000086d00000| Untracked 
|  82|0x0000000086e00000, 0x0000000086e4ac00, 0x0000000086f00000| 29%| O|  |TAMS 0x0000000086e4ac00, 0x0000000086e00000| Complete 
|  83|0x0000000086f00000, 0x0000000086f00000, 0x0000000087000000|  0%| F|  |TAMS 0x0000000086f00000, 0x0000000086f00000| Untracked 
|  84|0x0000000087000000, 0x0000000087000000, 0x0000000087100000|  0%| F|  |TAMS 0x0000000087000000, 0x0000000087000000| Untracked 
|  85|0x0000000087100000, 0x0000000087100000, 0x0000000087200000|  0%| F|  |TAMS 0x0000000087100000, 0x0000000087100000| Untracked 
|  86|0x0000000087200000, 0x0000000087200000, 0x0000000087300000|  0%| F|  |TAMS 0x0000000087200000, 0x0000000087200000| Untracked 
|  87|0x0000000087300000, 0x0000000087300000, 0x0000000087400000|  0%| F|  |TAMS 0x0000000087300000, 0x0000000087300000| Untracked 
|  88|0x0000000087400000, 0x0000000087400000, 0x0000000087500000|  0%| F|  |TAMS 0x0000000087400000, 0x0000000087400000| Untracked 
|  89|0x0000000087500000, 0x0000000087500000, 0x0000000087600000|  0%| F|  |TAMS 0x0000000087500000, 0x0000000087500000| Untracked 
|  90|0x0000000087600000, 0x0000000087600000, 0x0000000087700000|  0%| F|  |TAMS 0x0000000087600000, 0x0000000087600000| Untracked 
|  91|0x0000000087700000, 0x0000000087700000, 0x0000000087800000|  0%| F|  |TAMS 0x0000000087700000, 0x0000000087700000| Untracked 
|  92|0x0000000087800000, 0x0000000087800000, 0x0000000087900000|  0%| F|  |TAMS 0x0000000087800000, 0x0000000087800000| Untracked 
|  93|0x0000000087900000, 0x0000000087900000, 0x0000000087a00000|  0%| F|  |TAMS 0x0000000087900000, 0x0000000087900000| Untracked 
|  94|0x0000000087a00000, 0x0000000087b00000, 0x0000000087b00000|100%| O|  |TAMS 0x0000000087b00000, 0x0000000087a00000| Untracked 
|  95|0x0000000087b00000, 0x0000000087c00000, 0x0000000087c00000|100%| O|  |TAMS 0x0000000087c00000, 0x0000000087b00000| Untracked 
|  96|0x0000000087c00000, 0x0000000087d00000, 0x0000000087d00000|100%| O|  |TAMS 0x0000000087d00000, 0x0000000087c00000| Untracked 
|  97|0x0000000087d00000, 0x0000000087df8c00, 0x0000000087e00000| 97%| O|  |TAMS 0x0000000087df8c00, 0x0000000087d00000| Untracked 
|  98|0x0000000087e00000, 0x0000000087e00000, 0x0000000087f00000|  0%| F|  |TAMS 0x0000000087e00000, 0x0000000087e00000| Untracked 
|  99|0x0000000087f00000, 0x0000000087f00000, 0x0000000088000000|  0%| F|  |TAMS 0x0000000087f00000, 0x0000000087f00000| Untracked 
| 100|0x0000000088000000, 0x0000000088000000, 0x0000000088100000|  0%| F|  |TAMS 0x0000000088000000, 0x0000000088000000| Untracked 
| 101|0x0000000088100000, 0x0000000088100000, 0x0000000088200000|  0%| F|  |TAMS 0x0000000088100000, 0x0000000088100000| Untracked 
| 102|0x0000000088200000, 0x0000000088200000, 0x0000000088300000|  0%| F|  |TAMS 0x0000000088200000, 0x0000000088200000| Untracked 
| 103|0x0000000088300000, 0x0000000088300000, 0x0000000088400000|  0%| F|  |TAMS 0x0000000088300000, 0x0000000088300000| Untracked 
| 104|0x0000000088400000, 0x0000000088400000, 0x0000000088500000|  0%| F|  |TAMS 0x0000000088400000, 0x0000000088400000| Untracked 
| 105|0x0000000088500000, 0x0000000088500000, 0x0000000088600000|  0%| F|  |TAMS 0x0000000088500000, 0x0000000088500000| Untracked 
| 106|0x0000000088600000, 0x0000000088600000, 0x0000000088700000|  0%| F|  |TAMS 0x0000000088600000, 0x0000000088600000| Untracked 
| 107|0x0000000088700000, 0x0000000088700000, 0x0000000088800000|  0%| F|  |TAMS 0x0000000088700000, 0x0000000088700000| Untracked 
| 108|0x0000000088800000, 0x0000000088800000, 0x0000000088900000|  0%| F|  |TAMS 0x0000000088800000, 0x0000000088800000| Untracked 
| 109|0x0000000088900000, 0x0000000088a00000, 0x0000000088a00000|100%| O|  |TAMS 0x0000000088a00000, 0x0000000088900000| Untracked 
| 110|0x0000000088a00000, 0x0000000088b00000, 0x0000000088b00000|100%| O|  |TAMS 0x0000000088b00000, 0x0000000088a00000| Untracked 
| 111|0x0000000088b00000, 0x0000000088b40800, 0x0000000088c00000| 25%| O|  |TAMS 0x0000000088b40800, 0x0000000088b00000| Complete 
| 112|0x0000000088c00000, 0x0000000088c00000, 0x0000000088d00000|  0%| F|  |TAMS 0x0000000088c00000, 0x0000000088c00000| Untracked 
| 113|0x0000000088d00000, 0x0000000088d00000, 0x0000000088e00000|  0%| F|  |TAMS 0x0000000088d00000, 0x0000000088d00000| Untracked 
| 114|0x0000000088e00000, 0x0000000088e00000, 0x0000000088f00000|  0%| F|  |TAMS 0x0000000088e00000, 0x0000000088e00000| Untracked 
| 115|0x0000000088f00000, 0x0000000088f00000, 0x0000000089000000|  0%| F|  |TAMS 0x0000000088f00000, 0x0000000088f00000| Untracked 
| 116|0x0000000089000000, 0x0000000089000000, 0x0000000089100000|  0%| F|  |TAMS 0x0000000089000000, 0x0000000089000000| Untracked 
| 117|0x0000000089100000, 0x0000000089100000, 0x0000000089200000|  0%| F|  |TAMS 0x0000000089100000, 0x0000000089100000| Untracked 
| 118|0x0000000089200000, 0x0000000089200000, 0x0000000089300000|  0%| F|  |TAMS 0x0000000089200000, 0x0000000089200000| Untracked 
| 119|0x0000000089300000, 0x0000000089300000, 0x0000000089400000|  0%| F|  |TAMS 0x0000000089300000, 0x0000000089300000| Untracked 
| 120|0x0000000089400000, 0x0000000089400000, 0x0000000089500000|  0%| F|  |TAMS 0x0000000089400000, 0x0000000089400000| Untracked 
| 121|0x0000000089500000, 0x0000000089500000, 0x0000000089600000|  0%| F|  |TAMS 0x0000000089500000, 0x0000000089500000| Untracked 
| 122|0x0000000089600000, 0x0000000089600000, 0x0000000089700000|  0%| F|  |TAMS 0x0000000089600000, 0x0000000089600000| Untracked 
| 123|0x0000000089700000, 0x0000000089700000, 0x0000000089800000|  0%| F|  |TAMS 0x0000000089700000, 0x0000000089700000| Untracked 
| 124|0x0000000089800000, 0x0000000089800000, 0x0000000089900000|  0%| F|  |TAMS 0x0000000089800000, 0x0000000089800000| Untracked 
| 125|0x0000000089900000, 0x0000000089900000, 0x0000000089a00000|  0%| F|  |TAMS 0x0000000089900000, 0x0000000089900000| Untracked 
| 126|0x0000000089a00000, 0x0000000089a00000, 0x0000000089b00000|  0%| F|  |TAMS 0x0000000089a00000, 0x0000000089a00000| Untracked 
| 127|0x0000000089b00000, 0x0000000089c00000, 0x0000000089c00000|100%| O|  |TAMS 0x0000000089c00000, 0x0000000089b00000| Untracked 
| 128|0x0000000089c00000, 0x0000000089c00000, 0x0000000089d00000|  0%| F|  |TAMS 0x0000000089c00000, 0x0000000089c00000| Untracked 
| 129|0x0000000089d00000, 0x0000000089d00000, 0x0000000089e00000|  0%| F|  |TAMS 0x0000000089d00000, 0x0000000089d00000| Untracked 
| 130|0x0000000089e00000, 0x0000000089e00000, 0x0000000089f00000|  0%| F|  |TAMS 0x0000000089e00000, 0x0000000089e00000| Untracked 
| 131|0x0000000089f00000, 0x0000000089f00000, 0x000000008a000000|  0%| F|  |TAMS 0x0000000089f00000, 0x0000000089f00000| Untracked 
| 132|0x000000008a000000, 0x000000008a000000, 0x000000008a100000|  0%| F|  |TAMS 0x000000008a000000, 0x000000008a000000| Untracked 
| 133|0x000000008a100000, 0x000000008a100000, 0x000000008a200000|  0%| F|  |TAMS 0x000000008a100000, 0x000000008a100000| Untracked 
| 134|0x000000008a200000, 0x000000008a200000, 0x000000008a300000|  0%| F|  |TAMS 0x000000008a200000, 0x000000008a200000| Untracked 
| 135|0x000000008a300000, 0x000000008a300000, 0x000000008a400000|  0%| F|  |TAMS 0x000000008a300000, 0x000000008a300000| Untracked 
| 136|0x000000008a400000, 0x000000008a400000, 0x000000008a500000|  0%| F|  |TAMS 0x000000008a400000, 0x000000008a400000| Untracked 
| 137|0x000000008a500000, 0x000000008a500000, 0x000000008a600000|  0%| F|  |TAMS 0x000000008a500000, 0x000000008a500000| Untracked 
| 138|0x000000008a600000, 0x000000008a600000, 0x000000008a700000|  0%| F|  |TAMS 0x000000008a600000, 0x000000008a600000| Untracked 
| 139|0x000000008a700000, 0x000000008a700000, 0x000000008a800000|  0%| F|  |TAMS 0x000000008a700000, 0x000000008a700000| Untracked 
| 140|0x000000008a800000, 0x000000008a800000, 0x000000008a900000|  0%| F|  |TAMS 0x000000008a800000, 0x000000008a800000| Untracked 
| 141|0x000000008a900000, 0x000000008a900000, 0x000000008aa00000|  0%| F|  |TAMS 0x000000008a900000, 0x000000008a900000| Untracked 
| 142|0x000000008aa00000, 0x000000008aa00000, 0x000000008ab00000|  0%| F|  |TAMS 0x000000008aa00000, 0x000000008aa00000| Untracked 
| 143|0x000000008ab00000, 0x000000008ab00000, 0x000000008ac00000|  0%| F|  |TAMS 0x000000008ab00000, 0x000000008ab00000| Untracked 
| 144|0x000000008ac00000, 0x000000008ac00000, 0x000000008ad00000|  0%| F|  |TAMS 0x000000008ac00000, 0x000000008ac00000| Untracked 
| 145|0x000000008ad00000, 0x000000008ad00000, 0x000000008ae00000|  0%| F|  |TAMS 0x000000008ad00000, 0x000000008ad00000| Untracked 
| 146|0x000000008ae00000, 0x000000008ae00000, 0x000000008af00000|  0%| F|  |TAMS 0x000000008ae00000, 0x000000008ae00000| Untracked 
| 147|0x000000008af00000, 0x000000008af00000, 0x000000008b000000|  0%| F|  |TAMS 0x000000008af00000, 0x000000008af00000| Untracked 
| 148|0x000000008b000000, 0x000000008b000000, 0x000000008b100000|  0%| F|  |TAMS 0x000000008b000000, 0x000000008b000000| Untracked 
| 149|0x000000008b100000, 0x000000008b100000, 0x000000008b200000|  0%| F|  |TAMS 0x000000008b100000, 0x000000008b100000| Untracked 
| 150|0x000000008b200000, 0x000000008b200000, 0x000000008b300000|  0%| F|  |TAMS 0x000000008b200000, 0x000000008b200000| Untracked 
| 151|0x000000008b300000, 0x000000008b300000, 0x000000008b400000|  0%| F|  |TAMS 0x000000008b300000, 0x000000008b300000| Untracked 
| 152|0x000000008b400000, 0x000000008b400000, 0x000000008b500000|  0%| F|  |TAMS 0x000000008b400000, 0x000000008b400000| Untracked 
| 153|0x000000008b500000, 0x000000008b500000, 0x000000008b600000|  0%| F|  |TAMS 0x000000008b500000, 0x000000008b500000| Untracked 
| 154|0x000000008b600000, 0x000000008b600000, 0x000000008b700000|  0%| F|  |TAMS 0x000000008b600000, 0x000000008b600000| Untracked 
| 155|0x000000008b700000, 0x000000008b700000, 0x000000008b800000|  0%| F|  |TAMS 0x000000008b700000, 0x000000008b700000| Untracked 
| 156|0x000000008b800000, 0x000000008b800000, 0x000000008b900000|  0%| F|  |TAMS 0x000000008b800000, 0x000000008b800000| Untracked 
| 157|0x000000008b900000, 0x000000008b900000, 0x000000008ba00000|  0%| F|  |TAMS 0x000000008b900000, 0x000000008b900000| Untracked 
| 158|0x000000008ba00000, 0x000000008ba00000, 0x000000008bb00000|  0%| F|  |TAMS 0x000000008ba00000, 0x000000008ba00000| Untracked 
| 159|0x000000008bb00000, 0x000000008bb00000, 0x000000008bc00000|  0%| F|  |TAMS 0x000000008bb00000, 0x000000008bb00000| Untracked 
| 160|0x000000008bc00000, 0x000000008bc00000, 0x000000008bd00000|  0%| F|  |TAMS 0x000000008bc00000, 0x000000008bc00000| Untracked 
| 161|0x000000008bd00000, 0x000000008bd00000, 0x000000008be00000|  0%| F|  |TAMS 0x000000008bd00000, 0x000000008bd00000| Untracked 
| 162|0x000000008be00000, 0x000000008be00000, 0x000000008bf00000|  0%| F|  |TAMS 0x000000008be00000, 0x000000008be00000| Untracked 
| 163|0x000000008bf00000, 0x000000008bf00000, 0x000000008c000000|  0%| F|  |TAMS 0x000000008bf00000, 0x000000008bf00000| Untracked 
| 164|0x000000008c000000, 0x000000008c000000, 0x000000008c100000|  0%| F|  |TAMS 0x000000008c000000, 0x000000008c000000| Untracked 
| 165|0x000000008c100000, 0x000000008c100000, 0x000000008c200000|  0%| F|  |TAMS 0x000000008c100000, 0x000000008c100000| Untracked 
| 166|0x000000008c200000, 0x000000008c200000, 0x000000008c300000|  0%| F|  |TAMS 0x000000008c200000, 0x000000008c200000| Untracked 
| 167|0x000000008c300000, 0x000000008c400000, 0x000000008c400000|100%| O|  |TAMS 0x000000008c400000, 0x000000008c300000| Untracked 
| 168|0x000000008c400000, 0x000000008c400000, 0x000000008c500000|  0%| F|  |TAMS 0x000000008c400000, 0x000000008c400000| Untracked 
| 169|0x000000008c500000, 0x000000008c500000, 0x000000008c600000|  0%| F|  |TAMS 0x000000008c500000, 0x000000008c500000| Untracked 
| 170|0x000000008c600000, 0x000000008c600000, 0x000000008c700000|  0%| F|  |TAMS 0x000000008c600000, 0x000000008c600000| Untracked 
| 171|0x000000008c700000, 0x000000008c700000, 0x000000008c800000|  0%| F|  |TAMS 0x000000008c700000, 0x000000008c700000| Untracked 
| 172|0x000000008c800000, 0x000000008c800000, 0x000000008c900000|  0%| F|  |TAMS 0x000000008c800000, 0x000000008c800000| Untracked 
| 173|0x000000008c900000, 0x000000008c900000, 0x000000008ca00000|  0%| F|  |TAMS 0x000000008c900000, 0x000000008c900000| Untracked 
| 174|0x000000008ca00000, 0x000000008ca00000, 0x000000008cb00000|  0%| F|  |TAMS 0x000000008ca00000, 0x000000008ca00000| Untracked 
| 175|0x000000008cb00000, 0x000000008cb00000, 0x000000008cc00000|  0%| F|  |TAMS 0x000000008cb00000, 0x000000008cb00000| Untracked 
| 176|0x000000008cc00000, 0x000000008cc00000, 0x000000008cd00000|  0%| F|  |TAMS 0x000000008cc00000, 0x000000008cc00000| Untracked 
| 177|0x000000008cd00000, 0x000000008cd00000, 0x000000008ce00000|  0%| F|  |TAMS 0x000000008cd00000, 0x000000008cd00000| Untracked 
| 178|0x000000008ce00000, 0x000000008ce00000, 0x000000008cf00000|  0%| F|  |TAMS 0x000000008ce00000, 0x000000008ce00000| Untracked 
| 179|0x000000008cf00000, 0x000000008cf00000, 0x000000008d000000|  0%| F|  |TAMS 0x000000008cf00000, 0x000000008cf00000| Untracked 
| 180|0x000000008d000000, 0x000000008d000000, 0x000000008d100000|  0%| F|  |TAMS 0x000000008d000000, 0x000000008d000000| Untracked 
| 181|0x000000008d100000, 0x000000008d100000, 0x000000008d200000|  0%| F|  |TAMS 0x000000008d100000, 0x000000008d100000| Untracked 
| 182|0x000000008d200000, 0x000000008d200000, 0x000000008d300000|  0%| F|  |TAMS 0x000000008d200000, 0x000000008d200000| Untracked 
| 183|0x000000008d300000, 0x000000008d300000, 0x000000008d400000|  0%| F|  |TAMS 0x000000008d300000, 0x000000008d300000| Untracked 
| 184|0x000000008d400000, 0x000000008d400000, 0x000000008d500000|  0%| F|  |TAMS 0x000000008d400000, 0x000000008d400000| Untracked 
| 185|0x000000008d500000, 0x000000008d500000, 0x000000008d600000|  0%| F|  |TAMS 0x000000008d500000, 0x000000008d500000| Untracked 
| 186|0x000000008d600000, 0x000000008d600000, 0x000000008d700000|  0%| F|  |TAMS 0x000000008d600000, 0x000000008d600000| Untracked 
| 187|0x000000008d700000, 0x000000008d700000, 0x000000008d800000|  0%| F|  |TAMS 0x000000008d700000, 0x000000008d700000| Untracked 
| 188|0x000000008d800000, 0x000000008d800000, 0x000000008d900000|  0%| F|  |TAMS 0x000000008d800000, 0x000000008d800000| Untracked 
| 189|0x000000008d900000, 0x000000008d900000, 0x000000008da00000|  0%| F|  |TAMS 0x000000008d900000, 0x000000008d900000| Untracked 
| 190|0x000000008da00000, 0x000000008da00000, 0x000000008db00000|  0%| F|  |TAMS 0x000000008da00000, 0x000000008da00000| Untracked 
| 191|0x000000008db00000, 0x000000008db00000, 0x000000008dc00000|  0%| F|  |TAMS 0x000000008db00000, 0x000000008db00000| Untracked 
| 192|0x000000008dc00000, 0x000000008dc00000, 0x000000008dd00000|  0%| F|  |TAMS 0x000000008dc00000, 0x000000008dc00000| Untracked 
| 193|0x000000008dd00000, 0x000000008dd00000, 0x000000008de00000|  0%| F|  |TAMS 0x000000008dd00000, 0x000000008dd00000| Untracked 
| 194|0x000000008de00000, 0x000000008de00000, 0x000000008df00000|  0%| F|  |TAMS 0x000000008de00000, 0x000000008de00000| Untracked 
| 195|0x000000008df00000, 0x000000008df00000, 0x000000008e000000|  0%| F|  |TAMS 0x000000008df00000, 0x000000008df00000| Untracked 
| 196|0x000000008e000000, 0x000000008e000000, 0x000000008e100000|  0%| F|  |TAMS 0x000000008e000000, 0x000000008e000000| Untracked 
| 197|0x000000008e100000, 0x000000008e100000, 0x000000008e200000|  0%| F|  |TAMS 0x000000008e100000, 0x000000008e100000| Untracked 
| 198|0x000000008e200000, 0x000000008e200000, 0x000000008e300000|  0%| F|  |TAMS 0x000000008e200000, 0x000000008e200000| Untracked 
| 199|0x000000008e300000, 0x000000008e300000, 0x000000008e400000|  0%| F|  |TAMS 0x000000008e300000, 0x000000008e300000| Untracked 
| 200|0x000000008e400000, 0x000000008e400000, 0x000000008e500000|  0%| F|  |TAMS 0x000000008e400000, 0x000000008e400000| Untracked 
| 201|0x000000008e500000, 0x000000008e500000, 0x000000008e600000|  0%| F|  |TAMS 0x000000008e500000, 0x000000008e500000| Untracked 
| 202|0x000000008e600000, 0x000000008e600000, 0x000000008e700000|  0%| F|  |TAMS 0x000000008e600000, 0x000000008e600000| Untracked 
| 203|0x000000008e700000, 0x000000008e700000, 0x000000008e800000|  0%| F|  |TAMS 0x000000008e700000, 0x000000008e700000| Untracked 
| 204|0x000000008e800000, 0x000000008e800000, 0x000000008e900000|  0%| F|  |TAMS 0x000000008e800000, 0x000000008e800000| Untracked 
| 205|0x000000008e900000, 0x000000008e900000, 0x000000008ea00000|  0%| F|  |TAMS 0x000000008e900000, 0x000000008e900000| Untracked 
| 206|0x000000008ea00000, 0x000000008ea00000, 0x000000008eb00000|  0%| F|  |TAMS 0x000000008ea00000, 0x000000008ea00000| Untracked 
| 207|0x000000008eb00000, 0x000000008eb00000, 0x000000008ec00000|  0%| F|  |TAMS 0x000000008eb00000, 0x000000008eb00000| Untracked 
| 208|0x000000008ec00000, 0x000000008ec00000, 0x000000008ed00000|  0%| F|  |TAMS 0x000000008ec00000, 0x000000008ec00000| Untracked 
| 209|0x000000008ed00000, 0x000000008ed00000, 0x000000008ee00000|  0%| F|  |TAMS 0x000000008ed00000, 0x000000008ed00000| Untracked 
| 210|0x000000008ee00000, 0x000000008ee00000, 0x000000008ef00000|  0%| F|  |TAMS 0x000000008ee00000, 0x000000008ee00000| Untracked 
| 211|0x000000008ef00000, 0x000000008ef00000, 0x000000008f000000|  0%| F|  |TAMS 0x000000008ef00000, 0x000000008ef00000| Untracked 
| 212|0x000000008f000000, 0x000000008f100000, 0x000000008f100000|100%| S|CS|TAMS 0x000000008f000000, 0x000000008f000000| Complete 
| 213|0x000000008f100000, 0x000000008f200000, 0x000000008f200000|100%| S|CS|TAMS 0x000000008f100000, 0x000000008f100000| Complete 
| 214|0x000000008f200000, 0x000000008f300000, 0x000000008f300000|100%| S|CS|TAMS 0x000000008f200000, 0x000000008f200000| Complete 
| 215|0x000000008f300000, 0x000000008f400000, 0x000000008f400000|100%| S|CS|TAMS 0x000000008f300000, 0x000000008f300000| Complete 
| 216|0x000000008f400000, 0x000000008f486dc0, 0x000000008f500000| 52%| S|CS|TAMS 0x000000008f400000, 0x000000008f400000| Complete 
| 217|0x000000008f500000, 0x000000008f500000, 0x000000008f600000|  0%| F|  |TAMS 0x000000008f500000, 0x000000008f500000| Untracked 
| 218|0x000000008f600000, 0x000000008f600000, 0x000000008f700000|  0%| F|  |TAMS 0x000000008f600000, 0x000000008f600000| Untracked 
| 219|0x000000008f700000, 0x000000008f700000, 0x000000008f800000|  0%| F|  |TAMS 0x000000008f700000, 0x000000008f700000| Untracked 
| 220|0x000000008f800000, 0x000000008f800000, 0x000000008f900000|  0%| F|  |TAMS 0x000000008f800000, 0x000000008f800000| Untracked 
| 221|0x000000008f900000, 0x000000008f900000, 0x000000008fa00000|  0%| F|  |TAMS 0x000000008f900000, 0x000000008f900000| Untracked 
| 222|0x000000008fa00000, 0x000000008fa00000, 0x000000008fb00000|  0%| F|  |TAMS 0x000000008fa00000, 0x000000008fa00000| Untracked 
| 223|0x000000008fb00000, 0x000000008fb00000, 0x000000008fc00000|  0%| F|  |TAMS 0x000000008fb00000, 0x000000008fb00000| Untracked 
| 224|0x000000008fc00000, 0x000000008fc00000, 0x000000008fd00000|  0%| F|  |TAMS 0x000000008fc00000, 0x000000008fc00000| Untracked 
| 225|0x000000008fd00000, 0x000000008fd00000, 0x000000008fe00000|  0%| F|  |TAMS 0x000000008fd00000, 0x000000008fd00000| Untracked 
| 226|0x000000008fe00000, 0x000000008fe00000, 0x000000008ff00000|  0%| F|  |TAMS 0x000000008fe00000, 0x000000008fe00000| Untracked 
| 227|0x000000008ff00000, 0x000000008ff00000, 0x0000000090000000|  0%| F|  |TAMS 0x000000008ff00000, 0x000000008ff00000| Untracked 
| 228|0x0000000090000000, 0x0000000090000000, 0x0000000090100000|  0%| F|  |TAMS 0x0000000090000000, 0x0000000090000000| Untracked 
| 229|0x0000000090100000, 0x0000000090100000, 0x0000000090200000|  0%| F|  |TAMS 0x0000000090100000, 0x0000000090100000| Untracked 
| 230|0x0000000090200000, 0x0000000090200000, 0x0000000090300000|  0%| F|  |TAMS 0x0000000090200000, 0x0000000090200000| Untracked 
| 231|0x0000000090300000, 0x0000000090300000, 0x0000000090400000|  0%| F|  |TAMS 0x0000000090300000, 0x0000000090300000| Untracked 
| 232|0x0000000090400000, 0x0000000090400000, 0x0000000090500000|  0%| F|  |TAMS 0x0000000090400000, 0x0000000090400000| Untracked 
| 233|0x0000000090500000, 0x0000000090500000, 0x0000000090600000|  0%| F|  |TAMS 0x0000000090500000, 0x0000000090500000| Untracked 
| 234|0x0000000090600000, 0x0000000090600000, 0x0000000090700000|  0%| F|  |TAMS 0x0000000090600000, 0x0000000090600000| Untracked 
| 235|0x0000000090700000, 0x0000000090700000, 0x0000000090800000|  0%| F|  |TAMS 0x0000000090700000, 0x0000000090700000| Untracked 
| 236|0x0000000090800000, 0x0000000090800000, 0x0000000090900000|  0%| F|  |TAMS 0x0000000090800000, 0x0000000090800000| Untracked 
| 237|0x0000000090900000, 0x0000000090900000, 0x0000000090a00000|  0%| F|  |TAMS 0x0000000090900000, 0x0000000090900000| Untracked 
| 238|0x0000000090a00000, 0x0000000090a00000, 0x0000000090b00000|  0%| F|  |TAMS 0x0000000090a00000, 0x0000000090a00000| Untracked 
| 239|0x0000000090b00000, 0x0000000090b00000, 0x0000000090c00000|  0%| F|  |TAMS 0x0000000090b00000, 0x0000000090b00000| Untracked 
| 240|0x0000000090c00000, 0x0000000090c00000, 0x0000000090d00000|  0%| F|  |TAMS 0x0000000090c00000, 0x0000000090c00000| Untracked 
| 241|0x0000000090d00000, 0x0000000090d00000, 0x0000000090e00000|  0%| F|  |TAMS 0x0000000090d00000, 0x0000000090d00000| Untracked 
| 242|0x0000000090e00000, 0x0000000090e00000, 0x0000000090f00000|  0%| F|  |TAMS 0x0000000090e00000, 0x0000000090e00000| Untracked 
| 243|0x0000000090f00000, 0x0000000090f00000, 0x0000000091000000|  0%| F|  |TAMS 0x0000000090f00000, 0x0000000090f00000| Untracked 
| 244|0x0000000091000000, 0x0000000091000000, 0x0000000091100000|  0%| F|  |TAMS 0x0000000091000000, 0x0000000091000000| Untracked 
| 245|0x0000000091100000, 0x0000000091100000, 0x0000000091200000|  0%| F|  |TAMS 0x0000000091100000, 0x0000000091100000| Untracked 
| 246|0x0000000091200000, 0x0000000091200000, 0x0000000091300000|  0%| F|  |TAMS 0x0000000091200000, 0x0000000091200000| Untracked 
| 247|0x0000000091300000, 0x0000000091300000, 0x0000000091400000|  0%| F|  |TAMS 0x0000000091300000, 0x0000000091300000| Untracked 
| 248|0x0000000091400000, 0x0000000091400000, 0x0000000091500000|  0%| F|  |TAMS 0x0000000091400000, 0x0000000091400000| Untracked 
| 249|0x0000000091500000, 0x0000000091500000, 0x0000000091600000|  0%| F|  |TAMS 0x0000000091500000, 0x0000000091500000| Untracked 
| 250|0x0000000091600000, 0x0000000091600000, 0x0000000091700000|  0%| F|  |TAMS 0x0000000091600000, 0x0000000091600000| Untracked 
| 251|0x0000000091700000, 0x0000000091700000, 0x0000000091800000|  0%| F|  |TAMS 0x0000000091700000, 0x0000000091700000| Untracked 
| 252|0x0000000091800000, 0x0000000091800000, 0x0000000091900000|  0%| F|  |TAMS 0x0000000091800000, 0x0000000091800000| Untracked 
| 253|0x0000000091900000, 0x0000000091900000, 0x0000000091a00000|  0%| F|  |TAMS 0x0000000091900000, 0x0000000091900000| Untracked 
| 254|0x0000000091a00000, 0x0000000091a00000, 0x0000000091b00000|  0%| F|  |TAMS 0x0000000091a00000, 0x0000000091a00000| Untracked 
| 255|0x0000000091b00000, 0x0000000091b00000, 0x0000000091c00000|  0%| F|  |TAMS 0x0000000091b00000, 0x0000000091b00000| Untracked 
| 256|0x0000000091c00000, 0x0000000091c00000, 0x0000000091d00000|  0%| F|  |TAMS 0x0000000091c00000, 0x0000000091c00000| Untracked 
| 257|0x0000000091d00000, 0x0000000091d00000, 0x0000000091e00000|  0%| F|  |TAMS 0x0000000091d00000, 0x0000000091d00000| Untracked 
| 258|0x0000000091e00000, 0x0000000091e00000, 0x0000000091f00000|  0%| F|  |TAMS 0x0000000091e00000, 0x0000000091e00000| Untracked 
| 259|0x0000000091f00000, 0x0000000091f00000, 0x0000000092000000|  0%| F|  |TAMS 0x0000000091f00000, 0x0000000091f00000| Untracked 
| 260|0x0000000092000000, 0x0000000092000000, 0x0000000092100000|  0%| F|  |TAMS 0x0000000092000000, 0x0000000092000000| Untracked 
| 261|0x0000000092100000, 0x0000000092100000, 0x0000000092200000|  0%| F|  |TAMS 0x0000000092100000, 0x0000000092100000| Untracked 
| 262|0x0000000092200000, 0x0000000092200000, 0x0000000092300000|  0%| F|  |TAMS 0x0000000092200000, 0x0000000092200000| Untracked 
| 263|0x0000000092300000, 0x0000000092300000, 0x0000000092400000|  0%| F|  |TAMS 0x0000000092300000, 0x0000000092300000| Untracked 
| 264|0x0000000092400000, 0x0000000092400000, 0x0000000092500000|  0%| F|  |TAMS 0x0000000092400000, 0x0000000092400000| Untracked 
| 265|0x0000000092500000, 0x0000000092500000, 0x0000000092600000|  0%| F|  |TAMS 0x0000000092500000, 0x0000000092500000| Untracked 
| 266|0x0000000092600000, 0x0000000092600000, 0x0000000092700000|  0%| F|  |TAMS 0x0000000092600000, 0x0000000092600000| Untracked 
| 267|0x0000000092700000, 0x0000000092700000, 0x0000000092800000|  0%| F|  |TAMS 0x0000000092700000, 0x0000000092700000| Untracked 
| 268|0x0000000092800000, 0x0000000092800000, 0x0000000092900000|  0%| F|  |TAMS 0x0000000092800000, 0x0000000092800000| Untracked 
| 269|0x0000000092900000, 0x0000000092900000, 0x0000000092a00000|  0%| F|  |TAMS 0x0000000092900000, 0x0000000092900000| Untracked 
| 270|0x0000000092a00000, 0x0000000092a00000, 0x0000000092b00000|  0%| F|  |TAMS 0x0000000092a00000, 0x0000000092a00000| Untracked 
| 271|0x0000000092b00000, 0x0000000092b00000, 0x0000000092c00000|  0%| F|  |TAMS 0x0000000092b00000, 0x0000000092b00000| Untracked 
| 272|0x0000000092c00000, 0x0000000092c00000, 0x0000000092d00000|  0%| F|  |TAMS 0x0000000092c00000, 0x0000000092c00000| Untracked 
| 273|0x0000000092d00000, 0x0000000092d00000, 0x0000000092e00000|  0%| F|  |TAMS 0x0000000092d00000, 0x0000000092d00000| Untracked 
| 274|0x0000000092e00000, 0x0000000092e00000, 0x0000000092f00000|  0%| F|  |TAMS 0x0000000092e00000, 0x0000000092e00000| Untracked 
| 275|0x0000000092f00000, 0x0000000092f00000, 0x0000000093000000|  0%| F|  |TAMS 0x0000000092f00000, 0x0000000092f00000| Untracked 
| 276|0x0000000093000000, 0x0000000093000000, 0x0000000093100000|  0%| F|  |TAMS 0x0000000093000000, 0x0000000093000000| Untracked 
| 277|0x0000000093100000, 0x0000000093100000, 0x0000000093200000|  0%| F|  |TAMS 0x0000000093100000, 0x0000000093100000| Untracked 
| 278|0x0000000093200000, 0x0000000093200000, 0x0000000093300000|  0%| F|  |TAMS 0x0000000093200000, 0x0000000093200000| Untracked 
| 279|0x0000000093300000, 0x0000000093300000, 0x0000000093400000|  0%| F|  |TAMS 0x0000000093300000, 0x0000000093300000| Untracked 
| 280|0x0000000093400000, 0x0000000093400000, 0x0000000093500000|  0%| F|  |TAMS 0x0000000093400000, 0x0000000093400000| Untracked 
| 281|0x0000000093500000, 0x0000000093500000, 0x0000000093600000|  0%| F|  |TAMS 0x0000000093500000, 0x0000000093500000| Untracked 
| 282|0x0000000093600000, 0x0000000093600000, 0x0000000093700000|  0%| F|  |TAMS 0x0000000093600000, 0x0000000093600000| Untracked 
| 283|0x0000000093700000, 0x0000000093700000, 0x0000000093800000|  0%| F|  |TAMS 0x0000000093700000, 0x0000000093700000| Untracked 
| 284|0x0000000093800000, 0x0000000093800000, 0x0000000093900000|  0%| F|  |TAMS 0x0000000093800000, 0x0000000093800000| Untracked 
| 285|0x0000000093900000, 0x0000000093900000, 0x0000000093a00000|  0%| F|  |TAMS 0x0000000093900000, 0x0000000093900000| Untracked 
| 286|0x0000000093a00000, 0x0000000093a00000, 0x0000000093b00000|  0%| F|  |TAMS 0x0000000093a00000, 0x0000000093a00000| Untracked 
| 287|0x0000000093b00000, 0x0000000093b00000, 0x0000000093c00000|  0%| F|  |TAMS 0x0000000093b00000, 0x0000000093b00000| Untracked 
| 288|0x0000000093c00000, 0x0000000093c00000, 0x0000000093d00000|  0%| F|  |TAMS 0x0000000093c00000, 0x0000000093c00000| Untracked 
| 289|0x0000000093d00000, 0x0000000093d00000, 0x0000000093e00000|  0%| F|  |TAMS 0x0000000093d00000, 0x0000000093d00000| Untracked 
| 290|0x0000000093e00000, 0x0000000093e00000, 0x0000000093f00000|  0%| F|  |TAMS 0x0000000093e00000, 0x0000000093e00000| Untracked 
| 291|0x0000000093f00000, 0x0000000093f00000, 0x0000000094000000|  0%| F|  |TAMS 0x0000000093f00000, 0x0000000093f00000| Untracked 
| 292|0x0000000094000000, 0x0000000094000000, 0x0000000094100000|  0%| F|  |TAMS 0x0000000094000000, 0x0000000094000000| Untracked 
| 293|0x0000000094100000, 0x0000000094100000, 0x0000000094200000|  0%| F|  |TAMS 0x0000000094100000, 0x0000000094100000| Untracked 
| 294|0x0000000094200000, 0x0000000094200000, 0x0000000094300000|  0%| F|  |TAMS 0x0000000094200000, 0x0000000094200000| Untracked 
| 295|0x0000000094300000, 0x0000000094300000, 0x0000000094400000|  0%| F|  |TAMS 0x0000000094300000, 0x0000000094300000| Untracked 
| 296|0x0000000094400000, 0x0000000094400000, 0x0000000094500000|  0%| F|  |TAMS 0x0000000094400000, 0x0000000094400000| Untracked 
| 297|0x0000000094500000, 0x0000000094500000, 0x0000000094600000|  0%| F|  |TAMS 0x0000000094500000, 0x0000000094500000| Untracked 
| 298|0x0000000094600000, 0x0000000094600000, 0x0000000094700000|  0%| F|  |TAMS 0x0000000094600000, 0x0000000094600000| Untracked 
| 299|0x0000000094700000, 0x0000000094700000, 0x0000000094800000|  0%| F|  |TAMS 0x0000000094700000, 0x0000000094700000| Untracked 
| 300|0x0000000094800000, 0x0000000094800000, 0x0000000094900000|  0%| F|  |TAMS 0x0000000094800000, 0x0000000094800000| Untracked 
| 301|0x0000000094900000, 0x0000000094900000, 0x0000000094a00000|  0%| F|  |TAMS 0x0000000094900000, 0x0000000094900000| Untracked 
| 302|0x0000000094a00000, 0x0000000094a00000, 0x0000000094b00000|  0%| F|  |TAMS 0x0000000094a00000, 0x0000000094a00000| Untracked 
| 303|0x0000000094b00000, 0x0000000094b00000, 0x0000000094c00000|  0%| F|  |TAMS 0x0000000094b00000, 0x0000000094b00000| Untracked 
| 304|0x0000000094c00000, 0x0000000094c00000, 0x0000000094d00000|  0%| F|  |TAMS 0x0000000094c00000, 0x0000000094c00000| Untracked 
| 305|0x0000000094d00000, 0x0000000094d00000, 0x0000000094e00000|  0%| F|  |TAMS 0x0000000094d00000, 0x0000000094d00000| Untracked 
| 306|0x0000000094e00000, 0x0000000094e00000, 0x0000000094f00000|  0%| F|  |TAMS 0x0000000094e00000, 0x0000000094e00000| Untracked 
| 307|0x0000000094f00000, 0x0000000094f00000, 0x0000000095000000|  0%| F|  |TAMS 0x0000000094f00000, 0x0000000094f00000| Untracked 
| 308|0x0000000095000000, 0x0000000095000000, 0x0000000095100000|  0%| F|  |TAMS 0x0000000095000000, 0x0000000095000000| Untracked 
| 309|0x0000000095100000, 0x0000000095100000, 0x0000000095200000|  0%| F|  |TAMS 0x0000000095100000, 0x0000000095100000| Untracked 
| 310|0x0000000095200000, 0x0000000095200000, 0x0000000095300000|  0%| F|  |TAMS 0x0000000095200000, 0x0000000095200000| Untracked 
| 311|0x0000000095300000, 0x0000000095300000, 0x0000000095400000|  0%| F|  |TAMS 0x0000000095300000, 0x0000000095300000| Untracked 
| 312|0x0000000095400000, 0x0000000095400000, 0x0000000095500000|  0%| F|  |TAMS 0x0000000095400000, 0x0000000095400000| Untracked 
| 313|0x0000000095500000, 0x0000000095500000, 0x0000000095600000|  0%| F|  |TAMS 0x0000000095500000, 0x0000000095500000| Untracked 
| 314|0x0000000095600000, 0x0000000095600000, 0x0000000095700000|  0%| F|  |TAMS 0x0000000095600000, 0x0000000095600000| Untracked 
| 315|0x0000000095700000, 0x0000000095700000, 0x0000000095800000|  0%| F|  |TAMS 0x0000000095700000, 0x0000000095700000| Untracked 
| 316|0x0000000095800000, 0x0000000095800000, 0x0000000095900000|  0%| F|  |TAMS 0x0000000095800000, 0x0000000095800000| Untracked 
| 317|0x0000000095900000, 0x0000000095900000, 0x0000000095a00000|  0%| F|  |TAMS 0x0000000095900000, 0x0000000095900000| Untracked 
| 318|0x0000000095a00000, 0x0000000095a00000, 0x0000000095b00000|  0%| F|  |TAMS 0x0000000095a00000, 0x0000000095a00000| Untracked 
| 319|0x0000000095b00000, 0x0000000095b00000, 0x0000000095c00000|  0%| F|  |TAMS 0x0000000095b00000, 0x0000000095b00000| Untracked 
| 320|0x0000000095c00000, 0x0000000095c00000, 0x0000000095d00000|  0%| F|  |TAMS 0x0000000095c00000, 0x0000000095c00000| Untracked 
| 321|0x0000000095d00000, 0x0000000095d00000, 0x0000000095e00000|  0%| F|  |TAMS 0x0000000095d00000, 0x0000000095d00000| Untracked 
| 322|0x0000000095e00000, 0x0000000095e00000, 0x0000000095f00000|  0%| F|  |TAMS 0x0000000095e00000, 0x0000000095e00000| Untracked 
| 323|0x0000000095f00000, 0x0000000095f00000, 0x0000000096000000|  0%| F|  |TAMS 0x0000000095f00000, 0x0000000095f00000| Untracked 
| 324|0x0000000096000000, 0x0000000096000000, 0x0000000096100000|  0%| F|  |TAMS 0x0000000096000000, 0x0000000096000000| Untracked 
| 325|0x0000000096100000, 0x0000000096100000, 0x0000000096200000|  0%| F|  |TAMS 0x0000000096100000, 0x0000000096100000| Untracked 
| 326|0x0000000096200000, 0x0000000096200000, 0x0000000096300000|  0%| F|  |TAMS 0x0000000096200000, 0x0000000096200000| Untracked 
| 327|0x0000000096300000, 0x0000000096300000, 0x0000000096400000|  0%| F|  |TAMS 0x0000000096300000, 0x0000000096300000| Untracked 
| 328|0x0000000096400000, 0x0000000096400000, 0x0000000096500000|  0%| F|  |TAMS 0x0000000096400000, 0x0000000096400000| Untracked 
| 329|0x0000000096500000, 0x0000000096500000, 0x0000000096600000|  0%| F|  |TAMS 0x0000000096500000, 0x0000000096500000| Untracked 
| 330|0x0000000096600000, 0x0000000096600000, 0x0000000096700000|  0%| F|  |TAMS 0x0000000096600000, 0x0000000096600000| Untracked 
| 331|0x0000000096700000, 0x0000000096700000, 0x0000000096800000|  0%| F|  |TAMS 0x0000000096700000, 0x0000000096700000| Untracked 
| 332|0x0000000096800000, 0x0000000096800000, 0x0000000096900000|  0%| F|  |TAMS 0x0000000096800000, 0x0000000096800000| Untracked 
| 333|0x0000000096900000, 0x0000000096900000, 0x0000000096a00000|  0%| F|  |TAMS 0x0000000096900000, 0x0000000096900000| Untracked 
| 334|0x0000000096a00000, 0x0000000096a00000, 0x0000000096b00000|  0%| F|  |TAMS 0x0000000096a00000, 0x0000000096a00000| Untracked 
| 335|0x0000000096b00000, 0x0000000096b00000, 0x0000000096c00000|  0%| F|  |TAMS 0x0000000096b00000, 0x0000000096b00000| Untracked 
| 336|0x0000000096c00000, 0x0000000096c00000, 0x0000000096d00000|  0%| F|  |TAMS 0x0000000096c00000, 0x0000000096c00000| Untracked 
| 337|0x0000000096d00000, 0x0000000096d00000, 0x0000000096e00000|  0%| F|  |TAMS 0x0000000096d00000, 0x0000000096d00000| Untracked 
| 338|0x0000000096e00000, 0x0000000096e00000, 0x0000000096f00000|  0%| F|  |TAMS 0x0000000096e00000, 0x0000000096e00000| Untracked 

Card table byte_map: [0x0000021a6a150000,0x0000021a6a550000] _byte_map_base: 0x0000021a69d42000

Marking Bits (Prev, Next): (CMBitMap*) 0x0000021a52891278, (CMBitMap*) 0x0000021a52891238
 Prev Bits: [0x0000021a6c8e0000, 0x0000021a6e870000)
 Next Bits: [0x0000021a6a950000, 0x0000021a6c8e0000)

Polling page: 0x0000021a52020000

Metaspace:

Usage:
  Non-class:     17.10 MB capacity,    15.87 MB ( 93%) used,     1.13 MB (  7%) free+waste,   105.81 KB ( <1%) overhead. 
      Class:      2.96 MB capacity,     2.47 MB ( 83%) used,   450.03 KB ( 15%) free+waste,    54.69 KB (  2%) overhead. 
       Both:     20.06 MB capacity,    18.34 MB ( 91%) used,     1.57 MB (  8%) free+waste,   160.50 KB ( <1%) overhead. 

Virtual space:
  Non-class space:       18.00 MB reserved,      17.25 MB ( 96%) committed 
      Class space:        1.00 GB reserved,       3.00 MB ( <1%) committed 
             Both:        1.02 GB reserved,      20.25 MB (  2%) committed 

Chunk freelists:
   Non-Class:  21.00 KB
       Class:  0 bytes
        Both:  21.00 KB

MaxMetaspaceSize: 17179869184.00 GB
CompressedClassSpaceSize: 1.00 GB

CodeHeap 'non-profiled nmethods': size=120064Kb used=4426Kb max_used=4681Kb free=115637Kb
 bounds [0x0000021a62810000, 0x0000021a62cc0000, 0x0000021a69d50000]
CodeHeap 'profiled nmethods': size=120000Kb used=8902Kb max_used=10390Kb free=111097Kb
 bounds [0x0000021a5b2e0000, 0x0000021a5bd40000, 0x0000021a62810000]
CodeHeap 'non-nmethods': size=5696Kb used=1457Kb max_used=1528Kb free=4239Kb
 bounds [0x0000021a5ad50000, 0x0000021a5afc0000, 0x0000021a5b2e0000]
 total_blobs=8958 nmethods=4516 adapters=685
 compilation: enabled
              stopped_count=0, restarted_count=0
 full_count=0

Compilation events (20 events):
Event: 27.749 Thread 0x0000021a71c4e000 5664       4       javafx.scene.control.Labeled$StyleableProperties$5::isSettable (9 bytes)
Event: 27.750 Thread 0x0000021a70e7e800 nmethod 5663 0x0000021a62b68390 code [0x0000021a62b68520, 0x0000021a62b68638]
Event: 27.750 Thread 0x0000021a71c4e000 nmethod 5664 0x0000021a62b67f90 code [0x0000021a62b68120, 0x0000021a62b68238]
Event: 27.811 Thread 0x0000021a71c4e000 5665       4       com.sun.javafx.binding.ExpressionHelper$Generic::addListener (172 bytes)
Event: 27.820 Thread 0x0000021a71c4e000 nmethod 5665 0x0000021a62a28c10 code [0x0000021a62a28dc0, 0x0000021a62a29688]
Event: 27.829 Thread 0x0000021a70e7e800 5666       4       com.sun.prism.impl.ps.PaintHelper::setMultiGradient (177 bytes)
Event: 27.838 Thread 0x0000021a70e7e800 nmethod 5666 0x0000021a62b15f90 code [0x0000021a62b161c0, 0x0000021a62b16998]
Event: 27.907 Thread 0x0000021a70e7e800 5667       4       javafx.scene.layout.Region::getInsets (8 bytes)
Event: 27.907 Thread 0x0000021a71c4e000 5668       4       javafx.scene.layout.Region$InsetsProperty::get (123 bytes)
Event: 27.912 Thread 0x0000021a70e7e800 nmethod 5667 0x0000021a62861c90 code [0x0000021a62861e80, 0x0000021a62862428]
Event: 27.913 Thread 0x0000021a71c4e000 nmethod 5668 0x0000021a6286b110 code [0x0000021a6286b300, 0x0000021a6286b888]
Event: 27.920 Thread 0x0000021a71c4e000 5669   !   4       javafx.scene.CssStyleHelper::transitionToState (1019 bytes)
Event: 28.058 Thread 0x0000021a70e7e800 5670   !   4       javafx.scene.Parent$3::onProposedChange (761 bytes)
Event: 28.217 Thread 0x0000021a70e7e800 nmethod 5670 0x0000021a62ace510 code [0x0000021a62acea60, 0x0000021a62ad4620]
Event: 28.218 Thread 0x0000021a70e7e800 5671       4       javafx.scene.Node::setTreeVisible (108 bytes)
Event: 28.241 Thread 0x0000021a70e7e800 nmethod 5671 0x0000021a629f1910 code [0x0000021a629f1b60, 0x0000021a629f2dc8]
Event: 28.241 Thread 0x0000021a70e7e800 5672       4       com.sun.javafx.scene.ParentHelper::computeGeomBoundsImpl (12 bytes)
Event: 28.243 Thread 0x0000021a70e7e800 nmethod 5672 0x0000021a6296ac10 code [0x0000021a6296ada0, 0x0000021a6296aee8]
Event: 28.284 Thread 0x0000021a71c4e000 nmethod 5669 0x0000021a62ca2690 code [0x0000021a62ca2e60, 0x0000021a62cabfd0]
Event: 28.288 Thread 0x0000021a70e7e800 5674   !   4       com.sun.javafx.css.StyleManager::forget (224 bytes)

GC Heap History (20 events):
Event: 25.391 GC heap after
{Heap after GC invocations=237 (full 0):
 garbage-first heap   total 208896K, used 44514K [0x0000000081c00000, 0x0000000100000000)
  region size 1024K, 3 young (3072K), 3 survivors (3072K)
 Metaspace       used 17792K, capacity 19456K, committed 19712K, reserved 1067008K
  class space    used 2353K, capacity 2789K, committed 2816K, reserved 1048576K
}
Event: 25.499 GC heap before
{Heap before GC invocations=238 (full 0):
 garbage-first heap   total 208896K, used 57826K [0x0000000081c00000, 0x0000000100000000)
  region size 1024K, 5 young (5120K), 3 survivors (3072K)
 Metaspace       used 17793K, capacity 19456K, committed 19712K, reserved 1067008K
  class space    used 2353K, capacity 2789K, committed 2816K, reserved 1048576K
}
Event: 25.504 GC heap after
{Heap after GC invocations=239 (full 0):
 garbage-first heap   total 208896K, used 44448K [0x0000000081c00000, 0x0000000100000000)
  region size 1024K, 3 young (3072K), 3 survivors (3072K)
 Metaspace       used 17793K, capacity 19456K, committed 19712K, reserved 1067008K
  class space    used 2353K, capacity 2789K, committed 2816K, reserved 1048576K
}
Event: 25.624 GC heap before
{Heap before GC invocations=240 (full 0):
 garbage-first heap   total 208896K, used 56736K [0x0000000081c00000, 0x0000000100000000)
  region size 1024K, 5 young (5120K), 3 survivors (3072K)
 Metaspace       used 17793K, capacity 19456K, committed 19712K, reserved 1067008K
  class space    used 2353K, capacity 2789K, committed 2816K, reserved 1048576K
}
Event: 25.632 GC heap after
{Heap after GC invocations=241 (full 0):
 garbage-first heap   total 250880K, used 44683K [0x0000000081c00000, 0x0000000100000000)
  region size 1024K, 4 young (4096K), 4 survivors (4096K)
 Metaspace       used 17793K, capacity 19456K, committed 19712K, reserved 1067008K
  class space    used 2353K, capacity 2789K, committed 2816K, reserved 1048576K
}
Event: 25.749 GC heap before
{Heap before GC invocations=242 (full 0):
 garbage-first heap   total 219136K, used 57995K [0x0000000081c00000, 0x0000000100000000)
  region size 1024K, 6 young (6144K), 4 survivors (4096K)
 Metaspace       used 17793K, capacity 19456K, committed 19712K, reserved 1067008K
  class space    used 2353K, capacity 2789K, committed 2816K, reserved 1048576K
}
Event: 25.755 GC heap after
{Heap after GC invocations=243 (full 0):
 garbage-first heap   total 219136K, used 44840K [0x0000000081c00000, 0x0000000100000000)
  region size 1024K, 4 young (4096K), 4 survivors (4096K)
 Metaspace       used 17793K, capacity 19456K, committed 19712K, reserved 1067008K
  class space    used 2353K, capacity 2789K, committed 2816K, reserved 1048576K
}
Event: 25.865 GC heap before
{Heap before GC invocations=244 (full 0):
 garbage-first heap   total 219136K, used 59176K [0x0000000081c00000, 0x0000000100000000)
  region size 1024K, 6 young (6144K), 4 survivors (4096K)
 Metaspace       used 17793K, capacity 19456K, committed 19712K, reserved 1067008K
  class space    used 2353K, capacity 2789K, committed 2816K, reserved 1048576K
}
Event: 25.870 GC heap after
{Heap after GC invocations=245 (full 0):
 garbage-first heap   total 219136K, used 45058K [0x0000000081c00000, 0x0000000100000000)
  region size 1024K, 4 young (4096K), 4 survivors (4096K)
 Metaspace       used 17793K, capacity 19456K, committed 19712K, reserved 1067008K
  class space    used 2353K, capacity 2789K, committed 2816K, reserved 1048576K
}
Event: 25.994 GC heap before
{Heap before GC invocations=246 (full 0):
 garbage-first heap   total 219136K, used 58370K [0x0000000081c00000, 0x0000000100000000)
  region size 1024K, 6 young (6144K), 4 survivors (4096K)
 Metaspace       used 17793K, capacity 19456K, committed 19712K, reserved 1067008K
  class space    used 2353K, capacity 2789K, committed 2816K, reserved 1048576K
}
Event: 26.001 GC heap after
{Heap after GC invocations=247 (full 0):
 garbage-first heap   total 219136K, used 45352K [0x0000000081c00000, 0x0000000100000000)
  region size 1024K, 4 young (4096K), 4 survivors (4096K)
 Metaspace       used 17793K, capacity 19456K, committed 19712K, reserved 1067008K
  class space    used 2353K, capacity 2789K, committed 2816K, reserved 1048576K
}
Event: 26.124 GC heap before
{Heap before GC invocations=248 (full 0):
 garbage-first heap   total 219136K, used 60712K [0x0000000081c00000, 0x0000000100000000)
  region size 1024K, 6 young (6144K), 4 survivors (4096K)
 Metaspace       used 17793K, capacity 19456K, committed 19712K, reserved 1067008K
  class space    used 2353K, capacity 2789K, committed 2816K, reserved 1048576K
}
Event: 26.133 GC heap after
{Heap after GC invocations=249 (full 0):
 garbage-first heap   total 347136K, used 45367K [0x0000000081c00000, 0x0000000100000000)
  region size 1024K, 4 young (4096K), 4 survivors (4096K)
 Metaspace       used 17793K, capacity 19456K, committed 19712K, reserved 1067008K
  class space    used 2353K, capacity 2789K, committed 2816K, reserved 1048576K
}
Event: 26.339 GC heap before
{Heap before GC invocations=250 (full 0):
 garbage-first heap   total 215040K, used 57655K [0x0000000081c00000, 0x0000000100000000)
  region size 1024K, 12 young (12288K), 4 survivors (4096K)
 Metaspace       used 18730K, capacity 20541K, committed 20736K, reserved 1067008K
  class space    used 2522K, capacity 3029K, committed 3072K, reserved 1048576K
}
Event: 26.349 GC heap after
{Heap after GC invocations=251 (full 0):
 garbage-first heap   total 215040K, used 46211K [0x0000000081c00000, 0x0000000100000000)
  region size 1024K, 3 young (3072K), 3 survivors (3072K)
 Metaspace       used 18730K, capacity 20541K, committed 20736K, reserved 1067008K
  class space    used 2522K, capacity 3029K, committed 3072K, reserved 1048576K
}
Event: 26.584 GC heap before
{Heap before GC invocations=252 (full 0):
 garbage-first heap   total 211968K, used 57475K [0x0000000081c00000, 0x0000000100000000)
  region size 1024K, 6 young (6144K), 3 survivors (3072K)
 Metaspace       used 18762K, capacity 20544K, committed 20736K, reserved 1067008K
  class space    used 2524K, capacity 3029K, committed 3072K, reserved 1048576K
}
Event: 26.598 GC heap after
{Heap after GC invocations=253 (full 0):
 garbage-first heap   total 211968K, used 47052K [0x0000000081c00000, 0x0000000100000000)
  region size 1024K, 4 young (4096K), 4 survivors (4096K)
 Metaspace       used 18762K, capacity 20544K, committed 20736K, reserved 1067008K
  class space    used 2524K, capacity 3029K, committed 3072K, reserved 1048576K
}
Event: 26.779 GC heap before
{Heap before GC invocations=254 (full 0):
 garbage-first heap   total 211968K, used 58316K [0x0000000081c00000, 0x0000000100000000)
  region size 1024K, 6 young (6144K), 4 survivors (4096K)
 Metaspace       used 18765K, capacity 20544K, committed 20736K, reserved 1067008K
  class space    used 2524K, capacity 3029K, committed 3072K, reserved 1048576K
}
Event: 26.788 GC heap after
{Heap after GC invocations=255 (full 0):
 garbage-first heap   total 211968K, used 47242K [0x0000000081c00000, 0x0000000100000000)
  region size 1024K, 4 young (4096K), 4 survivors (4096K)
 Metaspace       used 18765K, capacity 20544K, committed 20736K, reserved 1067008K
  class space    used 2524K, capacity 3029K, committed 3072K, reserved 1048576K
}
Event: 28.296 GC heap before
{Heap before GC invocations=256 (full 0):
 garbage-first heap   total 218112K, used 206986K [0x0000000081c00000, 0x0000000100000000)
  region size 1024K, 20 young (20480K), 4 survivors (4096K)
 Metaspace       used 18776K, capacity 20544K, committed 20736K, reserved 1067008K
  class space    used 2524K, capacity 3029K, committed 3072K, reserved 1048576K
}

Deoptimization events (20 events):
Event: 26.735 Thread 0x0000021a71c50800 DEOPT PACKING pc=0x0000021a6293c9f0 sp=0x000000f9d21fe1a0
Event: 26.735 Thread 0x0000021a71c50800 DEOPT UNPACKING pc=0x0000021a5ad9912f sp=0x000000f9d21fe0d0 mode 2
Event: 26.736 Thread 0x0000021a71c4a800 Uncommon trap: trap_request=0xffffff45 fr.pc=0x0000021a62a98c60 relative=0x00000000000000c0
Event: 26.736 Thread 0x0000021a71c4a800 Uncommon trap: reason=unstable_if action=reinterpret pc=0x0000021a62a98c60 method=com.sun.marlin.DRenderer.closePath()V @ 9 c2
Event: 26.736 Thread 0x0000021a71c4a800 DEOPT PACKING pc=0x0000021a62a98c60 sp=0x000000f9d1ffd0e0
Event: 26.736 Thread 0x0000021a71c4a800 DEOPT UNPACKING pc=0x0000021a5ad9912f sp=0x000000f9d1ffd078 mode 2
Event: 26.904 Thread 0x0000021a71c50800 Uncommon trap: trap_request=0xffffffde fr.pc=0x0000021a62b203b8 relative=0x0000000000000f58
Event: 26.904 Thread 0x0000021a71c50800 Uncommon trap: reason=class_check action=maybe_recompile pc=0x0000021a62b203b8 method=javafx.scene.Scene$MouseHandler.handleNodeRemoval(Ljavafx/scene/Node;)V @ 229 c2
Event: 26.904 Thread 0x0000021a71c50800 DEOPT PACKING pc=0x0000021a62b203b8 sp=0x000000f9d21fd040
Event: 26.904 Thread 0x0000021a71c50800 DEOPT UNPACKING pc=0x0000021a5ad9912f sp=0x000000f9d21fcff8 mode 2
Event: 26.908 Thread 0x0000021a71c50800 Uncommon trap: trap_request=0xffffffde fr.pc=0x0000021a62b203b8 relative=0x0000000000000f58
Event: 26.908 Thread 0x0000021a71c50800 Uncommon trap: reason=class_check action=maybe_recompile pc=0x0000021a62b203b8 method=javafx.scene.Scene$MouseHandler.handleNodeRemoval(Ljavafx/scene/Node;)V @ 229 c2
Event: 26.908 Thread 0x0000021a71c50800 DEOPT PACKING pc=0x0000021a62b203b8 sp=0x000000f9d21fd030
Event: 26.908 Thread 0x0000021a71c50800 DEOPT UNPACKING pc=0x0000021a5ad9912f sp=0x000000f9d21fcfe8 mode 2
Event: 26.939 Thread 0x0000021a71c50800 DEOPT PACKING pc=0x0000021a5b683945 sp=0x000000f9d21fddc0
Event: 26.939 Thread 0x0000021a71c50800 DEOPT UNPACKING pc=0x0000021a5ad9964e sp=0x000000f9d21fd358 mode 0
Event: 27.345 Thread 0x0000021a71c50800 DEOPT PACKING pc=0x0000021a5b683945 sp=0x000000f9d21fdd60
Event: 27.345 Thread 0x0000021a71c50800 DEOPT UNPACKING pc=0x0000021a5ad9964e sp=0x000000f9d21fd2f8 mode 0
Event: 27.920 Thread 0x0000021a71c50800 DEOPT PACKING pc=0x0000021a5b683945 sp=0x000000f9d21fddc0
Event: 27.920 Thread 0x0000021a71c50800 DEOPT UNPACKING pc=0x0000021a5ad9964e sp=0x000000f9d21fd358 mode 0

Classes unloaded (0 events):
No events

Classes redefined (0 events):
No events

Internal exceptions (20 events):
Event: 4.541 Thread 0x0000021a71c50800 Exception <a 'java/io/FileNotFoundException'{0x0000000086e7d8d0}> (0x0000000086e7d8d0) 
thrown [t:/workspace/open/src/hotspot/share/prims/jni.cpp, line 598]
Event: 5.003 Thread 0x0000021a71c4a800 Exception <a 'java/lang/NoSuchMethodError'{0x0000000089b17bd0}: 'java.lang.Object java.lang.invoke.DirectMethodHandle$Holder.invokeStaticInit(java.lang.Object, int)'> (0x0000000089b17bd0) 
thrown [t:/workspace/open/src/hotspot/share/interpreter/linkResolver.cpp, line 767]
Event: 16.966 Thread 0x0000021a71c50800 Implicit null exception at 0x0000021a62b5af8f to 0x0000021a62b5b18f
Event: 16.968 Thread 0x0000021a71c50800 Implicit null exception at 0x0000021a62a6e4ea to 0x0000021a62a722d6
Event: 16.969 Thread 0x0000021a71c50800 Implicit null exception at 0x0000021a62a29368 to 0x0000021a62a2f542
Event: 16.979 Thread 0x0000021a71c50800 Implicit null exception at 0x0000021a62ac5c62 to 0x0000021a62acdc12
Event: 16.979 Thread 0x0000021a71c50800 Implicit null exception at 0x0000021a62aec824 to 0x0000021a62aef506
Event: 16.980 Thread 0x0000021a71c50800 Implicit null exception at 0x0000021a629437d9 to 0x0000021a629443f2
Event: 17.038 Thread 0x0000021a71c50800 Implicit null exception at 0x0000021a62a23008 to 0x0000021a62a23056
Event: 17.260 Thread 0x0000021a71c50800 Implicit null exception at 0x0000021a62a22339 to 0x0000021a62a22632
Event: 26.284 Thread 0x0000021a71c50800 Implicit null exception at 0x0000021a62ab08a2 to 0x0000021a62ab199a
Event: 26.287 Thread 0x0000021a71c50800 Implicit null exception at 0x0000021a62c3b939 to 0x0000021a62c3d082
Event: 26.298 Thread 0x0000021a71c50800 Implicit null exception at 0x0000021a62c8cee1 to 0x0000021a62c8d3c6
Event: 26.303 Thread 0x0000021a71c50800 Implicit null exception at 0x0000021a62b4e212 to 0x0000021a62b507fe
Event: 26.303 Thread 0x0000021a71c50800 Implicit null exception at 0x0000021a62b49676 to 0x0000021a62b4bc8e
Event: 26.304 Thread 0x0000021a71c50800 Implicit null exception at 0x0000021a62a7fa55 to 0x0000021a62a86cbe
Event: 26.331 Thread 0x0000021a71c50800 Implicit null exception at 0x0000021a62b6b4d2 to 0x0000021a62b6d986
Event: 26.518 Thread 0x0000021a71c50800 Implicit null exception at 0x0000021a62c710d3 to 0x0000021a62c738ee
Event: 26.520 Thread 0x0000021a71c50800 Implicit null exception at 0x0000021a62bab7f6 to 0x0000021a62bac4d2
Event: 26.735 Thread 0x0000021a71c50800 Implicit null exception at 0x0000021a6293c998 to 0x0000021a6293c9e3

Events (20 events):
Event: 26.495 Executing VM operation: G1Concurrent done
Event: 26.527 Executing VM operation: Deoptimize
Event: 26.528 Executing VM operation: Deoptimize done
Event: 26.529 Executing VM operation: RevokeBias
Event: 26.530 Executing VM operation: RevokeBias done
Event: 26.583 Executing VM operation: G1CollectForAllocation
Event: 26.599 Executing VM operation: G1CollectForAllocation done
Event: 26.686 Executing VM operation: G1Concurrent
Event: 26.688 Executing VM operation: G1Concurrent done
Event: 26.728 Executing VM operation: G1Concurrent
Event: 26.735 Executing VM operation: G1Concurrent done
Event: 26.778 Executing VM operation: G1CollectForAllocation
Event: 26.791 Executing VM operation: G1CollectForAllocation done
Event: 26.880 Executing VM operation: G1Concurrent
Event: 26.882 Executing VM operation: G1Concurrent done
Event: 26.932 Executing VM operation: G1Concurrent
Event: 26.933 Executing VM operation: G1Concurrent done
Event: 27.476 Thread 0x0000021a71b69000 Thread exited: 0x0000021a71b69000
Event: 27.747 Thread 0x0000021a71c4e000 Thread added: 0x0000021a71c4e000
Event: 28.296 Executing VM operation: G1CollectForAllocation


Dynamic libraries:
0x00007ff6702f0000 - 0x00007ff6702ff000 	C:\Program Files\Java\jdk-13.0.1\bin\java.exe
0x00007ffc4d960000 - 0x00007ffc4db50000 	C:\WINDOWS\SYSTEM32\ntdll.dll
0x00007ffc4c7d0000 - 0x00007ffc4c882000 	C:\WINDOWS\System32\KERNEL32.DLL
0x00007ffc4aca0000 - 0x00007ffc4af43000 	C:\WINDOWS\System32\KERNELBASE.dll
0x00007ffc4aac0000 - 0x00007ffc4abba000 	C:\WINDOWS\System32\ucrtbase.dll
0x00007ffc3f190000 - 0x00007ffc3f1a5000 	C:\Program Files\Java\jdk-13.0.1\bin\VCRUNTIME140.dll
0x00007ffc450c0000 - 0x00007ffc450d8000 	C:\Program Files\Java\jdk-13.0.1\bin\jli.dll
0x00007ffc4d7a0000 - 0x00007ffc4d843000 	C:\WINDOWS\System32\ADVAPI32.dll
0x00007ffc4cec0000 - 0x00007ffc4cf5e000 	C:\WINDOWS\System32\msvcrt.dll
0x00007ffc4c8c0000 - 0x00007ffc4c957000 	C:\WINDOWS\System32\sechost.dll
0x00007ffc4c600000 - 0x00007ffc4c720000 	C:\WINDOWS\System32\RPCRT4.dll
0x00007ffc4d600000 - 0x00007ffc4d794000 	C:\WINDOWS\System32\USER32.dll
0x00007ffc4ac70000 - 0x00007ffc4ac91000 	C:\WINDOWS\System32\win32u.dll
0x00007ffc4c890000 - 0x00007ffc4c8b6000 	C:\WINDOWS\System32\GDI32.dll
0x00007ffc4b6d0000 - 0x00007ffc4b864000 	C:\WINDOWS\System32\gdi32full.dll
0x00007ffc3db20000 - 0x00007ffc3dda5000 	C:\WINDOWS\WinSxS\amd64_microsoft.windows.common-controls_6595b64144ccf1df_6.0.18362.778_none_e6c6b761130d4fb8\COMCTL32.dll
0x00007ffc4a9c0000 - 0x00007ffc4aa5e000 	C:\WINDOWS\System32\msvcp_win.dll
0x00007ffc4d070000 - 0x00007ffc4d3a6000 	C:\WINDOWS\System32\combase.dll
0x00007ffc4a8f0000 - 0x00007ffc4a970000 	C:\WINDOWS\System32\bcryptPrimitives.dll
0x00007ffc44d90000 - 0x00007ffc44d9a000 	C:\WINDOWS\SYSTEM32\VERSION.dll
0x00007ffc4bee0000 - 0x00007ffc4bf0e000 	C:\WINDOWS\System32\IMM32.DLL
0x00007ffc28b80000 - 0x00007ffc28c1b000 	C:\Program Files\Java\jdk-13.0.1\bin\msvcp140.dll
0x00007ffbfe3d0000 - 0x00007ffbfef36000 	C:\Program Files\Java\jdk-13.0.1\bin\server\jvm.dll
0x00007ffc4d4f0000 - 0x00007ffc4d4f8000 	C:\WINDOWS\System32\PSAPI.DLL
0x00007ffc3cc40000 - 0x00007ffc3cc49000 	C:\WINDOWS\SYSTEM32\WSOCK32.dll
0x00007ffc41e80000 - 0x00007ffc41ea4000 	C:\WINDOWS\SYSTEM32\WINMM.dll
0x00007ffc4d3b0000 - 0x00007ffc4d41f000 	C:\WINDOWS\System32\WS2_32.dll
0x00007ffc41c40000 - 0x00007ffc41c6d000 	C:\WINDOWS\SYSTEM32\winmmbase.dll
0x00007ffc4b870000 - 0x00007ffc4b8ba000 	C:\WINDOWS\System32\cfgmgr32.dll
0x00007ffc4a850000 - 0x00007ffc4a861000 	C:\WINDOWS\System32\kernel.appcore.dll
0x00007ffc41c90000 - 0x00007ffc41ca0000 	C:\Program Files\Java\jdk-13.0.1\bin\verify.dll
0x00007ffc44370000 - 0x00007ffc44564000 	C:\WINDOWS\SYSTEM32\DBGHELP.DLL
0x00007ffc442a0000 - 0x00007ffc442ca000 	C:\WINDOWS\SYSTEM32\dbgcore.DLL
0x00007ffc3f0f0000 - 0x00007ffc3f116000 	C:\Program Files\Java\jdk-13.0.1\bin\java.dll
0x00007ffc3f060000 - 0x00007ffc3f077000 	C:\Program Files\Java\jdk-13.0.1\bin\zip.dll
0x00007ffc41080000 - 0x00007ffc4108a000 	C:\Program Files\Java\jdk-13.0.1\bin\jimage.dll
0x00007ffc4bf10000 - 0x00007ffc4c5f5000 	C:\WINDOWS\System32\SHELL32.dll
0x00007ffc4c720000 - 0x00007ffc4c7c9000 	C:\WINDOWS\System32\shcore.dll
0x00007ffc4af50000 - 0x00007ffc4b6d0000 	C:\WINDOWS\System32\windows.storage.dll
0x00007ffc4a870000 - 0x00007ffc4a893000 	C:\WINDOWS\System32\profapi.dll
0x00007ffc4a8a0000 - 0x00007ffc4a8ea000 	C:\WINDOWS\System32\powrprof.dll
0x00007ffc4a820000 - 0x00007ffc4a830000 	C:\WINDOWS\System32\UMPDC.dll
0x00007ffc4cc50000 - 0x00007ffc4cca2000 	C:\WINDOWS\System32\shlwapi.dll
0x00007ffc4a970000 - 0x00007ffc4a987000 	C:\WINDOWS\System32\cryptsp.dll
0x00007ffc3d4d0000 - 0x00007ffc3d4e9000 	C:\Program Files\Java\jdk-13.0.1\bin\net.dll
0x00007ffc46150000 - 0x00007ffc46240000 	C:\WINDOWS\SYSTEM32\WINHTTP.dll
0x00007ffc4a090000 - 0x00007ffc4a0f7000 	C:\WINDOWS\system32\mswsock.dll
0x00007ffc3c9c0000 - 0x00007ffc3c9d3000 	C:\Program Files\Java\jdk-13.0.1\bin\nio.dll
0x0000021a723e0000 - 0x0000021a723e3000 	C:\Program Files\Java\javafx-sdk-11.0.2\bin\api-ms-win-core-console-l1-1-0.dll
0x0000021a723f0000 - 0x0000021a723f3000 	C:\Program Files\Java\javafx-sdk-11.0.2\bin\api-ms-win-core-datetime-l1-1-0.dll
0x0000021a72400000 - 0x0000021a72403000 	C:\Program Files\Java\javafx-sdk-11.0.2\bin\api-ms-win-core-debug-l1-1-0.dll
0x0000021a72410000 - 0x0000021a72413000 	C:\Program Files\Java\javafx-sdk-11.0.2\bin\api-ms-win-core-errorhandling-l1-1-0.dll
0x0000021a72420000 - 0x0000021a72424000 	C:\Program Files\Java\javafx-sdk-11.0.2\bin\api-ms-win-core-file-l1-1-0.dll
0x0000021a72430000 - 0x0000021a72433000 	C:\Program Files\Java\javafx-sdk-11.0.2\bin\api-ms-win-core-file-l1-2-0.dll
0x0000021a72440000 - 0x0000021a72443000 	C:\Program Files\Java\javafx-sdk-11.0.2\bin\api-ms-win-core-file-l2-1-0.dll
0x0000021a72450000 - 0x0000021a72453000 	C:\Program Files\Java\javafx-sdk-11.0.2\bin\api-ms-win-core-handle-l1-1-0.dll
0x0000021a72460000 - 0x0000021a72463000 	C:\Program Files\Java\javafx-sdk-11.0.2\bin\api-ms-win-core-heap-l1-1-0.dll
0x0000021a72470000 - 0x0000021a72473000 	C:\Program Files\Java\javafx-sdk-11.0.2\bin\api-ms-win-core-interlocked-l1-1-0.dll
0x0000021a72480000 - 0x0000021a72483000 	C:\Program Files\Java\javafx-sdk-11.0.2\bin\api-ms-win-core-libraryloader-l1-1-0.dll
0x0000021a72490000 - 0x0000021a72493000 	C:\Program Files\Java\javafx-sdk-11.0.2\bin\api-ms-win-core-localization-l1-2-0.dll
0x0000021a724a0000 - 0x0000021a724a3000 	C:\Program Files\Java\javafx-sdk-11.0.2\bin\api-ms-win-core-memory-l1-1-0.dll
0x0000021a724b0000 - 0x0000021a724b3000 	C:\Program Files\Java\javafx-sdk-11.0.2\bin\api-ms-win-core-namedpipe-l1-1-0.dll
0x0000021a724c0000 - 0x0000021a724c3000 	C:\Program Files\Java\javafx-sdk-11.0.2\bin\api-ms-win-core-processenvironment-l1-1-0.dll
0x0000021a724d0000 - 0x0000021a724d3000 	C:\Program Files\Java\javafx-sdk-11.0.2\bin\api-ms-win-core-processthreads-l1-1-0.dll
0x0000021a724e0000 - 0x0000021a724e3000 	C:\Program Files\Java\javafx-sdk-11.0.2\bin\api-ms-win-core-processthreads-l1-1-1.dll
0x0000021a724f0000 - 0x0000021a724f3000 	C:\Program Files\Java\javafx-sdk-11.0.2\bin\api-ms-win-core-profile-l1-1-0.dll
0x0000021a72500000 - 0x0000021a72503000 	C:\Program Files\Java\javafx-sdk-11.0.2\bin\api-ms-win-core-rtlsupport-l1-1-0.dll
0x0000021a72510000 - 0x0000021a72513000 	C:\Program Files\Java\javafx-sdk-11.0.2\bin\api-ms-win-core-string-l1-1-0.dll
0x0000021a72520000 - 0x0000021a72523000 	C:\Program Files\Java\javafx-sdk-11.0.2\bin\api-ms-win-core-synch-l1-1-0.dll
0x0000021a72530000 - 0x0000021a72533000 	C:\Program Files\Java\javafx-sdk-11.0.2\bin\api-ms-win-core-synch-l1-2-0.dll
0x0000021a72540000 - 0x0000021a72543000 	C:\Program Files\Java\javafx-sdk-11.0.2\bin\api-ms-win-core-sysinfo-l1-1-0.dll
0x0000021a72550000 - 0x0000021a72553000 	C:\Program Files\Java\javafx-sdk-11.0.2\bin\api-ms-win-core-timezone-l1-1-0.dll
0x0000021a72560000 - 0x0000021a72563000 	C:\Program Files\Java\javafx-sdk-11.0.2\bin\api-ms-win-core-util-l1-1-0.dll
0x0000021a72570000 - 0x0000021a72573000 	C:\Program Files\Java\javafx-sdk-11.0.2\bin\api-ms-win-crt-conio-l1-1-0.dll
0x0000021a72580000 - 0x0000021a72584000 	C:\Program Files\Java\javafx-sdk-11.0.2\bin\api-ms-win-crt-convert-l1-1-0.dll
0x0000021a72590000 - 0x0000021a72593000 	C:\Program Files\Java\javafx-sdk-11.0.2\bin\api-ms-win-crt-environment-l1-1-0.dll
0x0000021a725a0000 - 0x0000021a725a3000 	C:\Program Files\Java\javafx-sdk-11.0.2\bin\api-ms-win-crt-filesystem-l1-1-0.dll
0x0000021a725b0000 - 0x0000021a725b3000 	C:\Program Files\Java\javafx-sdk-11.0.2\bin\api-ms-win-crt-heap-l1-1-0.dll
0x0000021a725c0000 - 0x0000021a725c3000 	C:\Program Files\Java\javafx-sdk-11.0.2\bin\api-ms-win-crt-locale-l1-1-0.dll
0x0000021a725d0000 - 0x0000021a725d5000 	C:\Program Files\Java\javafx-sdk-11.0.2\bin\api-ms-win-crt-math-l1-1-0.dll
0x0000021a725e0000 - 0x0000021a725e5000 	C:\Program Files\Java\javafx-sdk-11.0.2\bin\api-ms-win-crt-multibyte-l1-1-0.dll
0x0000021a725f0000 - 0x0000021a72600000 	C:\Program Files\Java\javafx-sdk-11.0.2\bin\api-ms-win-crt-private-l1-1-0.dll
0x0000021a72600000 - 0x0000021a72603000 	C:\Program Files\Java\javafx-sdk-11.0.2\bin\api-ms-win-crt-process-l1-1-0.dll
0x0000021a72610000 - 0x0000021a72614000 	C:\Program Files\Java\javafx-sdk-11.0.2\bin\api-ms-win-crt-runtime-l1-1-0.dll
0x0000021a72620000 - 0x0000021a72624000 	C:\Program Files\Java\javafx-sdk-11.0.2\bin\api-ms-win-crt-stdio-l1-1-0.dll
0x0000021a72630000 - 0x0000021a72634000 	C:\Program Files\Java\javafx-sdk-11.0.2\bin\api-ms-win-crt-string-l1-1-0.dll
0x0000021a72640000 - 0x0000021a72643000 	C:\Program Files\Java\javafx-sdk-11.0.2\bin\api-ms-win-crt-time-l1-1-0.dll
0x0000021a72650000 - 0x0000021a72653000 	C:\Program Files\Java\javafx-sdk-11.0.2\bin\api-ms-win-crt-utility-l1-1-0.dll
0x00007ffc0c6a0000 - 0x00007ffc0c79a000 	C:\Program Files\Java\javafx-sdk-11.0.2\bin\ucrtbase.dll
0x00007ffc38cd0000 - 0x00007ffc38ce6000 	C:\Program Files\Java\javafx-sdk-11.0.2\bin\vcruntime140.dll
0x00007ffc17c20000 - 0x00007ffc17cc6000 	C:\Program Files\Java\javafx-sdk-11.0.2\bin\msvcp140.dll
0x00007ffc233a0000 - 0x00007ffc233f1000 	C:\Program Files\Java\javafx-sdk-11.0.2\bin\concrt140.dll
0x00007ffc30270000 - 0x00007ffc30293000 	C:\Program Files\Java\javafx-sdk-11.0.2\bin\prism_d3d.dll
0x00007ffc18a10000 - 0x00007ffc18bd7000 	C:\WINDOWS\system32\d3d9.dll
0x00007ffc490d0000 - 0x00007ffc490fd000 	C:\WINDOWS\SYSTEM32\dwmapi.dll
0x00007ffc49490000 - 0x00007ffc494b0000 	C:\WINDOWS\SYSTEM32\dxcore.dll
0x00007ffc48ba0000 - 0x00007ffc48c39000 	C:\WINDOWS\system32\uxtheme.dll
0x00007ffbf9240000 - 0x00007ffbfca99000 	C:\WINDOWS\System32\DriverStore\FileRepository\igdlh64.inf_amd64_420c659363620fe7\igdumdim64.dll
0x00007ffc4d420000 - 0x00007ffc4d4e4000 	C:\WINDOWS\System32\OLEAUT32.dll
0x00007ffc4cd60000 - 0x00007ffc4ceb7000 	C:\WINDOWS\System32\ole32.dll
0x00007ffc4ba10000 - 0x00007ffc4be80000 	C:\WINDOWS\System32\SETUPAPI.dll
0x00007ffc4a990000 - 0x00007ffc4a9b6000 	C:\WINDOWS\System32\bcrypt.dll
0x00007ffc1a050000 - 0x00007ffc1a095000 	C:\Program Files\Java\javafx-sdk-11.0.2\bin\glass.dll
0x00007ffc4d850000 - 0x00007ffc4d920000 	C:\WINDOWS\System32\COMDLG32.dll
0x00007ffc4c960000 - 0x00007ffc4ca96000 	C:\WINDOWS\System32\MSCTF.dll
0x00007ffc30310000 - 0x00007ffc31912000 	C:\WINDOWS\System32\DriverStore\FileRepository\igdlh64.inf_amd64_420c659363620fe7\igc64.dll
0x00007ffc301e0000 - 0x00007ffc301f4000 	C:\Program Files\Java\javafx-sdk-11.0.2\bin\javafx_font.dll
0x00007ffc31b40000 - 0x00007ffc31e3e000 	C:\WINDOWS\SYSTEM32\dwrite.dll
0x00007ffc4cfc0000 - 0x00007ffc4d062000 	C:\WINDOWS\System32\clbcatq.dll
0x00007ffc467a0000 - 0x00007ffc4694f000 	C:\WINDOWS\SYSTEM32\WindowsCodecs.dll
0x00007ffc3f7d0000 - 0x00007ffc3f80a000 	C:\WINDOWS\system32\dataexchange.dll
0x00007ffc480b0000 - 0x00007ffc4830b000 	C:\WINDOWS\system32\d3d11.dll
0x00007ffc48310000 - 0x00007ffc484ec000 	C:\WINDOWS\system32\dcomp.dll
0x00007ffc49520000 - 0x00007ffc4960b000 	C:\WINDOWS\system32\dxgi.dll
0x00007ffc48c40000 - 0x00007ffc48e9a000 	C:\WINDOWS\system32\twinapi.appcore.dll
0x00007ffc490a0000 - 0x00007ffc490c9000 	C:\WINDOWS\system32\RMCLIENT.dll
0x00007ffc2d530000 - 0x00007ffc2d563000 	C:\Program Files\Common Files\Microsoft Shared\Ink\rtscom.dll
0x00007ffc3c560000 - 0x00007ffc3c5fe000 	C:\WINDOWS\System32\TextInputFramework.dll
0x00007ffc484f0000 - 0x00007ffc485c4000 	C:\WINDOWS\System32\CoreMessaging.dll
0x00007ffc44a10000 - 0x00007ffc44d3a000 	C:\WINDOWS\System32\CoreUIComponents.dll
0x00007ffc49880000 - 0x00007ffc498b1000 	C:\WINDOWS\SYSTEM32\ntmarta.dll
0x00007ffc47070000 - 0x00007ffc471c3000 	C:\WINDOWS\SYSTEM32\wintypes.dll
0x00007ffc41630000 - 0x00007ffc418d6000 	C:\WINDOWS\System32\iertutil.dll

dbghelp: loaded successfully - version: 4.0.5 - missing functions: none
symbol engine: initialized successfully - sym options: 0x614 - pdb path: .;C:\Program Files\Java\jdk-13.0.1\bin;C:\WINDOWS\SYSTEM32;C:\WINDOWS\WinSxS\amd64_microsoft.windows.common-controls_6595b64144ccf1df_6.0.18362.778_none_e6c6b761130d4fb8;C:\Program Files\Java\jdk-13.0.1\bin\server;C:\Program Files\Java\javafx-sdk-11.0.2\bin;C:\WINDOWS\System32\DriverStore\FileRepository\igdlh64.inf_amd64_420c659363620fe7;C:\Program Files\Common Files\Microsoft Shared\Ink

VM Arguments:
jvm_args: -Dfile.encoding=UTF-8 --add-modules=javafx.controls --module-path=C:\Program Files\Java\javafx-sdk-11.0.2\lib\javafx-swt.jar;C:\Program Files\Java\javafx-sdk-11.0.2\lib\javafx.base.jar;C:\Program Files\Java\javafx-sdk-11.0.2\lib\javafx.controls.jar;C:\Program Files\Java\javafx-sdk-11.0.2\lib\javafx.fxml.jar;C:\Program Files\Java\javafx-sdk-11.0.2\lib\javafx.graphics.jar;C:\Program Files\Java\javafx-sdk-11.0.2\lib\javafx.media.jar;C:\Program Files\Java\javafx-sdk-11.0.2\lib\javafx.swing.jar;C:\Program Files\Java\javafx-sdk-11.0.2\lib\javafx.web.jar 
java_command: creditcardfx.LoginScene
java_class_path (initial): C:\Program Files\Java\javafx-sdk-11.0.2\lib\javafx.base.jar;C:\Program Files\Java\javafx-sdk-11.0.2\lib\javafx.controls.jar;C:\Program Files\Java\javafx-sdk-11.0.2\lib\javafx.fxml.jar;C:\Program Files\Java\javafx-sdk-11.0.2\lib\javafx.graphics.jar;C:\Program Files\Java\javafx-sdk-11.0.2\lib\javafx.media.jar;C:\Program Files\Java\javafx-sdk-11.0.2\lib\javafx.swing.jar;C:\Program Files\Java\javafx-sdk-11.0.2\lib\javafx.web.jar;C:\Program Files\Java\javafx-sdk-11.0.2\lib\javafx-swt.jar;D:\Download\LINE\credit\creditcardfx\build\classes
Launcher Type: SUN_STANDARD

[Global flags]
     intx CICompilerCount                          = 3                                         {product} {ergonomic}
     uint ConcGCThreads                            = 1                                         {product} {ergonomic}
     uint G1ConcRefinementThreads                  = 4                                         {product} {ergonomic}
   size_t G1HeapRegionSize                         = 1048576                                   {product} {ergonomic}
    uintx GCDrainStackTargetSize                   = 64                                        {product} {ergonomic}
   size_t InitialHeapSize                          = 134217728                                 {product} {ergonomic}
   size_t MarkStackSize                            = 4194304                                   {product} {ergonomic}
   size_t MaxHeapSize                              = 2118123520                                {product} {ergonomic}
   size_t MaxNewSize                               = 1270874112                                {product} {ergonomic}
   size_t MinHeapDeltaBytes                        = 1048576                                   {product} {ergonomic}
   size_t MinHeapSize                              = 8388608                                   {product} {ergonomic}
    uintx NonNMethodCodeHeapSize                   = 5830732                                {pd product} {ergonomic}
    uintx NonProfiledCodeHeapSize                  = 122913754                              {pd product} {ergonomic}
    uintx ProfiledCodeHeapSize                     = 122913754                              {pd product} {ergonomic}
    uintx ReservedCodeCacheSize                    = 251658240                              {pd product} {ergonomic}
     bool SegmentedCodeCache                       = true                                      {product} {ergonomic}
   size_t SoftMaxHeapSize                          = 2118123520                             {manageable} {ergonomic}
     bool UseCompressedClassPointers               = true                                 {lp64_product} {ergonomic}
     bool UseCompressedOops                        = true                                 {lp64_product} {ergonomic}
     bool UseG1GC                                  = true                                      {product} {ergonomic}
     bool UseLargePagesIndividualAllocation        = false                                  {pd product} {ergonomic}

Logging:
Log output configuration:
 #0: stdout all=warning uptime,level,tags
 #1: stderr all=off uptime,level,tags

Environment Variables:
PATH=C:\Program Files (x86)\Common Files\Oracle\Java\javapath;C:\ProgramData\Oracle\Java\javapath;C:\Program Files (x86)\Intel\iCLS Client\;C:\Program Files\Intel\iCLS Client\;C:\Windows\system32;C:\Windows;C:\Windows\System32\Wbem;C:\Windows\System32\WindowsPowerShell\v1.0\;C:\Program Files (x86)\Intel\Intel(R) Management Engine Components\DAL;C:\Program Files\Intel\Intel(R) Management Engine Components\DAL;C:\Program Files (x86)\Intel\Intel(R) Management Engine Components\IPT;C:\Program Files\Intel\Intel(R) Management Engine Components\IPT;C:\Program Files (x86)\NVIDIA Corporation\PhysX\Common;C:\WINDOWS\system32;C:\WINDOWS;C:\WINDOWS\System32\Wbem;C:\WINDOWS\System32\WindowsPowerShell\v1.0\;C:\WINDOWS\System32\OpenSSH\;C:\Program Files (x86)\QuickTime\QTSystem\;C:\Program Files\dotnet\;C:\Program Files\Microsoft SQL Server\130\Tools\Binn\;C:\Program Files\Microsoft SQL Server\Client SDK\ODBC\170\Tools\Binn\;C:\Program Files (x86)\GtkSharp\2.12\bin;C:\Users\Admin\AppData\Local\Programs\Python\Python38-32\Scripts\;C:\Users\Admin\AppData\Local\Programs\Python\Python38-32\;C:\Users\Admin\AppData\Local\Microsoft\WindowsApps;C:\Users\Admin\AppData\Local\GitHubDesktop\bin
USERNAME=Admin
OS=Windows_NT
PROCESSOR_IDENTIFIER=Intel64 Family 6 Model 158 Stepping 9, GenuineIntel



---------------  S Y S T E M  ---------------

OS: Windows 10 , 64 bit Build 18362 (10.0.18362.778)

CPU:total 4 (initial active 4) (4 cores per cpu, 1 threads per core) family 6 model 158 stepping 9, cmov, cx8, fxsr, mmx, sse, sse2, sse3, ssse3, sse4.1, sse4.2, popcnt, avx, avx2, aes, clmul, erms, 3dnowpref, lzcnt, tsc, tscinvbit, bmi1, bmi2, adx, fma

Memory: 4k page, system-wide physical 8075M (1423M free)
TotalPageFile size 12763M (AvailPageFile size 11M)
current process WorkingSet (physical memory assigned to process): 428M, peak: 428M
current process commit charge ("private bytes"): 587M, peak: 639M

vm_info: Java HotSpot(TM) 64-Bit Server VM (13.0.1+9) for windows-amd64 JRE (13.0.1+9), built on Oct  6 2019 12:37:49 by "mach5one" with unknown MS VC++:1916

END.
